The system is: Darwin - 18.5.0 - x86_64
Compiling the CXX compiler identification source file "CMakeCXXCompilerId.cpp" succeeded.
Compiler:  
Build flags: 
Id flags:  

The output was:
0
note: Using new build system
note: Planning build
note: Constructing build description
Build system information
warning: Traditional headermap style is no longer supported; please migrate to using separate headermaps and set 'ALWAYS_SEARCH_USER_PATHS' to NO. (in target 'CompilerIdCXX')

CreateBuildDirectory /Users/viraltaco/code/Exercism/cpp/luhn/build/CMakeFiles/3.14.1/CompilerIdCXX (in target: CompilerIdCXX)
    cd /Users/viraltaco/code/Exercism/cpp/luhn/build/CMakeFiles/3.14.1/CompilerIdCXX
    builtin-create-build-directory /Users/viraltaco/code/Exercism/cpp/luhn/build/CMakeFiles/3.14.1/CompilerIdCXX

WriteAuxiliaryFile /Users/viraltaco/code/Exercism/cpp/luhn/build/CMakeFiles/3.14.1/CompilerIdCXX/CompilerIdCXX.build/Debug/CompilerIdCXX.build/all-product-headers.yaml (in target: CompilerIdCXX)
    cd /Users/viraltaco/code/Exercism/cpp/luhn/build/CMakeFiles/3.14.1/CompilerIdCXX
    write-file /Users/viraltaco/code/Exercism/cpp/luhn/build/CMakeFiles/3.14.1/CompilerIdCXX/CompilerIdCXX.build/Debug/CompilerIdCXX.build/all-product-headers.yaml

WriteAuxiliaryFile /Users/viraltaco/code/Exercism/cpp/luhn/build/CMakeFiles/3.14.1/CompilerIdCXX/CompilerIdCXX.build/Debug/CompilerIdCXX.build/CompilerIdCXX-project-headers.hmap (in target: CompilerIdCXX)
    cd /Users/viraltaco/code/Exercism/cpp/luhn/build/CMakeFiles/3.14.1/CompilerIdCXX
    write-file /Users/viraltaco/code/Exercism/cpp/luhn/build/CMakeFiles/3.14.1/CompilerIdCXX/CompilerIdCXX.build/Debug/CompilerIdCXX.build/CompilerIdCXX-project-headers.hmap

WriteAuxiliaryFile /Users/viraltaco/code/Exercism/cpp/luhn/build/CMakeFiles/3.14.1/CompilerIdCXX/CompilerIdCXX.build/Debug/CompilerIdCXX.build/CompilerIdCXX.hmap (in target: CompilerIdCXX)
    cd /Users/viraltaco/code/Exercism/cpp/luhn/build/CMakeFiles/3.14.1/CompilerIdCXX
    write-file /Users/viraltaco/code/Exercism/cpp/luhn/build/CMakeFiles/3.14.1/CompilerIdCXX/CompilerIdCXX.build/Debug/CompilerIdCXX.build/CompilerIdCXX.hmap

WriteAuxiliaryFile /Users/viraltaco/code/Exercism/cpp/luhn/build/CMakeFiles/3.14.1/CompilerIdCXX/CompilerIdCXX.build/Debug/CompilerIdCXX.build/CompilerIdCXX-own-target-headers.hmap (in target: CompilerIdCXX)
    cd /Users/viraltaco/code/Exercism/cpp/luhn/build/CMakeFiles/3.14.1/CompilerIdCXX
    write-file /Users/viraltaco/code/Exercism/cpp/luhn/build/CMakeFiles/3.14.1/CompilerIdCXX/CompilerIdCXX.build/Debug/CompilerIdCXX.build/CompilerIdCXX-own-target-headers.hmap

WriteAuxiliaryFile /Users/viraltaco/code/Exercism/cpp/luhn/build/CMakeFiles/3.14.1/CompilerIdCXX/CompilerIdCXX.build/Debug/CompilerIdCXX.build/CompilerIdCXX-generated-files.hmap (in target: CompilerIdCXX)
    cd /Users/viraltaco/code/Exercism/cpp/luhn/build/CMakeFiles/3.14.1/CompilerIdCXX
    write-file /Users/viraltaco/code/Exercism/cpp/luhn/build/CMakeFiles/3.14.1/CompilerIdCXX/CompilerIdCXX.build/Debug/CompilerIdCXX.build/CompilerIdCXX-generated-files.hmap

WriteAuxiliaryFile /Users/viraltaco/code/Exercism/cpp/luhn/build/CMakeFiles/3.14.1/CompilerIdCXX/CompilerIdCXX.build/Debug/CompilerIdCXX.build/CompilerIdCXX-all-target-headers.hmap (in target: CompilerIdCXX)
    cd /Users/viraltaco/code/Exercism/cpp/luhn/build/CMakeFiles/3.14.1/CompilerIdCXX
    write-file /Users/viraltaco/code/Exercism/cpp/luhn/build/CMakeFiles/3.14.1/CompilerIdCXX/CompilerIdCXX.build/Debug/CompilerIdCXX.build/CompilerIdCXX-all-target-headers.hmap

WriteAuxiliaryFile /Users/viraltaco/code/Exercism/cpp/luhn/build/CMakeFiles/3.14.1/CompilerIdCXX/CompilerIdCXX.build/Debug/CompilerIdCXX.build/CompilerIdCXX-all-non-framework-target-headers.hmap (in target: CompilerIdCXX)
    cd /Users/viraltaco/code/Exercism/cpp/luhn/build/CMakeFiles/3.14.1/CompilerIdCXX
    write-file /Users/viraltaco/code/Exercism/cpp/luhn/build/CMakeFiles/3.14.1/CompilerIdCXX/CompilerIdCXX.build/Debug/CompilerIdCXX.build/CompilerIdCXX-all-non-framework-target-headers.hmap

WriteAuxiliaryFile /Users/viraltaco/code/Exercism/cpp/luhn/build/CMakeFiles/3.14.1/CompilerIdCXX/CompilerIdCXX.build/Debug/CompilerIdCXX.build/Objects-normal/x86_64/CompilerIdCXX.LinkFileList (in target: CompilerIdCXX)
    cd /Users/viraltaco/code/Exercism/cpp/luhn/build/CMakeFiles/3.14.1/CompilerIdCXX
    write-file /Users/viraltaco/code/Exercism/cpp/luhn/build/CMakeFiles/3.14.1/CompilerIdCXX/CompilerIdCXX.build/Debug/CompilerIdCXX.build/Objects-normal/x86_64/CompilerIdCXX.LinkFileList

CompileC /Users/viraltaco/code/Exercism/cpp/luhn/build/CMakeFiles/3.14.1/CompilerIdCXX/CompilerIdCXX.build/Debug/CompilerIdCXX.build/Objects-normal/x86_64/CMakeCXXCompilerId.o /Users/viraltaco/code/Exercism/cpp/luhn/build/CMakeFiles/3.14.1/CompilerIdCXX/CMakeCXXCompilerId.cpp normal x86_64 c++ com.apple.compilers.llvm.clang.1_0.compiler (in target: CompilerIdCXX)
    cd /Users/viraltaco/code/Exercism/cpp/luhn/build/CMakeFiles/3.14.1/CompilerIdCXX
    export LANG=en_US.US-ASCII
    /Applications/Xcode.app/Contents/Developer/Toolchains/XcodeDefault.xctoolchain/usr/bin/clang -x c++ -arch x86_64 -fmessage-length=0 -fdiagnostics-show-note-include-stack -fmacro-backtrace-limit=0 -Wno-trigraphs -fpascal-strings -Os -Wno-missing-field-initializers -Wno-missing-prototypes -Wno-return-type -Wno-non-virtual-dtor -Wno-overloaded-virtual -Wno-exit-time-destructors -Wno-missing-braces -Wparentheses -Wswitch -Wno-unused-function -Wno-unused-label -Wno-unused-parameter -Wno-unused-variable -Wunused-value -Wno-empty-body -Wno-uninitialized -Wno-unknown-pragmas -Wno-shadow -Wno-four-char-constants -Wno-conversion -Wno-constant-conversion -Wno-int-conversion -Wno-bool-conversion -Wno-enum-conversion -Wno-float-conversion -Wno-non-literal-null-conversion -Wno-objc-literal-conversion -Wno-shorten-64-to-32 -Wno-newline-eof -Wno-c++11-extensions -isysroot /Applications/Xcode.app/Contents/Developer/Platforms/MacOSX.platform/Developer/SDKs/MacOSX10.14.sdk -fasm-blocks -fstrict-aliasing -Wdeprecated-declarations -Winvalid-offsetof -mmacosx-version-min=10.14 -g -fvisibility=hidden -fvisibility-inlines-hidden -Wno-sign-conversion -Wno-infinite-recursion -Wno-move -Wno-comma -Wno-block-capture-autoreleasing -Wno-strict-prototypes -Wno-range-loop-analysis -Wno-semicolon-before-method-body -iquote /Users/viraltaco/code/Exercism/cpp/luhn/build/CMakeFiles/3.14.1/CompilerIdCXX/CompilerIdCXX.build/Debug/CompilerIdCXX.build/CompilerIdCXX-generated-files.hmap -I/Users/viraltaco/code/Exercism/cpp/luhn/build/CMakeFiles/3.14.1/CompilerIdCXX/CompilerIdCXX.build/Debug/CompilerIdCXX.build/CompilerIdCXX-own-target-headers.hmap -I/Users/viraltaco/code/Exercism/cpp/luhn/build/CMakeFiles/3.14.1/CompilerIdCXX/CompilerIdCXX.build/Debug/CompilerIdCXX.build/CompilerIdCXX-all-target-headers.hmap -iquote /Users/viraltaco/code/Exercism/cpp/luhn/build/CMakeFiles/3.14.1/CompilerIdCXX/CompilerIdCXX.build/Debug/CompilerIdCXX.build/CompilerIdCXX-project-headers.hmap -I/Users/viraltaco/code/Exercism/cpp/luhn/build/CMakeFiles/3.14.1/CompilerIdCXX/include -I/Users/viraltaco/code/Exercism/cpp/luhn/build/CMakeFiles/3.14.1/CompilerIdCXX/CompilerIdCXX.build/Debug/CompilerIdCXX.build/DerivedSources-normal/x86_64 -I/Users/viraltaco/code/Exercism/cpp/luhn/build/CMakeFiles/3.14.1/CompilerIdCXX/CompilerIdCXX.build/Debug/CompilerIdCXX.build/DerivedSources/x86_64 -I/Users/viraltaco/code/Exercism/cpp/luhn/build/CMakeFiles/3.14.1/CompilerIdCXX/CompilerIdCXX.build/Debug/CompilerIdCXX.build/DerivedSources -F/Users/viraltaco/code/Exercism/cpp/luhn/build/CMakeFiles/3.14.1/CompilerIdCXX -MMD -MT dependencies -MF /Users/viraltaco/code/Exercism/cpp/luhn/build/CMakeFiles/3.14.1/CompilerIdCXX/CompilerIdCXX.build/Debug/CompilerIdCXX.build/Objects-normal/x86_64/CMakeCXXCompilerId.d --serialize-diagnostics /Users/viraltaco/code/Exercism/cpp/luhn/build/CMakeFiles/3.14.1/CompilerIdCXX/CompilerIdCXX.build/Debug/CompilerIdCXX.build/Objects-normal/x86_64/CMakeCXXCompilerId.dia -c /Users/viraltaco/code/Exercism/cpp/luhn/build/CMakeFiles/3.14.1/CompilerIdCXX/CMakeCXXCompilerId.cpp -o /Users/viraltaco/code/Exercism/cpp/luhn/build/CMakeFiles/3.14.1/CompilerIdCXX/CompilerIdCXX.build/Debug/CompilerIdCXX.build/Objects-normal/x86_64/CMakeCXXCompilerId.o

Ld /Users/viraltaco/code/Exercism/cpp/luhn/build/CMakeFiles/3.14.1/CompilerIdCXX/CompilerIdCXX normal x86_64 (in target: CompilerIdCXX)
    cd /Users/viraltaco/code/Exercism/cpp/luhn/build/CMakeFiles/3.14.1/CompilerIdCXX
    export MACOSX_DEPLOYMENT_TARGET=10.14
    /Applications/Xcode.app/Contents/Developer/Toolchains/XcodeDefault.xctoolchain/usr/bin/clang++ -arch x86_64 -isysroot /Applications/Xcode.app/Contents/Developer/Platforms/MacOSX.platform/Developer/SDKs/MacOSX10.14.sdk -L/Users/viraltaco/code/Exercism/cpp/luhn/build/CMakeFiles/3.14.1/CompilerIdCXX -F/Users/viraltaco/code/Exercism/cpp/luhn/build/CMakeFiles/3.14.1/CompilerIdCXX -filelist /Users/viraltaco/code/Exercism/cpp/luhn/build/CMakeFiles/3.14.1/CompilerIdCXX/CompilerIdCXX.build/Debug/CompilerIdCXX.build/Objects-normal/x86_64/CompilerIdCXX.LinkFileList -mmacosx-version-min=10.14 -Xlinker -object_path_lto -Xlinker /Users/viraltaco/code/Exercism/cpp/luhn/build/CMakeFiles/3.14.1/CompilerIdCXX/CompilerIdCXX.build/Debug/CompilerIdCXX.build/Objects-normal/x86_64/CompilerIdCXX_lto.o -Xlinker -dependency_info -Xlinker /Users/viraltaco/code/Exercism/cpp/luhn/build/CMakeFiles/3.14.1/CompilerIdCXX/CompilerIdCXX.build/Debug/CompilerIdCXX.build/Objects-normal/x86_64/CompilerIdCXX_dependency_info.dat -o /Users/viraltaco/code/Exercism/cpp/luhn/build/CMakeFiles/3.14.1/CompilerIdCXX/CompilerIdCXX

WriteAuxiliaryFile /Users/viraltaco/code/Exercism/cpp/luhn/build/CMakeFiles/3.14.1/CompilerIdCXX/CompilerIdCXX.build/Debug/CompilerIdCXX.build/Script-2C8FEB8E15DC1A1A00E56A5D.sh (in target: CompilerIdCXX)
    cd /Users/viraltaco/code/Exercism/cpp/luhn/build/CMakeFiles/3.14.1/CompilerIdCXX
    write-file /Users/viraltaco/code/Exercism/cpp/luhn/build/CMakeFiles/3.14.1/CompilerIdCXX/CompilerIdCXX.build/Debug/CompilerIdCXX.build/Script-2C8FEB8E15DC1A1A00E56A5D.sh

PhaseScriptExecution Run\ Script /Users/viraltaco/code/Exercism/cpp/luhn/build/CMakeFiles/3.14.1/CompilerIdCXX/CompilerIdCXX.build/Debug/CompilerIdCXX.build/Script-2C8FEB8E15DC1A1A00E56A5D.sh (in target: CompilerIdCXX)
    cd /Users/viraltaco/code/Exercism/cpp/luhn/build/CMakeFiles/3.14.1/CompilerIdCXX
    /bin/sh -c /Users/viraltaco/code/Exercism/cpp/luhn/build/CMakeFiles/3.14.1/CompilerIdCXX/CompilerIdCXX.build/Debug/CompilerIdCXX.build/Script-2C8FEB8E15DC1A1A00E56A5D.sh
GCC_VERSION=com.apple.compilers.llvm.clang.1_0
ARCHS=x86_64

** BUILD SUCCEEDED **



Compilation of the CXX compiler identification source "CMakeCXXCompilerId.cpp" produced "CompilerIdCXX"

The CXX compiler identification is AppleClang, found in "/Users/viraltaco/code/Exercism/cpp/luhn/build/CMakeFiles/3.14.1/CompilerIdCXX/CompilerIdCXX"

Determining if the CXX compiler works passed with the following output:
Change Dir: /Users/viraltaco/code/Exercism/cpp/luhn/build/CMakeFiles/CMakeTmp

Run Build Command(s):/usr/bin/xcodebuild -project CMAKE_TRY_COMPILE.xcodeproj build -target cmTC_e14d4 -configuration Debug -hideShellScriptEnvironment 
User defaults from command line:
    HideShellScriptEnvironment = YES

Prepare build
note: Using legacy build system

=== BUILD TARGET cmTC_e14d4 OF PROJECT CMAKE_TRY_COMPILE WITH CONFIGURATION Debug ===

Check dependencies

Write auxiliary files
/bin/mkdir -p /Users/viraltaco/code/Exercism/cpp/luhn/build/CMakeFiles/CMakeTmp/CMAKE_TRY_COMPILE.build/Debug/cmTC_e14d4.build/Objects-normal/x86_64
write-file /Users/viraltaco/code/Exercism/cpp/luhn/build/CMakeFiles/CMakeTmp/CMAKE_TRY_COMPILE.build/Debug/cmTC_e14d4.build/Objects-normal/x86_64/cmTC_e14d4.LinkFileList

CompileC CMAKE_TRY_COMPILE.build/Debug/cmTC_e14d4.build/Objects-normal/x86_64/testCXXCompiler.o testCXXCompiler.cxx normal x86_64 c++ com.apple.compilers.llvm.clang.1_0.compiler
    cd /Users/viraltaco/code/Exercism/cpp/luhn/build/CMakeFiles/CMakeTmp
    /Applications/Xcode.app/Contents/Developer/Toolchains/XcodeDefault.xctoolchain/usr/bin/clang -x c++ -arch x86_64 -fmessage-length=0 -fdiagnostics-show-note-include-stack -fmacro-backtrace-limit=0 -Wno-trigraphs -fpascal-strings -O0 -Wno-missing-field-initializers -Wno-missing-prototypes -Wno-return-type -Wno-non-virtual-dtor -Wno-overloaded-virtual -Wno-exit-time-destructors -Wno-missing-braces -Wparentheses -Wswitch -Wno-unused-function -Wno-unused-label -Wno-unused-parameter -Wno-unused-variable -Wunused-value -Wno-empty-body -Wno-uninitialized -Wno-unknown-pragmas -Wno-shadow -Wno-four-char-constants -Wno-conversion -Wno-constant-conversion -Wno-int-conversion -Wno-bool-conversion -Wno-enum-conversion -Wno-float-conversion -Wno-non-literal-null-conversion -Wno-objc-literal-conversion -Wno-shorten-64-to-32 -Wno-newline-eof -Wno-c++11-extensions -DCMAKE_INTDIR=\"Debug\" -isysroot /Applications/Xcode.app/Contents/Developer/Platforms/MacOSX.platform/Developer/SDKs/MacOSX10.14.sdk -fasm-blocks -fstrict-aliasing -Wdeprecated-declarations -Winvalid-offsetof -mmacosx-version-min=10.14 -g -Wno-sign-conversion -Wno-infinite-recursion -Wno-move -Wno-comma -Wno-block-capture-autoreleasing -Wno-strict-prototypes -Wno-range-loop-analysis -Wno-semicolon-before-method-body -I/Users/viraltaco/code/Exercism/cpp/luhn/build/CMakeFiles/CMakeTmp/Debug/include -I/Users/viraltaco/code/Exercism/cpp/luhn/build/CMakeFiles/CMakeTmp/CMAKE_TRY_COMPILE.build/Debug/cmTC_e14d4.build/DerivedSources-normal/x86_64 -I/Users/viraltaco/code/Exercism/cpp/luhn/build/CMakeFiles/CMakeTmp/CMAKE_TRY_COMPILE.build/Debug/cmTC_e14d4.build/DerivedSources/x86_64 -I/Users/viraltaco/code/Exercism/cpp/luhn/build/CMakeFiles/CMakeTmp/CMAKE_TRY_COMPILE.build/Debug/cmTC_e14d4.build/DerivedSources -Wmost -Wno-four-char-constants -Wno-unknown-pragmas -F/Users/viraltaco/code/Exercism/cpp/luhn/build/CMakeFiles/CMakeTmp/Debug -MMD -MT dependencies -MF /Users/viraltaco/code/Exercism/cpp/luhn/build/CMakeFiles/CMakeTmp/CMAKE_TRY_COMPILE.build/Debug/cmTC_e14d4.build/Objects-normal/x86_64/testCXXCompiler.d --serialize-diagnostics /Users/viraltaco/code/Exercism/cpp/luhn/build/CMakeFiles/CMakeTmp/CMAKE_TRY_COMPILE.build/Debug/cmTC_e14d4.build/Objects-normal/x86_64/testCXXCompiler.dia -c /Users/viraltaco/code/Exercism/cpp/luhn/build/CMakeFiles/CMakeTmp/testCXXCompiler.cxx -o /Users/viraltaco/code/Exercism/cpp/luhn/build/CMakeFiles/CMakeTmp/CMAKE_TRY_COMPILE.build/Debug/cmTC_e14d4.build/Objects-normal/x86_64/testCXXCompiler.o

Ld Debug/cmTC_e14d4 normal x86_64
    cd /Users/viraltaco/code/Exercism/cpp/luhn/build/CMakeFiles/CMakeTmp
    /Applications/Xcode.app/Contents/Developer/Toolchains/XcodeDefault.xctoolchain/usr/bin/clang++ -arch x86_64 -isysroot /Applications/Xcode.app/Contents/Developer/Platforms/MacOSX.platform/Developer/SDKs/MacOSX10.14.sdk -L/Users/viraltaco/code/Exercism/cpp/luhn/build/CMakeFiles/CMakeTmp/Debug -F/Users/viraltaco/code/Exercism/cpp/luhn/build/CMakeFiles/CMakeTmp/Debug -filelist /Users/viraltaco/code/Exercism/cpp/luhn/build/CMakeFiles/CMakeTmp/CMAKE_TRY_COMPILE.build/Debug/cmTC_e14d4.build/Objects-normal/x86_64/cmTC_e14d4.LinkFileList -mmacosx-version-min=10.14 -Xlinker -object_path_lto -Xlinker /Users/viraltaco/code/Exercism/cpp/luhn/build/CMakeFiles/CMakeTmp/CMAKE_TRY_COMPILE.build/Debug/cmTC_e14d4.build/Objects-normal/x86_64/cmTC_e14d4_lto.o -Xlinker -no_deduplicate -L/usr/local/opt/ncurses/lib -Wl,-search_paths_first -Wl,-headerpad_max_install_names -Xlinker -dependency_info -Xlinker /Users/viraltaco/code/Exercism/cpp/luhn/build/CMakeFiles/CMakeTmp/CMAKE_TRY_COMPILE.build/Debug/cmTC_e14d4.build/Objects-normal/x86_64/cmTC_e14d4_dependency_info.dat -o /Users/viraltaco/code/Exercism/cpp/luhn/build/CMakeFiles/CMakeTmp/Debug/cmTC_e14d4

** BUILD SUCCEEDED **



Detecting CXX compiler ABI info compiled with the following output:
Change Dir: /Users/viraltaco/code/Exercism/cpp/luhn/build/CMakeFiles/CMakeTmp

Run Build Command(s):/usr/bin/xcodebuild -project CMAKE_TRY_COMPILE.xcodeproj build -target cmTC_3cc27 -configuration Debug -hideShellScriptEnvironment 
User defaults from command line:
    HideShellScriptEnvironment = YES

Prepare build
note: Using legacy build system

=== BUILD TARGET cmTC_3cc27 OF PROJECT CMAKE_TRY_COMPILE WITH CONFIGURATION Debug ===

Check dependencies

Write auxiliary files
/bin/mkdir -p /Users/viraltaco/code/Exercism/cpp/luhn/build/CMakeFiles/CMakeTmp/CMAKE_TRY_COMPILE.build/Debug/cmTC_3cc27.build/Objects-normal/x86_64
write-file /Users/viraltaco/code/Exercism/cpp/luhn/build/CMakeFiles/CMakeTmp/CMAKE_TRY_COMPILE.build/Debug/cmTC_3cc27.build/Objects-normal/x86_64/cmTC_3cc27.LinkFileList

CompileC CMAKE_TRY_COMPILE.build/Debug/cmTC_3cc27.build/Objects-normal/x86_64/CMakeCXXCompilerABI.o /usr/local/Cellar/cmake/3.14.1/share/cmake/Modules/CMakeCXXCompilerABI.cpp normal x86_64 c++ com.apple.compilers.llvm.clang.1_0.compiler
    cd /Users/viraltaco/code/Exercism/cpp/luhn/build/CMakeFiles/CMakeTmp
    /Applications/Xcode.app/Contents/Developer/Toolchains/XcodeDefault.xctoolchain/usr/bin/clang -x c++ -arch x86_64 -fmessage-length=0 -fdiagnostics-show-note-include-stack -fmacro-backtrace-limit=0 -Wno-trigraphs -fpascal-strings -O0 -Wno-missing-field-initializers -Wno-missing-prototypes -Wno-return-type -Wno-non-virtual-dtor -Wno-overloaded-virtual -Wno-exit-time-destructors -Wno-missing-braces -Wparentheses -Wswitch -Wno-unused-function -Wno-unused-label -Wno-unused-parameter -Wno-unused-variable -Wunused-value -Wno-empty-body -Wno-uninitialized -Wno-unknown-pragmas -Wno-shadow -Wno-four-char-constants -Wno-conversion -Wno-constant-conversion -Wno-int-conversion -Wno-bool-conversion -Wno-enum-conversion -Wno-float-conversion -Wno-non-literal-null-conversion -Wno-objc-literal-conversion -Wno-shorten-64-to-32 -Wno-newline-eof -Wno-c++11-extensions -DCMAKE_INTDIR=\"Debug\" -isysroot /Applications/Xcode.app/Contents/Developer/Platforms/MacOSX.platform/Developer/SDKs/MacOSX10.14.sdk -fasm-blocks -fstrict-aliasing -Wdeprecated-declarations -Winvalid-offsetof -mmacosx-version-min=10.14 -g -Wno-sign-conversion -Wno-infinite-recursion -Wno-move -Wno-comma -Wno-block-capture-autoreleasing -Wno-strict-prototypes -Wno-range-loop-analysis -Wno-semicolon-before-method-body -I/Users/viraltaco/code/Exercism/cpp/luhn/build/CMakeFiles/CMakeTmp/Debug/include -I/Users/viraltaco/code/Exercism/cpp/luhn/build/CMakeFiles/CMakeTmp/CMAKE_TRY_COMPILE.build/Debug/cmTC_3cc27.build/DerivedSources-normal/x86_64 -I/Users/viraltaco/code/Exercism/cpp/luhn/build/CMakeFiles/CMakeTmp/CMAKE_TRY_COMPILE.build/Debug/cmTC_3cc27.build/DerivedSources/x86_64 -I/Users/viraltaco/code/Exercism/cpp/luhn/build/CMakeFiles/CMakeTmp/CMAKE_TRY_COMPILE.build/Debug/cmTC_3cc27.build/DerivedSources -Wmost -Wno-four-char-constants -Wno-unknown-pragmas -F/Users/viraltaco/code/Exercism/cpp/luhn/build/CMakeFiles/CMakeTmp/Debug -v -Wl,-v -MMD -MT dependencies -MF /Users/viraltaco/code/Exercism/cpp/luhn/build/CMakeFiles/CMakeTmp/CMAKE_TRY_COMPILE.build/Debug/cmTC_3cc27.build/Objects-normal/x86_64/CMakeCXXCompilerABI.d --serialize-diagnostics /Users/viraltaco/code/Exercism/cpp/luhn/build/CMakeFiles/CMakeTmp/CMAKE_TRY_COMPILE.build/Debug/cmTC_3cc27.build/Objects-normal/x86_64/CMakeCXXCompilerABI.dia -c /usr/local/Cellar/cmake/3.14.1/share/cmake/Modules/CMakeCXXCompilerABI.cpp -o /Users/viraltaco/code/Exercism/cpp/luhn/build/CMakeFiles/CMakeTmp/CMAKE_TRY_COMPILE.build/Debug/cmTC_3cc27.build/Objects-normal/x86_64/CMakeCXXCompilerABI.o
Apple LLVM version 10.0.1 (clang-1001.0.46.4)
Target: x86_64-apple-darwin18.5.0
Thread model: posix
InstalledDir: /Applications/Xcode.app/Contents/Developer/Toolchains/XcodeDefault.xctoolchain/usr/bin
clang: warning: -Wl,-v: 'linker' input unused [-Wunused-command-line-argument]
 "/Applications/Xcode.app/Contents/Developer/Toolchains/XcodeDefault.xctoolchain/usr/bin/clang" -cc1 -triple x86_64-apple-macosx10.14.0 -Wdeprecated-objc-isa-usage -Werror=deprecated-objc-isa-usage -emit-obj -mrelax-all -disable-free -disable-llvm-verifier -discard-value-names -main-file-name CMakeCXXCompilerABI.cpp -mrelocation-model pic -pic-level 2 -mthread-model posix -mdisable-fp-elim -fno-strict-return -masm-verbose -munwind-tables -target-sdk-version=10.14 -target-cpu penryn -dwarf-column-info -debug-info-kind=standalone -dwarf-version=4 -debugger-tuning=lldb -target-linker-version 450.3 -v -coverage-notes-file /Users/viraltaco/code/Exercism/cpp/luhn/build/CMakeFiles/CMakeTmp/CMAKE_TRY_COMPILE.build/Debug/cmTC_3cc27.build/Objects-normal/x86_64/CMakeCXXCompilerABI.gcno -resource-dir /Applications/Xcode.app/Contents/Developer/Toolchains/XcodeDefault.xctoolchain/usr/lib/clang/10.0.1 -dependency-file /Users/viraltaco/code/Exercism/cpp/luhn/build/CMakeFiles/CMakeTmp/CMAKE_TRY_COMPILE.build/Debug/cmTC_3cc27.build/Objects-normal/x86_64/CMakeCXXCompilerABI.d -skip-unused-modulemap-deps -MT dependencies -isysroot /Applications/Xcode.app/Contents/Developer/Platforms/MacOSX.platform/Developer/SDKs/MacOSX10.14.sdk -D "CMAKE_INTDIR=\"Debug\"" -I /Users/viraltaco/code/Exercism/cpp/luhn/build/CMakeFiles/CMakeTmp/Debug/include -I /Users/viraltaco/code/Exercism/cpp/luhn/build/CMakeFiles/CMakeTmp/CMAKE_TRY_COMPILE.build/Debug/cmTC_3cc27.build/DerivedSources-normal/x86_64 -I /Users/viraltaco/code/Exercism/cpp/luhn/build/CMakeFiles/CMakeTmp/CMAKE_TRY_COMPILE.build/Debug/cmTC_3cc27.build/DerivedSources/x86_64 -I /Users/viraltaco/code/Exercism/cpp/luhn/build/CMakeFiles/CMakeTmp/CMAKE_TRY_COMPILE.build/Debug/cmTC_3cc27.build/DerivedSources -F/Users/viraltaco/code/Exercism/cpp/luhn/build/CMakeFiles/CMakeTmp/Debug -stdlib=libc++ -O0 -Wno-trigraphs -Wno-missing-field-initializers -Wno-missing-prototypes -Wno-return-type -Wno-non-virtual-dtor -Wno-overloaded-virtual -Wno-exit-time-destructors -Wno-missing-braces -Wparentheses -Wswitch -Wno-unused-function -Wno-unused-label -Wno-unused-parameter -Wno-unused-variable -Wunused-value -Wno-empty-body -Wno-uninitialized -Wno-unknown-pragmas -Wno-shadow -Wno-four-char-constants -Wno-conversion -Wno-constant-conversion -Wno-int-conversion -Wno-bool-conversion -Wno-enum-conversion -Wno-float-conversion -Wno-non-literal-null-conversion -Wno-objc-literal-conversion -Wno-shorten-64-to-32 -Wno-newline-eof -Wno-c++11-extensions -Wdeprecated-declarations -Winvalid-offsetof -Wno-sign-conversion -Wno-infinite-recursion -Wno-move -Wno-comma -Wno-block-capture-autoreleasing -Wno-strict-prototypes -Wno-range-loop-analysis -Wno-semicolon-before-method-body -Wmost -Wno-four-char-constants -Wno-unknown-pragmas -Wno-atomic-implicit-seq-cst -Wno-framework-include-private-from-public -Wno-atimport-in-framework-header -Wno-quoted-include-in-framework-header -fdeprecated-macro -fdebug-compilation-dir /Users/viraltaco/code/Exercism/cpp/luhn/build/CMakeFiles/CMakeTmp -ferror-limit 19 -fmacro-backtrace-limit 0 -fmessage-length 0 -stack-protector 1 -fblocks -fencode-extended-block-signature -fregister-global-dtors-with-atexit -fobjc-runtime=macosx-10.14.0 -fcxx-exceptions -fexceptions -fpascal-strings -fmax-type-align=16 -fdiagnostics-show-option -fdiagnostics-show-note-include-stack -fasm-blocks -serialize-diagnostic-file /Users/viraltaco/code/Exercism/cpp/luhn/build/CMakeFiles/CMakeTmp/CMAKE_TRY_COMPILE.build/Debug/cmTC_3cc27.build/Objects-normal/x86_64/CMakeCXXCompilerABI.dia -o /Users/viraltaco/code/Exercism/cpp/luhn/build/CMakeFiles/CMakeTmp/CMAKE_TRY_COMPILE.build/Debug/cmTC_3cc27.build/Objects-normal/x86_64/CMakeCXXCompilerABI.o -x c++ /usr/local/Cellar/cmake/3.14.1/share/cmake/Modules/CMakeCXXCompilerABI.cpp
clang -cc1 version 10.0.1 (clang-1001.0.46.4) default target x86_64-apple-darwin18.5.0
ignoring nonexistent directory "/Users/viraltaco/code/Exercism/cpp/luhn/build/CMakeFiles/CMakeTmp/Debug/include"
ignoring nonexistent directory "/Users/viraltaco/code/Exercism/cpp/luhn/build/CMakeFiles/CMakeTmp/CMAKE_TRY_COMPILE.build/Debug/cmTC_3cc27.build/DerivedSources-normal/x86_64"
ignoring nonexistent directory "/Users/viraltaco/code/Exercism/cpp/luhn/build/CMakeFiles/CMakeTmp/CMAKE_TRY_COMPILE.build/Debug/cmTC_3cc27.build/DerivedSources/x86_64"
ignoring nonexistent directory "/Users/viraltaco/code/Exercism/cpp/luhn/build/CMakeFiles/CMakeTmp/CMAKE_TRY_COMPILE.build/Debug/cmTC_3cc27.build/DerivedSources"
ignoring nonexistent directory "/Users/viraltaco/code/Exercism/cpp/luhn/build/CMakeFiles/CMakeTmp/Debug"
ignoring nonexistent directory "/Applications/Xcode.app/Contents/Developer/Platforms/MacOSX.platform/Developer/SDKs/MacOSX10.14.sdk/usr/include/c++/v1"
ignoring nonexistent directory "/Applications/Xcode.app/Contents/Developer/Platforms/MacOSX.platform/Developer/SDKs/MacOSX10.14.sdk/usr/local/include"
ignoring nonexistent directory "/Applications/Xcode.app/Contents/Developer/Platforms/MacOSX.platform/Developer/SDKs/MacOSX10.14.sdk/Library/Frameworks"
#include "..." search starts here:
#include <...> search starts here:
 /Applications/Xcode.app/Contents/Developer/Toolchains/XcodeDefault.xctoolchain/usr/include/c++/v1
 /Applications/Xcode.app/Contents/Developer/Toolchains/XcodeDefault.xctoolchain/usr/lib/clang/10.0.1/include
 /Applications/Xcode.app/Contents/Developer/Toolchains/XcodeDefault.xctoolchain/usr/include
 /Applications/Xcode.app/Contents/Developer/Platforms/MacOSX.platform/Developer/SDKs/MacOSX10.14.sdk/usr/include
 /Applications/Xcode.app/Contents/Developer/Platforms/MacOSX.platform/Developer/SDKs/MacOSX10.14.sdk/System/Library/Frameworks (framework directory)
End of search list.

Ld Debug/cmTC_3cc27 normal x86_64
    cd /Users/viraltaco/code/Exercism/cpp/luhn/build/CMakeFiles/CMakeTmp
    /Applications/Xcode.app/Contents/Developer/Toolchains/XcodeDefault.xctoolchain/usr/bin/clang++ -arch x86_64 -isysroot /Applications/Xcode.app/Contents/Developer/Platforms/MacOSX.platform/Developer/SDKs/MacOSX10.14.sdk -L/Users/viraltaco/code/Exercism/cpp/luhn/build/CMakeFiles/CMakeTmp/Debug -F/Users/viraltaco/code/Exercism/cpp/luhn/build/CMakeFiles/CMakeTmp/Debug -filelist /Users/viraltaco/code/Exercism/cpp/luhn/build/CMakeFiles/CMakeTmp/CMAKE_TRY_COMPILE.build/Debug/cmTC_3cc27.build/Objects-normal/x86_64/cmTC_3cc27.LinkFileList -mmacosx-version-min=10.14 -Xlinker -object_path_lto -Xlinker /Users/viraltaco/code/Exercism/cpp/luhn/build/CMakeFiles/CMakeTmp/CMAKE_TRY_COMPILE.build/Debug/cmTC_3cc27.build/Objects-normal/x86_64/cmTC_3cc27_lto.o -Xlinker -no_deduplicate -L/usr/local/opt/ncurses/lib -v -Wl,-v -Wl,-search_paths_first -Wl,-headerpad_max_install_names -Xlinker -dependency_info -Xlinker /Users/viraltaco/code/Exercism/cpp/luhn/build/CMakeFiles/CMakeTmp/CMAKE_TRY_COMPILE.build/Debug/cmTC_3cc27.build/Objects-normal/x86_64/cmTC_3cc27_dependency_info.dat -o /Users/viraltaco/code/Exercism/cpp/luhn/build/CMakeFiles/CMakeTmp/Debug/cmTC_3cc27
Apple LLVM version 10.0.1 (clang-1001.0.46.4)
Target: x86_64-apple-darwin18.5.0
Thread model: posix
InstalledDir: /Applications/Xcode.app/Contents/Developer/Toolchains/XcodeDefault.xctoolchain/usr/bin
 "/Applications/Xcode.app/Contents/Developer/Toolchains/XcodeDefault.xctoolchain/usr/bin/ld" -demangle -lto_library /Applications/Xcode.app/Contents/Developer/Toolchains/XcodeDefault.xctoolchain/usr/lib/libLTO.dylib -dynamic -arch x86_64 -macosx_version_min 10.14.0 -syslibroot /Applications/Xcode.app/Contents/Developer/Platforms/MacOSX.platform/Developer/SDKs/MacOSX10.14.sdk -o /Users/viraltaco/code/Exercism/cpp/luhn/build/CMakeFiles/CMakeTmp/Debug/cmTC_3cc27 -L/Users/viraltaco/code/Exercism/cpp/luhn/build/CMakeFiles/CMakeTmp/Debug -L/usr/local/opt/ncurses/lib -filelist /Users/viraltaco/code/Exercism/cpp/luhn/build/CMakeFiles/CMakeTmp/CMAKE_TRY_COMPILE.build/Debug/cmTC_3cc27.build/Objects-normal/x86_64/cmTC_3cc27.LinkFileList -object_path_lto /Users/viraltaco/code/Exercism/cpp/luhn/build/CMakeFiles/CMakeTmp/CMAKE_TRY_COMPILE.build/Debug/cmTC_3cc27.build/Objects-normal/x86_64/cmTC_3cc27_lto.o -no_deduplicate -v -search_paths_first -headerpad_max_install_names -dependency_info /Users/viraltaco/code/Exercism/cpp/luhn/build/CMakeFiles/CMakeTmp/CMAKE_TRY_COMPILE.build/Debug/cmTC_3cc27.build/Objects-normal/x86_64/cmTC_3cc27_dependency_info.dat -lc++ -lSystem /Applications/Xcode.app/Contents/Developer/Toolchains/XcodeDefault.xctoolchain/usr/lib/clang/10.0.1/lib/darwin/libclang_rt.osx.a -F/Users/viraltaco/code/Exercism/cpp/luhn/build/CMakeFiles/CMakeTmp/Debug
@(#)PROGRAM:ld  PROJECT:ld64-450.3
BUILD 18:45:16 Apr  4 2019
configured to support archs: armv6 armv7 armv7s arm64 arm64e arm64_32 i386 x86_64 x86_64h armv6m armv7k armv7m armv7em
Library search paths:
	/Users/viraltaco/code/Exercism/cpp/luhn/build/CMakeFiles/CMakeTmp/Debug
	/usr/local/opt/ncurses/lib
	/Applications/Xcode.app/Contents/Developer/Platforms/MacOSX.platform/Developer/SDKs/MacOSX10.14.sdk/usr/lib
Framework search paths:
	/Users/viraltaco/code/Exercism/cpp/luhn/build/CMakeFiles/CMakeTmp/Debug
	/Applications/Xcode.app/Contents/Developer/Platforms/MacOSX.platform/Developer/SDKs/MacOSX10.14.sdk/System/Library/Frameworks/

** BUILD SUCCEEDED **



Parsed CXX implicit include dir info from above output: rv=done
  found start of include info
  found start of implicit include info
    add: [/Applications/Xcode.app/Contents/Developer/Toolchains/XcodeDefault.xctoolchain/usr/include/c++/v1]
    add: [/Applications/Xcode.app/Contents/Developer/Toolchains/XcodeDefault.xctoolchain/usr/lib/clang/10.0.1/include]
    add: [/Applications/Xcode.app/Contents/Developer/Toolchains/XcodeDefault.xctoolchain/usr/include]
    add: [/Applications/Xcode.app/Contents/Developer/Platforms/MacOSX.platform/Developer/SDKs/MacOSX10.14.sdk/usr/include]
  end of search list found
  collapse include dir [/Applications/Xcode.app/Contents/Developer/Toolchains/XcodeDefault.xctoolchain/usr/include/c++/v1] ==> [/Applications/Xcode.app/Contents/Developer/Toolchains/XcodeDefault.xctoolchain/usr/include/c++/v1]
  collapse include dir [/Applications/Xcode.app/Contents/Developer/Toolchains/XcodeDefault.xctoolchain/usr/lib/clang/10.0.1/include] ==> [/Applications/Xcode.app/Contents/Developer/Toolchains/XcodeDefault.xctoolchain/usr/lib/clang/10.0.1/include]
  collapse include dir [/Applications/Xcode.app/Contents/Developer/Toolchains/XcodeDefault.xctoolchain/usr/include] ==> [/Applications/Xcode.app/Contents/Developer/Toolchains/XcodeDefault.xctoolchain/usr/include]
  collapse include dir [/Applications/Xcode.app/Contents/Developer/Platforms/MacOSX.platform/Developer/SDKs/MacOSX10.14.sdk/usr/include] ==> [/Applications/Xcode.app/Contents/Developer/Platforms/MacOSX.platform/Developer/SDKs/MacOSX10.14.sdk/usr/include]
  implicit include dirs: [/Applications/Xcode.app/Contents/Developer/Toolchains/XcodeDefault.xctoolchain/usr/include/c++/v1;/Applications/Xcode.app/Contents/Developer/Toolchains/XcodeDefault.xctoolchain/usr/lib/clang/10.0.1/include;/Applications/Xcode.app/Contents/Developer/Toolchains/XcodeDefault.xctoolchain/usr/include;/Applications/Xcode.app/Contents/Developer/Platforms/MacOSX.platform/Developer/SDKs/MacOSX10.14.sdk/usr/include]


Parsed CXX implicit link information from above output:
  link line regex: [^( *|.*[/\])(ld|CMAKE_LINK_STARTFILE-NOTFOUND|([^/\]+-)?ld|collect2)[^/\]*( |$)]
  ignore line: [Change Dir: /Users/viraltaco/code/Exercism/cpp/luhn/build/CMakeFiles/CMakeTmp]
  ignore line: []
  ignore line: [Run Build Command(s):/usr/bin/xcodebuild -project CMAKE_TRY_COMPILE.xcodeproj build -target cmTC_3cc27 -configuration Debug -hideShellScriptEnvironment ]
  ignore line: [User defaults from command line:]
  ignore line: [    HideShellScriptEnvironment = YES]
  ignore line: []
  ignore line: [Prepare build]
  ignore line: [note: Using legacy build system]
  ignore line: []
  ignore line: [=== BUILD TARGET cmTC_3cc27 OF PROJECT CMAKE_TRY_COMPILE WITH CONFIGURATION Debug ===]
  ignore line: []
  ignore line: [Check dependencies]
  ignore line: []
  ignore line: [Write auxiliary files]
  ignore line: [/bin/mkdir -p /Users/viraltaco/code/Exercism/cpp/luhn/build/CMakeFiles/CMakeTmp/CMAKE_TRY_COMPILE.build/Debug/cmTC_3cc27.build/Objects-normal/x86_64]
  ignore line: [write-file /Users/viraltaco/code/Exercism/cpp/luhn/build/CMakeFiles/CMakeTmp/CMAKE_TRY_COMPILE.build/Debug/cmTC_3cc27.build/Objects-normal/x86_64/cmTC_3cc27.LinkFileList]
  ignore line: []
  ignore line: [CompileC CMAKE_TRY_COMPILE.build/Debug/cmTC_3cc27.build/Objects-normal/x86_64/CMakeCXXCompilerABI.o /usr/local/Cellar/cmake/3.14.1/share/cmake/Modules/CMakeCXXCompilerABI.cpp normal x86_64 c++ com.apple.compilers.llvm.clang.1_0.compiler]
  ignore line: [    cd /Users/viraltaco/code/Exercism/cpp/luhn/build/CMakeFiles/CMakeTmp]
  ignore line: [    /Applications/Xcode.app/Contents/Developer/Toolchains/XcodeDefault.xctoolchain/usr/bin/clang -x c++ -arch x86_64 -fmessage-length=0 -fdiagnostics-show-note-include-stack -fmacro-backtrace-limit=0 -Wno-trigraphs -fpascal-strings -O0 -Wno-missing-field-initializers -Wno-missing-prototypes -Wno-return-type -Wno-non-virtual-dtor -Wno-overloaded-virtual -Wno-exit-time-destructors -Wno-missing-braces -Wparentheses -Wswitch -Wno-unused-function -Wno-unused-label -Wno-unused-parameter -Wno-unused-variable -Wunused-value -Wno-empty-body -Wno-uninitialized -Wno-unknown-pragmas -Wno-shadow -Wno-four-char-constants -Wno-conversion -Wno-constant-conversion -Wno-int-conversion -Wno-bool-conversion -Wno-enum-conversion -Wno-float-conversion -Wno-non-literal-null-conversion -Wno-objc-literal-conversion -Wno-shorten-64-to-32 -Wno-newline-eof -Wno-c++11-extensions -DCMAKE_INTDIR=\"Debug\" -isysroot /Applications/Xcode.app/Contents/Developer/Platforms/MacOSX.platform/Developer/SDKs/MacOSX10.14.sdk -fasm-blocks -fstrict-aliasing -Wdeprecated-declarations -Winvalid-offsetof -mmacosx-version-min=10.14 -g -Wno-sign-conversion -Wno-infinite-recursion -Wno-move -Wno-comma -Wno-block-capture-autoreleasing -Wno-strict-prototypes -Wno-range-loop-analysis -Wno-semicolon-before-method-body -I/Users/viraltaco/code/Exercism/cpp/luhn/build/CMakeFiles/CMakeTmp/Debug/include -I/Users/viraltaco/code/Exercism/cpp/luhn/build/CMakeFiles/CMakeTmp/CMAKE_TRY_COMPILE.build/Debug/cmTC_3cc27.build/DerivedSources-normal/x86_64 -I/Users/viraltaco/code/Exercism/cpp/luhn/build/CMakeFiles/CMakeTmp/CMAKE_TRY_COMPILE.build/Debug/cmTC_3cc27.build/DerivedSources/x86_64 -I/Users/viraltaco/code/Exercism/cpp/luhn/build/CMakeFiles/CMakeTmp/CMAKE_TRY_COMPILE.build/Debug/cmTC_3cc27.build/DerivedSources -Wmost -Wno-four-char-constants -Wno-unknown-pragmas -F/Users/viraltaco/code/Exercism/cpp/luhn/build/CMakeFiles/CMakeTmp/Debug -v -Wl,-v -MMD -MT dependencies -MF /Users/viraltaco/code/Exercism/cpp/luhn/build/CMakeFiles/CMakeTmp/CMAKE_TRY_COMPILE.build/Debug/cmTC_3cc27.build/Objects-normal/x86_64/CMakeCXXCompilerABI.d --serialize-diagnostics /Users/viraltaco/code/Exercism/cpp/luhn/build/CMakeFiles/CMakeTmp/CMAKE_TRY_COMPILE.build/Debug/cmTC_3cc27.build/Objects-normal/x86_64/CMakeCXXCompilerABI.dia -c /usr/local/Cellar/cmake/3.14.1/share/cmake/Modules/CMakeCXXCompilerABI.cpp -o /Users/viraltaco/code/Exercism/cpp/luhn/build/CMakeFiles/CMakeTmp/CMAKE_TRY_COMPILE.build/Debug/cmTC_3cc27.build/Objects-normal/x86_64/CMakeCXXCompilerABI.o]
  ignore line: [Apple LLVM version 10.0.1 (clang-1001.0.46.4)]
  ignore line: [Target: x86_64-apple-darwin18.5.0]
  ignore line: [Thread model: posix]
  ignore line: [InstalledDir: /Applications/Xcode.app/Contents/Developer/Toolchains/XcodeDefault.xctoolchain/usr/bin]
  ignore line: [clang: warning: -Wl,-v: 'linker' input unused [-Wunused-command-line-argument]]
  ignore line: [ "/Applications/Xcode.app/Contents/Developer/Toolchains/XcodeDefault.xctoolchain/usr/bin/clang" -cc1 -triple x86_64-apple-macosx10.14.0 -Wdeprecated-objc-isa-usage -Werror=deprecated-objc-isa-usage -emit-obj -mrelax-all -disable-free -disable-llvm-verifier -discard-value-names -main-file-name CMakeCXXCompilerABI.cpp -mrelocation-model pic -pic-level 2 -mthread-model posix -mdisable-fp-elim -fno-strict-return -masm-verbose -munwind-tables -target-sdk-version=10.14 -target-cpu penryn -dwarf-column-info -debug-info-kind=standalone -dwarf-version=4 -debugger-tuning=lldb -target-linker-version 450.3 -v -coverage-notes-file /Users/viraltaco/code/Exercism/cpp/luhn/build/CMakeFiles/CMakeTmp/CMAKE_TRY_COMPILE.build/Debug/cmTC_3cc27.build/Objects-normal/x86_64/CMakeCXXCompilerABI.gcno -resource-dir /Applications/Xcode.app/Contents/Developer/Toolchains/XcodeDefault.xctoolchain/usr/lib/clang/10.0.1 -dependency-file /Users/viraltaco/code/Exercism/cpp/luhn/build/CMakeFiles/CMakeTmp/CMAKE_TRY_COMPILE.build/Debug/cmTC_3cc27.build/Objects-normal/x86_64/CMakeCXXCompilerABI.d -skip-unused-modulemap-deps -MT dependencies -isysroot /Applications/Xcode.app/Contents/Developer/Platforms/MacOSX.platform/Developer/SDKs/MacOSX10.14.sdk -D "CMAKE_INTDIR=\"Debug\"" -I /Users/viraltaco/code/Exercism/cpp/luhn/build/CMakeFiles/CMakeTmp/Debug/include -I /Users/viraltaco/code/Exercism/cpp/luhn/build/CMakeFiles/CMakeTmp/CMAKE_TRY_COMPILE.build/Debug/cmTC_3cc27.build/DerivedSources-normal/x86_64 -I /Users/viraltaco/code/Exercism/cpp/luhn/build/CMakeFiles/CMakeTmp/CMAKE_TRY_COMPILE.build/Debug/cmTC_3cc27.build/DerivedSources/x86_64 -I /Users/viraltaco/code/Exercism/cpp/luhn/build/CMakeFiles/CMakeTmp/CMAKE_TRY_COMPILE.build/Debug/cmTC_3cc27.build/DerivedSources -F/Users/viraltaco/code/Exercism/cpp/luhn/build/CMakeFiles/CMakeTmp/Debug -stdlib=libc++ -O0 -Wno-trigraphs -Wno-missing-field-initializers -Wno-missing-prototypes -Wno-return-type -Wno-non-virtual-dtor -Wno-overloaded-virtual -Wno-exit-time-destructors -Wno-missing-braces -Wparentheses -Wswitch -Wno-unused-function -Wno-unused-label -Wno-unused-parameter -Wno-unused-variable -Wunused-value -Wno-empty-body -Wno-uninitialized -Wno-unknown-pragmas -Wno-shadow -Wno-four-char-constants -Wno-conversion -Wno-constant-conversion -Wno-int-conversion -Wno-bool-conversion -Wno-enum-conversion -Wno-float-conversion -Wno-non-literal-null-conversion -Wno-objc-literal-conversion -Wno-shorten-64-to-32 -Wno-newline-eof -Wno-c++11-extensions -Wdeprecated-declarations -Winvalid-offsetof -Wno-sign-conversion -Wno-infinite-recursion -Wno-move -Wno-comma -Wno-block-capture-autoreleasing -Wno-strict-prototypes -Wno-range-loop-analysis -Wno-semicolon-before-method-body -Wmost -Wno-four-char-constants -Wno-unknown-pragmas -Wno-atomic-implicit-seq-cst -Wno-framework-include-private-from-public -Wno-atimport-in-framework-header -Wno-quoted-include-in-framework-header -fdeprecated-macro -fdebug-compilation-dir /Users/viraltaco/code/Exercism/cpp/luhn/build/CMakeFiles/CMakeTmp -ferror-limit 19 -fmacro-backtrace-limit 0 -fmessage-length 0 -stack-protector 1 -fblocks -fencode-extended-block-signature -fregister-global-dtors-with-atexit -fobjc-runtime=macosx-10.14.0 -fcxx-exceptions -fexceptions -fpascal-strings -fmax-type-align=16 -fdiagnostics-show-option -fdiagnostics-show-note-include-stack -fasm-blocks -serialize-diagnostic-file /Users/viraltaco/code/Exercism/cpp/luhn/build/CMakeFiles/CMakeTmp/CMAKE_TRY_COMPILE.build/Debug/cmTC_3cc27.build/Objects-normal/x86_64/CMakeCXXCompilerABI.dia -o /Users/viraltaco/code/Exercism/cpp/luhn/build/CMakeFiles/CMakeTmp/CMAKE_TRY_COMPILE.build/Debug/cmTC_3cc27.build/Objects-normal/x86_64/CMakeCXXCompilerABI.o -x c++ /usr/local/Cellar/cmake/3.14.1/share/cmake/Modules/CMakeCXXCompilerABI.cpp]
  ignore line: [clang -cc1 version 10.0.1 (clang-1001.0.46.4) default target x86_64-apple-darwin18.5.0]
  ignore line: [ignoring nonexistent directory "/Users/viraltaco/code/Exercism/cpp/luhn/build/CMakeFiles/CMakeTmp/Debug/include"]
  ignore line: [ignoring nonexistent directory "/Users/viraltaco/code/Exercism/cpp/luhn/build/CMakeFiles/CMakeTmp/CMAKE_TRY_COMPILE.build/Debug/cmTC_3cc27.build/DerivedSources-normal/x86_64"]
  ignore line: [ignoring nonexistent directory "/Users/viraltaco/code/Exercism/cpp/luhn/build/CMakeFiles/CMakeTmp/CMAKE_TRY_COMPILE.build/Debug/cmTC_3cc27.build/DerivedSources/x86_64"]
  ignore line: [ignoring nonexistent directory "/Users/viraltaco/code/Exercism/cpp/luhn/build/CMakeFiles/CMakeTmp/CMAKE_TRY_COMPILE.build/Debug/cmTC_3cc27.build/DerivedSources"]
  ignore line: [ignoring nonexistent directory "/Users/viraltaco/code/Exercism/cpp/luhn/build/CMakeFiles/CMakeTmp/Debug"]
  ignore line: [ignoring nonexistent directory "/Applications/Xcode.app/Contents/Developer/Platforms/MacOSX.platform/Developer/SDKs/MacOSX10.14.sdk/usr/include/c++/v1"]
  ignore line: [ignoring nonexistent directory "/Applications/Xcode.app/Contents/Developer/Platforms/MacOSX.platform/Developer/SDKs/MacOSX10.14.sdk/usr/local/include"]
  ignore line: [ignoring nonexistent directory "/Applications/Xcode.app/Contents/Developer/Platforms/MacOSX.platform/Developer/SDKs/MacOSX10.14.sdk/Library/Frameworks"]
  ignore line: [#include "..." search starts here:]
  ignore line: [#include <...> search starts here:]
  ignore line: [ /Applications/Xcode.app/Contents/Developer/Toolchains/XcodeDefault.xctoolchain/usr/include/c++/v1]
  ignore line: [ /Applications/Xcode.app/Contents/Developer/Toolchains/XcodeDefault.xctoolchain/usr/lib/clang/10.0.1/include]
  ignore line: [ /Applications/Xcode.app/Contents/Developer/Toolchains/XcodeDefault.xctoolchain/usr/include]
  ignore line: [ /Applications/Xcode.app/Contents/Developer/Platforms/MacOSX.platform/Developer/SDKs/MacOSX10.14.sdk/usr/include]
  ignore line: [ /Applications/Xcode.app/Contents/Developer/Platforms/MacOSX.platform/Developer/SDKs/MacOSX10.14.sdk/System/Library/Frameworks (framework directory)]
  ignore line: [End of search list.]
  ignore line: []
  ignore line: [Ld Debug/cmTC_3cc27 normal x86_64]
  ignore line: [    cd /Users/viraltaco/code/Exercism/cpp/luhn/build/CMakeFiles/CMakeTmp]
  ignore line: [    /Applications/Xcode.app/Contents/Developer/Toolchains/XcodeDefault.xctoolchain/usr/bin/clang++ -arch x86_64 -isysroot /Applications/Xcode.app/Contents/Developer/Platforms/MacOSX.platform/Developer/SDKs/MacOSX10.14.sdk -L/Users/viraltaco/code/Exercism/cpp/luhn/build/CMakeFiles/CMakeTmp/Debug -F/Users/viraltaco/code/Exercism/cpp/luhn/build/CMakeFiles/CMakeTmp/Debug -filelist /Users/viraltaco/code/Exercism/cpp/luhn/build/CMakeFiles/CMakeTmp/CMAKE_TRY_COMPILE.build/Debug/cmTC_3cc27.build/Objects-normal/x86_64/cmTC_3cc27.LinkFileList -mmacosx-version-min=10.14 -Xlinker -object_path_lto -Xlinker /Users/viraltaco/code/Exercism/cpp/luhn/build/CMakeFiles/CMakeTmp/CMAKE_TRY_COMPILE.build/Debug/cmTC_3cc27.build/Objects-normal/x86_64/cmTC_3cc27_lto.o -Xlinker -no_deduplicate -L/usr/local/opt/ncurses/lib -v -Wl,-v -Wl,-search_paths_first -Wl,-headerpad_max_install_names -Xlinker -dependency_info -Xlinker /Users/viraltaco/code/Exercism/cpp/luhn/build/CMakeFiles/CMakeTmp/CMAKE_TRY_COMPILE.build/Debug/cmTC_3cc27.build/Objects-normal/x86_64/cmTC_3cc27_dependency_info.dat -o /Users/viraltaco/code/Exercism/cpp/luhn/build/CMakeFiles/CMakeTmp/Debug/cmTC_3cc27]
  ignore line: [Apple LLVM version 10.0.1 (clang-1001.0.46.4)]
  ignore line: [Target: x86_64-apple-darwin18.5.0]
  ignore line: [Thread model: posix]
  ignore line: [InstalledDir: /Applications/Xcode.app/Contents/Developer/Toolchains/XcodeDefault.xctoolchain/usr/bin]
  reduced line: [ "/Applications/Xcode.app/Contents/Developer/Toolchains/XcodeDefault.xctoolchain/usr/bin/ld" -demangle -lto_library /Applications/Xcode.app/Contents/Developer/Toolchains/XcodeDefault.xctoolchain/usr/lib/libLTO.dylib -dynamic -arch x86_64 -macosx_version_min 10.14.0 -syslibroot /Applications/Xcode.app/Contents/Developer/Platforms/MacOSX.platform/Developer/SDKs/MacOSX10.14.sdk -o /Users/viraltaco/code/Exercism/cpp/luhn/build/CMakeFiles/CMakeTmp/Debug/cmTC_3cc27 -L/Users/viraltaco/code/Exercism/cpp/luhn/build/CMakeFiles/CMakeTmp/Debug -L/usr/local/opt/ncurses/lib -filelist /Users/viraltaco/code/Exercism/cpp/luhn/build/CMakeFiles/CMakeTmp/CMAKE_TRY_COMPILE.build/Debug/cmTC_3cc27.build/Objects-normal/x86_64/cmTC_3cc27.LinkFileList -object_path_lto /Users/viraltaco/code/Exercism/cpp/luhn/build/CMakeFiles/CMakeTmp/CMAKE_TRY_COMPILE.build/Debug/cmTC_3cc27.build/Objects-normal/x86_64/cmTC_3cc27_lto.o -no_deduplicate -v -search_paths_first -headerpad_max_install_names -dependency_info /Users/viraltaco/code/Exercism/cpp/luhn/build/CMakeFiles/CMakeTmp/CMAKE_TRY_COMPILE.build/Debug/cmTC_3cc27.build/Objects-normal/x86_64/cmTC_3cc27_dependency_info.dat -lc++ -lSystem /Applications/Xcode.app/Contents/Developer/Toolchains/XcodeDefault.xctoolchain/usr/lib/clang/10.0.1/lib/darwin/libclang_rt.osx.a -F/Users/viraltaco/code/Exercism/cpp/luhn/build/CMakeFiles/CMakeTmp/Debug]
            to: [ "/Applications/Xcode.app/Contents/Developer/Toolchains/XcodeDefault.xctoolchain/usr/bin/ld" -demangle -lto_library /Applications/Xcode.app/Contents/Developer/Toolchains/XcodeDefault.xctoolchain/usr/lib/libLTO.dylib -dynamic -arch x86_64 -macosx_version_min 10.14.0 -syslibroot /Applications/Xcode.app/Contents/Developer/Platforms/MacOSX.platform/Developer/SDKs/MacOSX10.14.sdk -o /Users/viraltaco/code/Exercism/cpp/luhn/build/CMakeFiles/CMakeTmp/Debug/cmTC_3cc27 -L/usr/local/opt/ncurses/lib -filelist /Users/viraltaco/code/Exercism/cpp/luhn/build/CMakeFiles/CMakeTmp/CMAKE_TRY_COMPILE.build/Debug/cmTC_3cc27.build/Objects-normal/x86_64/cmTC_3cc27.LinkFileList -object_path_lto /Users/viraltaco/code/Exercism/cpp/luhn/build/CMakeFiles/CMakeTmp/CMAKE_TRY_COMPILE.build/Debug/cmTC_3cc27.build/Objects-normal/x86_64/cmTC_3cc27_lto.o -no_deduplicate -v -search_paths_first -headerpad_max_install_names -dependency_info /Users/viraltaco/code/Exercism/cpp/luhn/build/CMakeFiles/CMakeTmp/CMAKE_TRY_COMPILE.build/Debug/cmTC_3cc27.build/Objects-normal/x86_64/cmTC_3cc27_dependency_info.dat -lc++ -lSystem /Applications/Xcode.app/Contents/Developer/Toolchains/XcodeDefault.xctoolchain/usr/lib/clang/10.0.1/lib/darwin/libclang_rt.osx.a ]
  link line: [ "/Applications/Xcode.app/Contents/Developer/Toolchains/XcodeDefault.xctoolchain/usr/bin/ld" -demangle -lto_library /Applications/Xcode.app/Contents/Developer/Toolchains/XcodeDefault.xctoolchain/usr/lib/libLTO.dylib -dynamic -arch x86_64 -macosx_version_min 10.14.0 -syslibroot /Applications/Xcode.app/Contents/Developer/Platforms/MacOSX.platform/Developer/SDKs/MacOSX10.14.sdk -o /Users/viraltaco/code/Exercism/cpp/luhn/build/CMakeFiles/CMakeTmp/Debug/cmTC_3cc27 -L/usr/local/opt/ncurses/lib -filelist /Users/viraltaco/code/Exercism/cpp/luhn/build/CMakeFiles/CMakeTmp/CMAKE_TRY_COMPILE.build/Debug/cmTC_3cc27.build/Objects-normal/x86_64/cmTC_3cc27.LinkFileList -object_path_lto /Users/viraltaco/code/Exercism/cpp/luhn/build/CMakeFiles/CMakeTmp/CMAKE_TRY_COMPILE.build/Debug/cmTC_3cc27.build/Objects-normal/x86_64/cmTC_3cc27_lto.o -no_deduplicate -v -search_paths_first -headerpad_max_install_names -dependency_info /Users/viraltaco/code/Exercism/cpp/luhn/build/CMakeFiles/CMakeTmp/CMAKE_TRY_COMPILE.build/Debug/cmTC_3cc27.build/Objects-normal/x86_64/cmTC_3cc27_dependency_info.dat -lc++ -lSystem /Applications/Xcode.app/Contents/Developer/Toolchains/XcodeDefault.xctoolchain/usr/lib/clang/10.0.1/lib/darwin/libclang_rt.osx.a ]
    arg [/Applications/Xcode.app/Contents/Developer/Toolchains/XcodeDefault.xctoolchain/usr/bin/ld] ==> ignore
    arg [-demangle] ==> ignore
    arg [-lto_library] ==> ignore, skip following value
    arg [/Applications/Xcode.app/Contents/Developer/Toolchains/XcodeDefault.xctoolchain/usr/lib/libLTO.dylib] ==> skip value of -lto_library
    arg [-dynamic] ==> ignore
    arg [-arch] ==> ignore
    arg [x86_64] ==> ignore
    arg [-macosx_version_min] ==> ignore
    arg [10.14.0] ==> ignore
    arg [-syslibroot] ==> ignore
    arg [/Applications/Xcode.app/Contents/Developer/Platforms/MacOSX.platform/Developer/SDKs/MacOSX10.14.sdk] ==> ignore
    arg [-o] ==> ignore
    arg [/Users/viraltaco/code/Exercism/cpp/luhn/build/CMakeFiles/CMakeTmp/Debug/cmTC_3cc27] ==> ignore
    arg [-L/usr/local/opt/ncurses/lib] ==> dir [/usr/local/opt/ncurses/lib]
    arg [-filelist] ==> ignore
    arg [/Users/viraltaco/code/Exercism/cpp/luhn/build/CMakeFiles/CMakeTmp/CMAKE_TRY_COMPILE.build/Debug/cmTC_3cc27.build/Objects-normal/x86_64/cmTC_3cc27.LinkFileList] ==> ignore
    arg [-object_path_lto] ==> ignore
    arg [/Users/viraltaco/code/Exercism/cpp/luhn/build/CMakeFiles/CMakeTmp/CMAKE_TRY_COMPILE.build/Debug/cmTC_3cc27.build/Objects-normal/x86_64/cmTC_3cc27_lto.o] ==> ignore
    arg [-no_deduplicate] ==> ignore
    arg [-v] ==> ignore
    arg [-search_paths_first] ==> ignore
    arg [-headerpad_max_install_names] ==> ignore
    arg [-dependency_info] ==> ignore
    arg [/Users/viraltaco/code/Exercism/cpp/luhn/build/CMakeFiles/CMakeTmp/CMAKE_TRY_COMPILE.build/Debug/cmTC_3cc27.build/Objects-normal/x86_64/cmTC_3cc27_dependency_info.dat] ==> ignore
    arg [-lc++] ==> lib [c++]
    arg [-lSystem] ==> lib [System]
    arg [/Applications/Xcode.app/Contents/Developer/Toolchains/XcodeDefault.xctoolchain/usr/lib/clang/10.0.1/lib/darwin/libclang_rt.osx.a] ==> lib [/Applications/Xcode.app/Contents/Developer/Toolchains/XcodeDefault.xctoolchain/usr/lib/clang/10.0.1/lib/darwin/libclang_rt.osx.a]
  Library search paths: [;/Users/viraltaco/code/Exercism/cpp/luhn/build/CMakeFiles/CMakeTmp/Debug;/usr/local/opt/ncurses/lib;/Applications/Xcode.app/Contents/Developer/Platforms/MacOSX.platform/Developer/SDKs/MacOSX10.14.sdk/usr/lib]
  Framework search paths: [;/Users/viraltaco/code/Exercism/cpp/luhn/build/CMakeFiles/CMakeTmp/Debug;/Applications/Xcode.app/Contents/Developer/Platforms/MacOSX.platform/Developer/SDKs/MacOSX10.14.sdk/System/Library/Frameworks/]
  remove lib [System]
  remove lib [/Applications/Xcode.app/Contents/Developer/Toolchains/XcodeDefault.xctoolchain/usr/lib/clang/10.0.1/lib/darwin/libclang_rt.osx.a]
  collapse library dir [/usr/local/opt/ncurses/lib] ==> [/usr/local/opt/ncurses/lib]
  collapse library dir [/Users/viraltaco/code/Exercism/cpp/luhn/build/CMakeFiles/CMakeTmp/Debug] ==> [/Users/viraltaco/code/Exercism/cpp/luhn/build/CMakeFiles/CMakeTmp/Debug], skipping non-system directory
  collapse library dir [/usr/local/opt/ncurses/lib] ==> [/usr/local/opt/ncurses/lib]
  collapse library dir [/Applications/Xcode.app/Contents/Developer/Platforms/MacOSX.platform/Developer/SDKs/MacOSX10.14.sdk/usr/lib] ==> [/Applications/Xcode.app/Contents/Developer/Platforms/MacOSX.platform/Developer/SDKs/MacOSX10.14.sdk/usr/lib]
  collapse framework dir [/Users/viraltaco/code/Exercism/cpp/luhn/build/CMakeFiles/CMakeTmp/Debug] ==> [/Users/viraltaco/code/Exercism/cpp/luhn/build/CMakeFiles/CMakeTmp/Debug], skipping non-system directory
  collapse framework dir [/Applications/Xcode.app/Contents/Developer/Platforms/MacOSX.platform/Developer/SDKs/MacOSX10.14.sdk/System/Library/Frameworks/] ==> [/Applications/Xcode.app/Contents/Developer/Platforms/MacOSX.platform/Developer/SDKs/MacOSX10.14.sdk/System/Library/Frameworks]
  implicit libs: [c++]
  implicit dirs: [/usr/local/opt/ncurses/lib;/Applications/Xcode.app/Contents/Developer/Platforms/MacOSX.platform/Developer/SDKs/MacOSX10.14.sdk/usr/lib]
  implicit fwks: [/Applications/Xcode.app/Contents/Developer/Platforms/MacOSX.platform/Developer/SDKs/MacOSX10.14.sdk/System/Library/Frameworks]




Detecting CXX [-std=c++1z] compiler features compiled with the following output:
Change Dir: /Users/viraltaco/code/Exercism/cpp/luhn/build/CMakeFiles/CMakeTmp

Run Build Command(s):/usr/bin/xcodebuild -project CMAKE_TRY_COMPILE.xcodeproj build -target cmTC_427ea -configuration Debug -hideShellScriptEnvironment 
User defaults from command line:
    HideShellScriptEnvironment = YES

Prepare build
note: Using legacy build system

=== BUILD TARGET cmTC_427ea OF PROJECT CMAKE_TRY_COMPILE WITH CONFIGURATION Debug ===

Check dependencies

Write auxiliary files
/bin/mkdir -p /Users/viraltaco/code/Exercism/cpp/luhn/build/CMakeFiles/CMakeTmp/CMAKE_TRY_COMPILE.build/Debug/cmTC_427ea.build/Objects-normal/x86_64
write-file /Users/viraltaco/code/Exercism/cpp/luhn/build/CMakeFiles/CMakeTmp/CMAKE_TRY_COMPILE.build/Debug/cmTC_427ea.build/Objects-normal/x86_64/cmTC_427ea.LinkFileList

CompileC CMAKE_TRY_COMPILE.build/Debug/cmTC_427ea.build/Objects-normal/x86_64/feature_tests.o /Users/viraltaco/code/Exercism/cpp/luhn/build/CMakeFiles/feature_tests.cxx normal x86_64 c++ com.apple.compilers.llvm.clang.1_0.compiler
    cd /Users/viraltaco/code/Exercism/cpp/luhn/build/CMakeFiles/CMakeTmp
    /Applications/Xcode.app/Contents/Developer/Toolchains/XcodeDefault.xctoolchain/usr/bin/clang -x c++ -arch x86_64 -fmessage-length=0 -fdiagnostics-show-note-include-stack -fmacro-backtrace-limit=0 -Wno-trigraphs -fpascal-strings -O0 -Wno-missing-field-initializers -Wno-missing-prototypes -Wno-return-type -Wno-non-virtual-dtor -Wno-overloaded-virtual -Wno-exit-time-destructors -Wno-missing-braces -Wparentheses -Wswitch -Wno-unused-function -Wno-unused-label -Wno-unused-parameter -Wno-unused-variable -Wunused-value -Wno-empty-body -Wno-uninitialized -Wno-unknown-pragmas -Wno-shadow -Wno-four-char-constants -Wno-conversion -Wno-constant-conversion -Wno-int-conversion -Wno-bool-conversion -Wno-enum-conversion -Wno-float-conversion -Wno-non-literal-null-conversion -Wno-objc-literal-conversion -Wno-shorten-64-to-32 -Wno-newline-eof -Wno-c++11-extensions -DCMAKE_INTDIR=\"Debug\" -isysroot /Applications/Xcode.app/Contents/Developer/Platforms/MacOSX.platform/Developer/SDKs/MacOSX10.14.sdk -fasm-blocks -fstrict-aliasing -Wdeprecated-declarations -Winvalid-offsetof -mmacosx-version-min=10.14 -g -Wno-sign-conversion -Wno-infinite-recursion -Wno-move -Wno-comma -Wno-block-capture-autoreleasing -Wno-strict-prototypes -Wno-range-loop-analysis -Wno-semicolon-before-method-body -I/Users/viraltaco/code/Exercism/cpp/luhn/build/CMakeFiles/CMakeTmp/Debug/include -I/Users/viraltaco/code/Exercism/cpp/luhn/build/CMakeFiles/CMakeTmp/CMAKE_TRY_COMPILE.build/Debug/cmTC_427ea.build/DerivedSources-normal/x86_64 -I/Users/viraltaco/code/Exercism/cpp/luhn/build/CMakeFiles/CMakeTmp/CMAKE_TRY_COMPILE.build/Debug/cmTC_427ea.build/DerivedSources/x86_64 -I/Users/viraltaco/code/Exercism/cpp/luhn/build/CMakeFiles/CMakeTmp/CMAKE_TRY_COMPILE.build/Debug/cmTC_427ea.build/DerivedSources -Wmost -Wno-four-char-constants -Wno-unknown-pragmas -F/Users/viraltaco/code/Exercism/cpp/luhn/build/CMakeFiles/CMakeTmp/Debug -std=c++1z -MMD -MT dependencies -MF /Users/viraltaco/code/Exercism/cpp/luhn/build/CMakeFiles/CMakeTmp/CMAKE_TRY_COMPILE.build/Debug/cmTC_427ea.build/Objects-normal/x86_64/feature_tests.d --serialize-diagnostics /Users/viraltaco/code/Exercism/cpp/luhn/build/CMakeFiles/CMakeTmp/CMAKE_TRY_COMPILE.build/Debug/cmTC_427ea.build/Objects-normal/x86_64/feature_tests.dia -c /Users/viraltaco/code/Exercism/cpp/luhn/build/CMakeFiles/feature_tests.cxx -o /Users/viraltaco/code/Exercism/cpp/luhn/build/CMakeFiles/CMakeTmp/CMAKE_TRY_COMPILE.build/Debug/cmTC_427ea.build/Objects-normal/x86_64/feature_tests.o

Ld Debug/cmTC_427ea normal x86_64
    cd /Users/viraltaco/code/Exercism/cpp/luhn/build/CMakeFiles/CMakeTmp
    /Applications/Xcode.app/Contents/Developer/Toolchains/XcodeDefault.xctoolchain/usr/bin/clang++ -arch x86_64 -isysroot /Applications/Xcode.app/Contents/Developer/Platforms/MacOSX.platform/Developer/SDKs/MacOSX10.14.sdk -L/Users/viraltaco/code/Exercism/cpp/luhn/build/CMakeFiles/CMakeTmp/Debug -F/Users/viraltaco/code/Exercism/cpp/luhn/build/CMakeFiles/CMakeTmp/Debug -filelist /Users/viraltaco/code/Exercism/cpp/luhn/build/CMakeFiles/CMakeTmp/CMAKE_TRY_COMPILE.build/Debug/cmTC_427ea.build/Objects-normal/x86_64/cmTC_427ea.LinkFileList -mmacosx-version-min=10.14 -Xlinker -object_path_lto -Xlinker /Users/viraltaco/code/Exercism/cpp/luhn/build/CMakeFiles/CMakeTmp/CMAKE_TRY_COMPILE.build/Debug/cmTC_427ea.build/Objects-normal/x86_64/cmTC_427ea_lto.o -Xlinker -no_deduplicate -L/usr/local/opt/ncurses/lib -Wl,-search_paths_first -Wl,-headerpad_max_install_names -Xlinker -dependency_info -Xlinker /Users/viraltaco/code/Exercism/cpp/luhn/build/CMakeFiles/CMakeTmp/CMAKE_TRY_COMPILE.build/Debug/cmTC_427ea.build/Objects-normal/x86_64/cmTC_427ea_dependency_info.dat -o /Users/viraltaco/code/Exercism/cpp/luhn/build/CMakeFiles/CMakeTmp/Debug/cmTC_427ea

** BUILD SUCCEEDED **



    Feature record: CXX_FEATURE:1cxx_aggregate_default_initializers
    Feature record: CXX_FEATURE:1cxx_alias_templates
    Feature record: CXX_FEATURE:1cxx_alignas
    Feature record: CXX_FEATURE:1cxx_alignof
    Feature record: CXX_FEATURE:1cxx_attributes
    Feature record: CXX_FEATURE:1cxx_attribute_deprecated
    Feature record: CXX_FEATURE:1cxx_auto_type
    Feature record: CXX_FEATURE:1cxx_binary_literals
    Feature record: CXX_FEATURE:1cxx_constexpr
    Feature record: CXX_FEATURE:1cxx_contextual_conversions
    Feature record: CXX_FEATURE:1cxx_decltype
    Feature record: CXX_FEATURE:1cxx_decltype_auto
    Feature record: CXX_FEATURE:1cxx_decltype_incomplete_return_types
    Feature record: CXX_FEATURE:1cxx_default_function_template_args
    Feature record: CXX_FEATURE:1cxx_defaulted_functions
    Feature record: CXX_FEATURE:1cxx_defaulted_move_initializers
    Feature record: CXX_FEATURE:1cxx_delegating_constructors
    Feature record: CXX_FEATURE:1cxx_deleted_functions
    Feature record: CXX_FEATURE:1cxx_digit_separators
    Feature record: CXX_FEATURE:1cxx_enum_forward_declarations
    Feature record: CXX_FEATURE:1cxx_explicit_conversions
    Feature record: CXX_FEATURE:1cxx_extended_friend_declarations
    Feature record: CXX_FEATURE:1cxx_extern_templates
    Feature record: CXX_FEATURE:1cxx_final
    Feature record: CXX_FEATURE:1cxx_func_identifier
    Feature record: CXX_FEATURE:1cxx_generalized_initializers
    Feature record: CXX_FEATURE:1cxx_generic_lambdas
    Feature record: CXX_FEATURE:1cxx_inheriting_constructors
    Feature record: CXX_FEATURE:1cxx_inline_namespaces
    Feature record: CXX_FEATURE:1cxx_lambdas
    Feature record: CXX_FEATURE:1cxx_lambda_init_captures
    Feature record: CXX_FEATURE:1cxx_local_type_template_args
    Feature record: CXX_FEATURE:1cxx_long_long_type
    Feature record: CXX_FEATURE:1cxx_noexcept
    Feature record: CXX_FEATURE:1cxx_nonstatic_member_init
    Feature record: CXX_FEATURE:1cxx_nullptr
    Feature record: CXX_FEATURE:1cxx_override
    Feature record: CXX_FEATURE:1cxx_range_for
    Feature record: CXX_FEATURE:1cxx_raw_string_literals
    Feature record: CXX_FEATURE:1cxx_reference_qualified_functions
    Feature record: CXX_FEATURE:1cxx_relaxed_constexpr
    Feature record: CXX_FEATURE:1cxx_return_type_deduction
    Feature record: CXX_FEATURE:1cxx_right_angle_brackets
    Feature record: CXX_FEATURE:1cxx_rvalue_references
    Feature record: CXX_FEATURE:1cxx_sizeof_member
    Feature record: CXX_FEATURE:1cxx_static_assert
    Feature record: CXX_FEATURE:1cxx_strong_enums
    Feature record: CXX_FEATURE:1cxx_template_template_parameters
    Feature record: CXX_FEATURE:1cxx_thread_local
    Feature record: CXX_FEATURE:1cxx_trailing_return_types
    Feature record: CXX_FEATURE:1cxx_unicode_literals
    Feature record: CXX_FEATURE:1cxx_uniform_initialization
    Feature record: CXX_FEATURE:1cxx_unrestricted_unions
    Feature record: CXX_FEATURE:1cxx_user_literals
    Feature record: CXX_FEATURE:1cxx_variable_templates
    Feature record: CXX_FEATURE:1cxx_variadic_macros
    Feature record: CXX_FEATURE:1cxx_variadic_templates


Detecting CXX [-std=c++14] compiler features compiled with the following output:
Change Dir: /Users/viraltaco/code/Exercism/cpp/luhn/build/CMakeFiles/CMakeTmp

Run Build Command(s):/usr/bin/xcodebuild -project CMAKE_TRY_COMPILE.xcodeproj build -target cmTC_4e936 -configuration Debug -hideShellScriptEnvironment 
User defaults from command line:
    HideShellScriptEnvironment = YES

Prepare build
note: Using legacy build system

=== BUILD TARGET cmTC_4e936 OF PROJECT CMAKE_TRY_COMPILE WITH CONFIGURATION Debug ===

Check dependencies

Write auxiliary files
/bin/mkdir -p /Users/viraltaco/code/Exercism/cpp/luhn/build/CMakeFiles/CMakeTmp/CMAKE_TRY_COMPILE.build/Debug/cmTC_4e936.build/Objects-normal/x86_64
write-file /Users/viraltaco/code/Exercism/cpp/luhn/build/CMakeFiles/CMakeTmp/CMAKE_TRY_COMPILE.build/Debug/cmTC_4e936.build/Objects-normal/x86_64/cmTC_4e936.LinkFileList

CompileC CMAKE_TRY_COMPILE.build/Debug/cmTC_4e936.build/Objects-normal/x86_64/feature_tests.o /Users/viraltaco/code/Exercism/cpp/luhn/build/CMakeFiles/feature_tests.cxx normal x86_64 c++ com.apple.compilers.llvm.clang.1_0.compiler
    cd /Users/viraltaco/code/Exercism/cpp/luhn/build/CMakeFiles/CMakeTmp
    /Applications/Xcode.app/Contents/Developer/Toolchains/XcodeDefault.xctoolchain/usr/bin/clang -x c++ -arch x86_64 -fmessage-length=0 -fdiagnostics-show-note-include-stack -fmacro-backtrace-limit=0 -Wno-trigraphs -fpascal-strings -O0 -Wno-missing-field-initializers -Wno-missing-prototypes -Wno-return-type -Wno-non-virtual-dtor -Wno-overloaded-virtual -Wno-exit-time-destructors -Wno-missing-braces -Wparentheses -Wswitch -Wno-unused-function -Wno-unused-label -Wno-unused-parameter -Wno-unused-variable -Wunused-value -Wno-empty-body -Wno-uninitialized -Wno-unknown-pragmas -Wno-shadow -Wno-four-char-constants -Wno-conversion -Wno-constant-conversion -Wno-int-conversion -Wno-bool-conversion -Wno-enum-conversion -Wno-float-conversion -Wno-non-literal-null-conversion -Wno-objc-literal-conversion -Wno-shorten-64-to-32 -Wno-newline-eof -Wno-c++11-extensions -DCMAKE_INTDIR=\"Debug\" -isysroot /Applications/Xcode.app/Contents/Developer/Platforms/MacOSX.platform/Developer/SDKs/MacOSX10.14.sdk -fasm-blocks -fstrict-aliasing -Wdeprecated-declarations -Winvalid-offsetof -mmacosx-version-min=10.14 -g -Wno-sign-conversion -Wno-infinite-recursion -Wno-move -Wno-comma -Wno-block-capture-autoreleasing -Wno-strict-prototypes -Wno-range-loop-analysis -Wno-semicolon-before-method-body -I/Users/viraltaco/code/Exercism/cpp/luhn/build/CMakeFiles/CMakeTmp/Debug/include -I/Users/viraltaco/code/Exercism/cpp/luhn/build/CMakeFiles/CMakeTmp/CMAKE_TRY_COMPILE.build/Debug/cmTC_4e936.build/DerivedSources-normal/x86_64 -I/Users/viraltaco/code/Exercism/cpp/luhn/build/CMakeFiles/CMakeTmp/CMAKE_TRY_COMPILE.build/Debug/cmTC_4e936.build/DerivedSources/x86_64 -I/Users/viraltaco/code/Exercism/cpp/luhn/build/CMakeFiles/CMakeTmp/CMAKE_TRY_COMPILE.build/Debug/cmTC_4e936.build/DerivedSources -Wmost -Wno-four-char-constants -Wno-unknown-pragmas -F/Users/viraltaco/code/Exercism/cpp/luhn/build/CMakeFiles/CMakeTmp/Debug -std=c++14 -MMD -MT dependencies -MF /Users/viraltaco/code/Exercism/cpp/luhn/build/CMakeFiles/CMakeTmp/CMAKE_TRY_COMPILE.build/Debug/cmTC_4e936.build/Objects-normal/x86_64/feature_tests.d --serialize-diagnostics /Users/viraltaco/code/Exercism/cpp/luhn/build/CMakeFiles/CMakeTmp/CMAKE_TRY_COMPILE.build/Debug/cmTC_4e936.build/Objects-normal/x86_64/feature_tests.dia -c /Users/viraltaco/code/Exercism/cpp/luhn/build/CMakeFiles/feature_tests.cxx -o /Users/viraltaco/code/Exercism/cpp/luhn/build/CMakeFiles/CMakeTmp/CMAKE_TRY_COMPILE.build/Debug/cmTC_4e936.build/Objects-normal/x86_64/feature_tests.o

Ld Debug/cmTC_4e936 normal x86_64
    cd /Users/viraltaco/code/Exercism/cpp/luhn/build/CMakeFiles/CMakeTmp
    /Applications/Xcode.app/Contents/Developer/Toolchains/XcodeDefault.xctoolchain/usr/bin/clang++ -arch x86_64 -isysroot /Applications/Xcode.app/Contents/Developer/Platforms/MacOSX.platform/Developer/SDKs/MacOSX10.14.sdk -L/Users/viraltaco/code/Exercism/cpp/luhn/build/CMakeFiles/CMakeTmp/Debug -F/Users/viraltaco/code/Exercism/cpp/luhn/build/CMakeFiles/CMakeTmp/Debug -filelist /Users/viraltaco/code/Exercism/cpp/luhn/build/CMakeFiles/CMakeTmp/CMAKE_TRY_COMPILE.build/Debug/cmTC_4e936.build/Objects-normal/x86_64/cmTC_4e936.LinkFileList -mmacosx-version-min=10.14 -Xlinker -object_path_lto -Xlinker /Users/viraltaco/code/Exercism/cpp/luhn/build/CMakeFiles/CMakeTmp/CMAKE_TRY_COMPILE.build/Debug/cmTC_4e936.build/Objects-normal/x86_64/cmTC_4e936_lto.o -Xlinker -no_deduplicate -L/usr/local/opt/ncurses/lib -Wl,-search_paths_first -Wl,-headerpad_max_install_names -Xlinker -dependency_info -Xlinker /Users/viraltaco/code/Exercism/cpp/luhn/build/CMakeFiles/CMakeTmp/CMAKE_TRY_COMPILE.build/Debug/cmTC_4e936.build/Objects-normal/x86_64/cmTC_4e936_dependency_info.dat -o /Users/viraltaco/code/Exercism/cpp/luhn/build/CMakeFiles/CMakeTmp/Debug/cmTC_4e936

** BUILD SUCCEEDED **



    Feature record: CXX_FEATURE:1cxx_aggregate_default_initializers
    Feature record: CXX_FEATURE:1cxx_alias_templates
    Feature record: CXX_FEATURE:1cxx_alignas
    Feature record: CXX_FEATURE:1cxx_alignof
    Feature record: CXX_FEATURE:1cxx_attributes
    Feature record: CXX_FEATURE:1cxx_attribute_deprecated
    Feature record: CXX_FEATURE:1cxx_auto_type
    Feature record: CXX_FEATURE:1cxx_binary_literals
    Feature record: CXX_FEATURE:1cxx_constexpr
    Feature record: CXX_FEATURE:1cxx_contextual_conversions
    Feature record: CXX_FEATURE:1cxx_decltype
    Feature record: CXX_FEATURE:1cxx_decltype_auto
    Feature record: CXX_FEATURE:1cxx_decltype_incomplete_return_types
    Feature record: CXX_FEATURE:1cxx_default_function_template_args
    Feature record: CXX_FEATURE:1cxx_defaulted_functions
    Feature record: CXX_FEATURE:1cxx_defaulted_move_initializers
    Feature record: CXX_FEATURE:1cxx_delegating_constructors
    Feature record: CXX_FEATURE:1cxx_deleted_functions
    Feature record: CXX_FEATURE:1cxx_digit_separators
    Feature record: CXX_FEATURE:1cxx_enum_forward_declarations
    Feature record: CXX_FEATURE:1cxx_explicit_conversions
    Feature record: CXX_FEATURE:1cxx_extended_friend_declarations
    Feature record: CXX_FEATURE:1cxx_extern_templates
    Feature record: CXX_FEATURE:1cxx_final
    Feature record: CXX_FEATURE:1cxx_func_identifier
    Feature record: CXX_FEATURE:1cxx_generalized_initializers
    Feature record: CXX_FEATURE:1cxx_generic_lambdas
    Feature record: CXX_FEATURE:1cxx_inheriting_constructors
    Feature record: CXX_FEATURE:1cxx_inline_namespaces
    Feature record: CXX_FEATURE:1cxx_lambdas
    Feature record: CXX_FEATURE:1cxx_lambda_init_captures
    Feature record: CXX_FEATURE:1cxx_local_type_template_args
    Feature record: CXX_FEATURE:1cxx_long_long_type
    Feature record: CXX_FEATURE:1cxx_noexcept
    Feature record: CXX_FEATURE:1cxx_nonstatic_member_init
    Feature record: CXX_FEATURE:1cxx_nullptr
    Feature record: CXX_FEATURE:1cxx_override
    Feature record: CXX_FEATURE:1cxx_range_for
    Feature record: CXX_FEATURE:1cxx_raw_string_literals
    Feature record: CXX_FEATURE:1cxx_reference_qualified_functions
    Feature record: CXX_FEATURE:1cxx_relaxed_constexpr
    Feature record: CXX_FEATURE:1cxx_return_type_deduction
    Feature record: CXX_FEATURE:1cxx_right_angle_brackets
    Feature record: CXX_FEATURE:1cxx_rvalue_references
    Feature record: CXX_FEATURE:1cxx_sizeof_member
    Feature record: CXX_FEATURE:1cxx_static_assert
    Feature record: CXX_FEATURE:1cxx_strong_enums
    Feature record: CXX_FEATURE:1cxx_template_template_parameters
    Feature record: CXX_FEATURE:1cxx_thread_local
    Feature record: CXX_FEATURE:1cxx_trailing_return_types
    Feature record: CXX_FEATURE:1cxx_unicode_literals
    Feature record: CXX_FEATURE:1cxx_uniform_initialization
    Feature record: CXX_FEATURE:1cxx_unrestricted_unions
    Feature record: CXX_FEATURE:1cxx_user_literals
    Feature record: CXX_FEATURE:1cxx_variable_templates
    Feature record: CXX_FEATURE:1cxx_variadic_macros
    Feature record: CXX_FEATURE:1cxx_variadic_templates


Detecting CXX [-std=c++11] compiler features compiled with the following output:
Change Dir: /Users/viraltaco/code/Exercism/cpp/luhn/build/CMakeFiles/CMakeTmp

Run Build Command(s):/usr/bin/xcodebuild -project CMAKE_TRY_COMPILE.xcodeproj build -target cmTC_dd10d -configuration Debug -hideShellScriptEnvironment 
User defaults from command line:
    HideShellScriptEnvironment = YES

Prepare build
note: Using legacy build system

=== BUILD TARGET cmTC_dd10d OF PROJECT CMAKE_TRY_COMPILE WITH CONFIGURATION Debug ===

Check dependencies

Write auxiliary files
/bin/mkdir -p /Users/viraltaco/code/Exercism/cpp/luhn/build/CMakeFiles/CMakeTmp/CMAKE_TRY_COMPILE.build/Debug/cmTC_dd10d.build/Objects-normal/x86_64
write-file /Users/viraltaco/code/Exercism/cpp/luhn/build/CMakeFiles/CMakeTmp/CMAKE_TRY_COMPILE.build/Debug/cmTC_dd10d.build/Objects-normal/x86_64/cmTC_dd10d.LinkFileList

CompileC CMAKE_TRY_COMPILE.build/Debug/cmTC_dd10d.build/Objects-normal/x86_64/feature_tests.o /Users/viraltaco/code/Exercism/cpp/luhn/build/CMakeFiles/feature_tests.cxx normal x86_64 c++ com.apple.compilers.llvm.clang.1_0.compiler
    cd /Users/viraltaco/code/Exercism/cpp/luhn/build/CMakeFiles/CMakeTmp
    /Applications/Xcode.app/Contents/Developer/Toolchains/XcodeDefault.xctoolchain/usr/bin/clang -x c++ -arch x86_64 -fmessage-length=0 -fdiagnostics-show-note-include-stack -fmacro-backtrace-limit=0 -Wno-trigraphs -fpascal-strings -O0 -Wno-missing-field-initializers -Wno-missing-prototypes -Wno-return-type -Wno-non-virtual-dtor -Wno-overloaded-virtual -Wno-exit-time-destructors -Wno-missing-braces -Wparentheses -Wswitch -Wno-unused-function -Wno-unused-label -Wno-unused-parameter -Wno-unused-variable -Wunused-value -Wno-empty-body -Wno-uninitialized -Wno-unknown-pragmas -Wno-shadow -Wno-four-char-constants -Wno-conversion -Wno-constant-conversion -Wno-int-conversion -Wno-bool-conversion -Wno-enum-conversion -Wno-float-conversion -Wno-non-literal-null-conversion -Wno-objc-literal-conversion -Wno-shorten-64-to-32 -Wno-newline-eof -Wno-c++11-extensions -DCMAKE_INTDIR=\"Debug\" -isysroot /Applications/Xcode.app/Contents/Developer/Platforms/MacOSX.platform/Developer/SDKs/MacOSX10.14.sdk -fasm-blocks -fstrict-aliasing -Wdeprecated-declarations -Winvalid-offsetof -mmacosx-version-min=10.14 -g -Wno-sign-conversion -Wno-infinite-recursion -Wno-move -Wno-comma -Wno-block-capture-autoreleasing -Wno-strict-prototypes -Wno-range-loop-analysis -Wno-semicolon-before-method-body -I/Users/viraltaco/code/Exercism/cpp/luhn/build/CMakeFiles/CMakeTmp/Debug/include -I/Users/viraltaco/code/Exercism/cpp/luhn/build/CMakeFiles/CMakeTmp/CMAKE_TRY_COMPILE.build/Debug/cmTC_dd10d.build/DerivedSources-normal/x86_64 -I/Users/viraltaco/code/Exercism/cpp/luhn/build/CMakeFiles/CMakeTmp/CMAKE_TRY_COMPILE.build/Debug/cmTC_dd10d.build/DerivedSources/x86_64 -I/Users/viraltaco/code/Exercism/cpp/luhn/build/CMakeFiles/CMakeTmp/CMAKE_TRY_COMPILE.build/Debug/cmTC_dd10d.build/DerivedSources -Wmost -Wno-four-char-constants -Wno-unknown-pragmas -F/Users/viraltaco/code/Exercism/cpp/luhn/build/CMakeFiles/CMakeTmp/Debug -std=c++11 -MMD -MT dependencies -MF /Users/viraltaco/code/Exercism/cpp/luhn/build/CMakeFiles/CMakeTmp/CMAKE_TRY_COMPILE.build/Debug/cmTC_dd10d.build/Objects-normal/x86_64/feature_tests.d --serialize-diagnostics /Users/viraltaco/code/Exercism/cpp/luhn/build/CMakeFiles/CMakeTmp/CMAKE_TRY_COMPILE.build/Debug/cmTC_dd10d.build/Objects-normal/x86_64/feature_tests.dia -c /Users/viraltaco/code/Exercism/cpp/luhn/build/CMakeFiles/feature_tests.cxx -o /Users/viraltaco/code/Exercism/cpp/luhn/build/CMakeFiles/CMakeTmp/CMAKE_TRY_COMPILE.build/Debug/cmTC_dd10d.build/Objects-normal/x86_64/feature_tests.o

Ld Debug/cmTC_dd10d normal x86_64
    cd /Users/viraltaco/code/Exercism/cpp/luhn/build/CMakeFiles/CMakeTmp
    /Applications/Xcode.app/Contents/Developer/Toolchains/XcodeDefault.xctoolchain/usr/bin/clang++ -arch x86_64 -isysroot /Applications/Xcode.app/Contents/Developer/Platforms/MacOSX.platform/Developer/SDKs/MacOSX10.14.sdk -L/Users/viraltaco/code/Exercism/cpp/luhn/build/CMakeFiles/CMakeTmp/Debug -F/Users/viraltaco/code/Exercism/cpp/luhn/build/CMakeFiles/CMakeTmp/Debug -filelist /Users/viraltaco/code/Exercism/cpp/luhn/build/CMakeFiles/CMakeTmp/CMAKE_TRY_COMPILE.build/Debug/cmTC_dd10d.build/Objects-normal/x86_64/cmTC_dd10d.LinkFileList -mmacosx-version-min=10.14 -Xlinker -object_path_lto -Xlinker /Users/viraltaco/code/Exercism/cpp/luhn/build/CMakeFiles/CMakeTmp/CMAKE_TRY_COMPILE.build/Debug/cmTC_dd10d.build/Objects-normal/x86_64/cmTC_dd10d_lto.o -Xlinker -no_deduplicate -L/usr/local/opt/ncurses/lib -Wl,-search_paths_first -Wl,-headerpad_max_install_names -Xlinker -dependency_info -Xlinker /Users/viraltaco/code/Exercism/cpp/luhn/build/CMakeFiles/CMakeTmp/CMAKE_TRY_COMPILE.build/Debug/cmTC_dd10d.build/Objects-normal/x86_64/cmTC_dd10d_dependency_info.dat -o /Users/viraltaco/code/Exercism/cpp/luhn/build/CMakeFiles/CMakeTmp/Debug/cmTC_dd10d

** BUILD SUCCEEDED **



    Feature record: CXX_FEATURE:0cxx_aggregate_default_initializers
    Feature record: CXX_FEATURE:1cxx_alias_templates
    Feature record: CXX_FEATURE:1cxx_alignas
    Feature record: CXX_FEATURE:1cxx_alignof
    Feature record: CXX_FEATURE:1cxx_attributes
    Feature record: CXX_FEATURE:0cxx_attribute_deprecated
    Feature record: CXX_FEATURE:1cxx_auto_type
    Feature record: CXX_FEATURE:0cxx_binary_literals
    Feature record: CXX_FEATURE:1cxx_constexpr
    Feature record: CXX_FEATURE:0cxx_contextual_conversions
    Feature record: CXX_FEATURE:1cxx_decltype
    Feature record: CXX_FEATURE:0cxx_decltype_auto
    Feature record: CXX_FEATURE:1cxx_decltype_incomplete_return_types
    Feature record: CXX_FEATURE:1cxx_default_function_template_args
    Feature record: CXX_FEATURE:1cxx_defaulted_functions
    Feature record: CXX_FEATURE:1cxx_defaulted_move_initializers
    Feature record: CXX_FEATURE:1cxx_delegating_constructors
    Feature record: CXX_FEATURE:1cxx_deleted_functions
    Feature record: CXX_FEATURE:0cxx_digit_separators
    Feature record: CXX_FEATURE:1cxx_enum_forward_declarations
    Feature record: CXX_FEATURE:1cxx_explicit_conversions
    Feature record: CXX_FEATURE:1cxx_extended_friend_declarations
    Feature record: CXX_FEATURE:1cxx_extern_templates
    Feature record: CXX_FEATURE:1cxx_final
    Feature record: CXX_FEATURE:1cxx_func_identifier
    Feature record: CXX_FEATURE:1cxx_generalized_initializers
    Feature record: CXX_FEATURE:0cxx_generic_lambdas
    Feature record: CXX_FEATURE:1cxx_inheriting_constructors
    Feature record: CXX_FEATURE:1cxx_inline_namespaces
    Feature record: CXX_FEATURE:1cxx_lambdas
    Feature record: CXX_FEATURE:0cxx_lambda_init_captures
    Feature record: CXX_FEATURE:1cxx_local_type_template_args
    Feature record: CXX_FEATURE:1cxx_long_long_type
    Feature record: CXX_FEATURE:1cxx_noexcept
    Feature record: CXX_FEATURE:1cxx_nonstatic_member_init
    Feature record: CXX_FEATURE:1cxx_nullptr
    Feature record: CXX_FEATURE:1cxx_override
    Feature record: CXX_FEATURE:1cxx_range_for
    Feature record: CXX_FEATURE:1cxx_raw_string_literals
    Feature record: CXX_FEATURE:1cxx_reference_qualified_functions
    Feature record: CXX_FEATURE:0cxx_relaxed_constexpr
    Feature record: CXX_FEATURE:0cxx_return_type_deduction
    Feature record: CXX_FEATURE:1cxx_right_angle_brackets
    Feature record: CXX_FEATURE:1cxx_rvalue_references
    Feature record: CXX_FEATURE:1cxx_sizeof_member
    Feature record: CXX_FEATURE:1cxx_static_assert
    Feature record: CXX_FEATURE:1cxx_strong_enums
    Feature record: CXX_FEATURE:1cxx_template_template_parameters
    Feature record: CXX_FEATURE:1cxx_thread_local
    Feature record: CXX_FEATURE:1cxx_trailing_return_types
    Feature record: CXX_FEATURE:1cxx_unicode_literals
    Feature record: CXX_FEATURE:1cxx_uniform_initialization
    Feature record: CXX_FEATURE:1cxx_unrestricted_unions
    Feature record: CXX_FEATURE:1cxx_user_literals
    Feature record: CXX_FEATURE:0cxx_variable_templates
    Feature record: CXX_FEATURE:1cxx_variadic_macros
    Feature record: CXX_FEATURE:1cxx_variadic_templates


Detecting CXX [-std=c++98] compiler features compiled with the following output:
Change Dir: /Users/viraltaco/code/Exercism/cpp/luhn/build/CMakeFiles/CMakeTmp

Run Build Command(s):/usr/bin/xcodebuild -project CMAKE_TRY_COMPILE.xcodeproj build -target cmTC_72e7b -configuration Debug -hideShellScriptEnvironment 
User defaults from command line:
    HideShellScriptEnvironment = YES

Prepare build
note: Using legacy build system

=== BUILD TARGET cmTC_72e7b OF PROJECT CMAKE_TRY_COMPILE WITH CONFIGURATION Debug ===

Check dependencies

Write auxiliary files
/bin/mkdir -p /Users/viraltaco/code/Exercism/cpp/luhn/build/CMakeFiles/CMakeTmp/CMAKE_TRY_COMPILE.build/Debug/cmTC_72e7b.build/Objects-normal/x86_64
write-file /Users/viraltaco/code/Exercism/cpp/luhn/build/CMakeFiles/CMakeTmp/CMAKE_TRY_COMPILE.build/Debug/cmTC_72e7b.build/Objects-normal/x86_64/cmTC_72e7b.LinkFileList

CompileC CMAKE_TRY_COMPILE.build/Debug/cmTC_72e7b.build/Objects-normal/x86_64/feature_tests.o /Users/viraltaco/code/Exercism/cpp/luhn/build/CMakeFiles/feature_tests.cxx normal x86_64 c++ com.apple.compilers.llvm.clang.1_0.compiler
    cd /Users/viraltaco/code/Exercism/cpp/luhn/build/CMakeFiles/CMakeTmp
    /Applications/Xcode.app/Contents/Developer/Toolchains/XcodeDefault.xctoolchain/usr/bin/clang -x c++ -arch x86_64 -fmessage-length=0 -fdiagnostics-show-note-include-stack -fmacro-backtrace-limit=0 -Wno-trigraphs -fpascal-strings -O0 -Wno-missing-field-initializers -Wno-missing-prototypes -Wno-return-type -Wno-non-virtual-dtor -Wno-overloaded-virtual -Wno-exit-time-destructors -Wno-missing-braces -Wparentheses -Wswitch -Wno-unused-function -Wno-unused-label -Wno-unused-parameter -Wno-unused-variable -Wunused-value -Wno-empty-body -Wno-uninitialized -Wno-unknown-pragmas -Wno-shadow -Wno-four-char-constants -Wno-conversion -Wno-constant-conversion -Wno-int-conversion -Wno-bool-conversion -Wno-enum-conversion -Wno-float-conversion -Wno-non-literal-null-conversion -Wno-objc-literal-conversion -Wno-shorten-64-to-32 -Wno-newline-eof -Wno-c++11-extensions -DCMAKE_INTDIR=\"Debug\" -isysroot /Applications/Xcode.app/Contents/Developer/Platforms/MacOSX.platform/Developer/SDKs/MacOSX10.14.sdk -fasm-blocks -fstrict-aliasing -Wdeprecated-declarations -Winvalid-offsetof -mmacosx-version-min=10.14 -g -Wno-sign-conversion -Wno-infinite-recursion -Wno-move -Wno-comma -Wno-block-capture-autoreleasing -Wno-strict-prototypes -Wno-range-loop-analysis -Wno-semicolon-before-method-body -I/Users/viraltaco/code/Exercism/cpp/luhn/build/CMakeFiles/CMakeTmp/Debug/include -I/Users/viraltaco/code/Exercism/cpp/luhn/build/CMakeFiles/CMakeTmp/CMAKE_TRY_COMPILE.build/Debug/cmTC_72e7b.build/DerivedSources-normal/x86_64 -I/Users/viraltaco/code/Exercism/cpp/luhn/build/CMakeFiles/CMakeTmp/CMAKE_TRY_COMPILE.build/Debug/cmTC_72e7b.build/DerivedSources/x86_64 -I/Users/viraltaco/code/Exercism/cpp/luhn/build/CMakeFiles/CMakeTmp/CMAKE_TRY_COMPILE.build/Debug/cmTC_72e7b.build/DerivedSources -Wmost -Wno-four-char-constants -Wno-unknown-pragmas -F/Users/viraltaco/code/Exercism/cpp/luhn/build/CMakeFiles/CMakeTmp/Debug -std=c++98 -MMD -MT dependencies -MF /Users/viraltaco/code/Exercism/cpp/luhn/build/CMakeFiles/CMakeTmp/CMAKE_TRY_COMPILE.build/Debug/cmTC_72e7b.build/Objects-normal/x86_64/feature_tests.d --serialize-diagnostics /Users/viraltaco/code/Exercism/cpp/luhn/build/CMakeFiles/CMakeTmp/CMAKE_TRY_COMPILE.build/Debug/cmTC_72e7b.build/Objects-normal/x86_64/feature_tests.dia -c /Users/viraltaco/code/Exercism/cpp/luhn/build/CMakeFiles/feature_tests.cxx -o /Users/viraltaco/code/Exercism/cpp/luhn/build/CMakeFiles/CMakeTmp/CMAKE_TRY_COMPILE.build/Debug/cmTC_72e7b.build/Objects-normal/x86_64/feature_tests.o

Ld Debug/cmTC_72e7b normal x86_64
    cd /Users/viraltaco/code/Exercism/cpp/luhn/build/CMakeFiles/CMakeTmp
    /Applications/Xcode.app/Contents/Developer/Toolchains/XcodeDefault.xctoolchain/usr/bin/clang++ -arch x86_64 -isysroot /Applications/Xcode.app/Contents/Developer/Platforms/MacOSX.platform/Developer/SDKs/MacOSX10.14.sdk -L/Users/viraltaco/code/Exercism/cpp/luhn/build/CMakeFiles/CMakeTmp/Debug -F/Users/viraltaco/code/Exercism/cpp/luhn/build/CMakeFiles/CMakeTmp/Debug -filelist /Users/viraltaco/code/Exercism/cpp/luhn/build/CMakeFiles/CMakeTmp/CMAKE_TRY_COMPILE.build/Debug/cmTC_72e7b.build/Objects-normal/x86_64/cmTC_72e7b.LinkFileList -mmacosx-version-min=10.14 -Xlinker -object_path_lto -Xlinker /Users/viraltaco/code/Exercism/cpp/luhn/build/CMakeFiles/CMakeTmp/CMAKE_TRY_COMPILE.build/Debug/cmTC_72e7b.build/Objects-normal/x86_64/cmTC_72e7b_lto.o -Xlinker -no_deduplicate -L/usr/local/opt/ncurses/lib -Wl,-search_paths_first -Wl,-headerpad_max_install_names -Xlinker -dependency_info -Xlinker /Users/viraltaco/code/Exercism/cpp/luhn/build/CMakeFiles/CMakeTmp/CMAKE_TRY_COMPILE.build/Debug/cmTC_72e7b.build/Objects-normal/x86_64/cmTC_72e7b_dependency_info.dat -o /Users/viraltaco/code/Exercism/cpp/luhn/build/CMakeFiles/CMakeTmp/Debug/cmTC_72e7b

** BUILD SUCCEEDED **



    Feature record: CXX_FEATURE:0cxx_aggregate_default_initializers
    Feature record: CXX_FEATURE:0cxx_alias_templates
    Feature record: CXX_FEATURE:0cxx_alignas
    Feature record: CXX_FEATURE:0cxx_alignof
    Feature record: CXX_FEATURE:0cxx_attributes
    Feature record: CXX_FEATURE:0cxx_attribute_deprecated
    Feature record: CXX_FEATURE:0cxx_auto_type
    Feature record: CXX_FEATURE:0cxx_binary_literals
    Feature record: CXX_FEATURE:0cxx_constexpr
    Feature record: CXX_FEATURE:0cxx_contextual_conversions
    Feature record: CXX_FEATURE:0cxx_decltype
    Feature record: CXX_FEATURE:0cxx_decltype_auto
    Feature record: CXX_FEATURE:0cxx_decltype_incomplete_return_types
    Feature record: CXX_FEATURE:0cxx_default_function_template_args
    Feature record: CXX_FEATURE:0cxx_defaulted_functions
    Feature record: CXX_FEATURE:0cxx_defaulted_move_initializers
    Feature record: CXX_FEATURE:0cxx_delegating_constructors
    Feature record: CXX_FEATURE:0cxx_deleted_functions
    Feature record: CXX_FEATURE:0cxx_digit_separators
    Feature record: CXX_FEATURE:0cxx_enum_forward_declarations
    Feature record: CXX_FEATURE:0cxx_explicit_conversions
    Feature record: CXX_FEATURE:0cxx_extended_friend_declarations
    Feature record: CXX_FEATURE:0cxx_extern_templates
    Feature record: CXX_FEATURE:0cxx_final
    Feature record: CXX_FEATURE:0cxx_func_identifier
    Feature record: CXX_FEATURE:0cxx_generalized_initializers
    Feature record: CXX_FEATURE:0cxx_generic_lambdas
    Feature record: CXX_FEATURE:0cxx_inheriting_constructors
    Feature record: CXX_FEATURE:0cxx_inline_namespaces
    Feature record: CXX_FEATURE:0cxx_lambdas
    Feature record: CXX_FEATURE:0cxx_lambda_init_captures
    Feature record: CXX_FEATURE:0cxx_local_type_template_args
    Feature record: CXX_FEATURE:0cxx_long_long_type
    Feature record: CXX_FEATURE:0cxx_noexcept
    Feature record: CXX_FEATURE:0cxx_nonstatic_member_init
    Feature record: CXX_FEATURE:0cxx_nullptr
    Feature record: CXX_FEATURE:0cxx_override
    Feature record: CXX_FEATURE:0cxx_range_for
    Feature record: CXX_FEATURE:0cxx_raw_string_literals
    Feature record: CXX_FEATURE:0cxx_reference_qualified_functions
    Feature record: CXX_FEATURE:0cxx_relaxed_constexpr
    Feature record: CXX_FEATURE:0cxx_return_type_deduction
    Feature record: CXX_FEATURE:0cxx_right_angle_brackets
    Feature record: CXX_FEATURE:0cxx_rvalue_references
    Feature record: CXX_FEATURE:0cxx_sizeof_member
    Feature record: CXX_FEATURE:0cxx_static_assert
    Feature record: CXX_FEATURE:0cxx_strong_enums
    Feature record: CXX_FEATURE:1cxx_template_template_parameters
    Feature record: CXX_FEATURE:0cxx_thread_local
    Feature record: CXX_FEATURE:0cxx_trailing_return_types
    Feature record: CXX_FEATURE:0cxx_unicode_literals
    Feature record: CXX_FEATURE:0cxx_uniform_initialization
    Feature record: CXX_FEATURE:0cxx_unrestricted_unions
    Feature record: CXX_FEATURE:0cxx_user_literals
    Feature record: CXX_FEATURE:0cxx_variable_templates
    Feature record: CXX_FEATURE:0cxx_variadic_macros
    Feature record: CXX_FEATURE:0cxx_variadic_templates
