The system is: Darwin - 18.7.0 - x86_64
Compiling the CXX compiler identification source file "CMakeCXXCompilerId.cpp" succeeded.
Compiler:  
Build flags: 
Id flags:  

The output was:
0
note: Using new build system
note: Planning build
note: Constructing build description
Build system information
warning: Traditional headermap style is no longer supported; please migrate to using separate headermaps and set 'ALWAYS_SEARCH_USER_PATHS' to NO. (in target 'CompilerIdCXX')

CreateBuildDirectory /Users/viraltaco/Desktop/code/Exercism/cpp/collatz-conjecture/build/CMakeFiles/3.14.4/CompilerIdCXX (in target: CompilerIdCXX)
    cd /Users/viraltaco/Desktop/code/Exercism/cpp/collatz-conjecture/build/CMakeFiles/3.14.4/CompilerIdCXX
    builtin-create-build-directory /Users/viraltaco/Desktop/code/Exercism/cpp/collatz-conjecture/build/CMakeFiles/3.14.4/CompilerIdCXX

WriteAuxiliaryFile /Users/viraltaco/Desktop/code/Exercism/cpp/collatz-conjecture/build/CMakeFiles/3.14.4/CompilerIdCXX/CompilerIdCXX.build/Debug/CompilerIdCXX.build/all-product-headers.yaml (in target: CompilerIdCXX)
    cd /Users/viraltaco/Desktop/code/Exercism/cpp/collatz-conjecture/build/CMakeFiles/3.14.4/CompilerIdCXX
    write-file /Users/viraltaco/Desktop/code/Exercism/cpp/collatz-conjecture/build/CMakeFiles/3.14.4/CompilerIdCXX/CompilerIdCXX.build/Debug/CompilerIdCXX.build/all-product-headers.yaml

WriteAuxiliaryFile /Users/viraltaco/Desktop/code/Exercism/cpp/collatz-conjecture/build/CMakeFiles/3.14.4/CompilerIdCXX/CompilerIdCXX.build/Debug/CompilerIdCXX.build/CompilerIdCXX.hmap (in target: CompilerIdCXX)
    cd /Users/viraltaco/Desktop/code/Exercism/cpp/collatz-conjecture/build/CMakeFiles/3.14.4/CompilerIdCXX
    write-file /Users/viraltaco/Desktop/code/Exercism/cpp/collatz-conjecture/build/CMakeFiles/3.14.4/CompilerIdCXX/CompilerIdCXX.build/Debug/CompilerIdCXX.build/CompilerIdCXX.hmap

WriteAuxiliaryFile /Users/viraltaco/Desktop/code/Exercism/cpp/collatz-conjecture/build/CMakeFiles/3.14.4/CompilerIdCXX/CompilerIdCXX.build/Debug/CompilerIdCXX.build/CompilerIdCXX-own-target-headers.hmap (in target: CompilerIdCXX)
    cd /Users/viraltaco/Desktop/code/Exercism/cpp/collatz-conjecture/build/CMakeFiles/3.14.4/CompilerIdCXX
    write-file /Users/viraltaco/Desktop/code/Exercism/cpp/collatz-conjecture/build/CMakeFiles/3.14.4/CompilerIdCXX/CompilerIdCXX.build/Debug/CompilerIdCXX.build/CompilerIdCXX-own-target-headers.hmap

WriteAuxiliaryFile /Users/viraltaco/Desktop/code/Exercism/cpp/collatz-conjecture/build/CMakeFiles/3.14.4/CompilerIdCXX/CompilerIdCXX.build/Debug/CompilerIdCXX.build/CompilerIdCXX-project-headers.hmap (in target: CompilerIdCXX)
    cd /Users/viraltaco/Desktop/code/Exercism/cpp/collatz-conjecture/build/CMakeFiles/3.14.4/CompilerIdCXX
    write-file /Users/viraltaco/Desktop/code/Exercism/cpp/collatz-conjecture/build/CMakeFiles/3.14.4/CompilerIdCXX/CompilerIdCXX.build/Debug/CompilerIdCXX.build/CompilerIdCXX-project-headers.hmap

WriteAuxiliaryFile /Users/viraltaco/Desktop/code/Exercism/cpp/collatz-conjecture/build/CMakeFiles/3.14.4/CompilerIdCXX/CompilerIdCXX.build/Debug/CompilerIdCXX.build/CompilerIdCXX-generated-files.hmap (in target: CompilerIdCXX)
    cd /Users/viraltaco/Desktop/code/Exercism/cpp/collatz-conjecture/build/CMakeFiles/3.14.4/CompilerIdCXX
    write-file /Users/viraltaco/Desktop/code/Exercism/cpp/collatz-conjecture/build/CMakeFiles/3.14.4/CompilerIdCXX/CompilerIdCXX.build/Debug/CompilerIdCXX.build/CompilerIdCXX-generated-files.hmap

WriteAuxiliaryFile /Users/viraltaco/Desktop/code/Exercism/cpp/collatz-conjecture/build/CMakeFiles/3.14.4/CompilerIdCXX/CompilerIdCXX.build/Debug/CompilerIdCXX.build/CompilerIdCXX-all-target-headers.hmap (in target: CompilerIdCXX)
    cd /Users/viraltaco/Desktop/code/Exercism/cpp/collatz-conjecture/build/CMakeFiles/3.14.4/CompilerIdCXX
    write-file /Users/viraltaco/Desktop/code/Exercism/cpp/collatz-conjecture/build/CMakeFiles/3.14.4/CompilerIdCXX/CompilerIdCXX.build/Debug/CompilerIdCXX.build/CompilerIdCXX-all-target-headers.hmap

WriteAuxiliaryFile /Users/viraltaco/Desktop/code/Exercism/cpp/collatz-conjecture/build/CMakeFiles/3.14.4/CompilerIdCXX/CompilerIdCXX.build/Debug/CompilerIdCXX.build/CompilerIdCXX-all-non-framework-target-headers.hmap (in target: CompilerIdCXX)
    cd /Users/viraltaco/Desktop/code/Exercism/cpp/collatz-conjecture/build/CMakeFiles/3.14.4/CompilerIdCXX
    write-file /Users/viraltaco/Desktop/code/Exercism/cpp/collatz-conjecture/build/CMakeFiles/3.14.4/CompilerIdCXX/CompilerIdCXX.build/Debug/CompilerIdCXX.build/CompilerIdCXX-all-non-framework-target-headers.hmap

CompileC /Users/viraltaco/Desktop/code/Exercism/cpp/collatz-conjecture/build/CMakeFiles/3.14.4/CompilerIdCXX/CompilerIdCXX.build/Debug/CompilerIdCXX.build/Objects-normal/x86_64/CMakeCXXCompilerId.o /Users/viraltaco/Desktop/code/Exercism/cpp/collatz-conjecture/build/CMakeFiles/3.14.4/CompilerIdCXX/CMakeCXXCompilerId.cpp normal x86_64 c++ com.apple.compilers.llvm.clang.1_0.compiler (in target: CompilerIdCXX)
    cd /Users/viraltaco/Desktop/code/Exercism/cpp/collatz-conjecture/build/CMakeFiles/3.14.4/CompilerIdCXX
    export LANG=en_US.US-ASCII
    /Applications/Xcode.app/Contents/Developer/Toolchains/XcodeDefault.xctoolchain/usr/bin/clang -x c++ -arch x86_64 -fmessage-length=0 -fdiagnostics-show-note-include-stack -fmacro-backtrace-limit=0 -Wno-trigraphs -fpascal-strings -Os -Wno-missing-field-initializers -Wno-missing-prototypes -Wno-return-type -Wno-non-virtual-dtor -Wno-overloaded-virtual -Wno-exit-time-destructors -Wno-missing-braces -Wparentheses -Wswitch -Wno-unused-function -Wno-unused-label -Wno-unused-parameter -Wno-unused-variable -Wunused-value -Wno-empty-body -Wno-uninitialized -Wno-unknown-pragmas -Wno-shadow -Wno-four-char-constants -Wno-conversion -Wno-constant-conversion -Wno-int-conversion -Wno-bool-conversion -Wno-enum-conversion -Wno-float-conversion -Wno-non-literal-null-conversion -Wno-objc-literal-conversion -Wno-shorten-64-to-32 -Wno-newline-eof -Wno-c++11-extensions -isysroot /Applications/Xcode.app/Contents/Developer/Platforms/MacOSX.platform/Developer/SDKs/MacOSX10.14.sdk -fasm-blocks -fstrict-aliasing -Wdeprecated-declarations -Winvalid-offsetof -mmacosx-version-min=10.14 -g -fvisibility=hidden -fvisibility-inlines-hidden -Wno-sign-conversion -Wno-infinite-recursion -Wno-move -Wno-comma -Wno-block-capture-autoreleasing -Wno-strict-prototypes -Wno-range-loop-analysis -Wno-semicolon-before-method-body -iquote /Users/viraltaco/Desktop/code/Exercism/cpp/collatz-conjecture/build/CMakeFiles/3.14.4/CompilerIdCXX/CompilerIdCXX.build/Debug/CompilerIdCXX.build/CompilerIdCXX-generated-files.hmap -I/Users/viraltaco/Desktop/code/Exercism/cpp/collatz-conjecture/build/CMakeFiles/3.14.4/CompilerIdCXX/CompilerIdCXX.build/Debug/CompilerIdCXX.build/CompilerIdCXX-own-target-headers.hmap -I/Users/viraltaco/Desktop/code/Exercism/cpp/collatz-conjecture/build/CMakeFiles/3.14.4/CompilerIdCXX/CompilerIdCXX.build/Debug/CompilerIdCXX.build/CompilerIdCXX-all-target-headers.hmap -iquote /Users/viraltaco/Desktop/code/Exercism/cpp/collatz-conjecture/build/CMakeFiles/3.14.4/CompilerIdCXX/CompilerIdCXX.build/Debug/CompilerIdCXX.build/CompilerIdCXX-project-headers.hmap -I/Users/viraltaco/Desktop/code/Exercism/cpp/collatz-conjecture/build/CMakeFiles/3.14.4/CompilerIdCXX/include -I/Users/viraltaco/Desktop/code/Exercism/cpp/collatz-conjecture/build/CMakeFiles/3.14.4/CompilerIdCXX/CompilerIdCXX.build/Debug/CompilerIdCXX.build/DerivedSources-normal/x86_64 -I/Users/viraltaco/Desktop/code/Exercism/cpp/collatz-conjecture/build/CMakeFiles/3.14.4/CompilerIdCXX/CompilerIdCXX.build/Debug/CompilerIdCXX.build/DerivedSources/x86_64 -I/Users/viraltaco/Desktop/code/Exercism/cpp/collatz-conjecture/build/CMakeFiles/3.14.4/CompilerIdCXX/CompilerIdCXX.build/Debug/CompilerIdCXX.build/DerivedSources -F/Users/viraltaco/Desktop/code/Exercism/cpp/collatz-conjecture/build/CMakeFiles/3.14.4/CompilerIdCXX -MMD -MT dependencies -MF /Users/viraltaco/Desktop/code/Exercism/cpp/collatz-conjecture/build/CMakeFiles/3.14.4/CompilerIdCXX/CompilerIdCXX.build/Debug/CompilerIdCXX.build/Objects-normal/x86_64/CMakeCXXCompilerId.d --serialize-diagnostics /Users/viraltaco/Desktop/code/Exercism/cpp/collatz-conjecture/build/CMakeFiles/3.14.4/CompilerIdCXX/CompilerIdCXX.build/Debug/CompilerIdCXX.build/Objects-normal/x86_64/CMakeCXXCompilerId.dia -c /Users/viraltaco/Desktop/code/Exercism/cpp/collatz-conjecture/build/CMakeFiles/3.14.4/CompilerIdCXX/CMakeCXXCompilerId.cpp -o /Users/viraltaco/Desktop/code/Exercism/cpp/collatz-conjecture/build/CMakeFiles/3.14.4/CompilerIdCXX/CompilerIdCXX.build/Debug/CompilerIdCXX.build/Objects-normal/x86_64/CMakeCXXCompilerId.o

WriteAuxiliaryFile /Users/viraltaco/Desktop/code/Exercism/cpp/collatz-conjecture/build/CMakeFiles/3.14.4/CompilerIdCXX/CompilerIdCXX.build/Debug/CompilerIdCXX.build/Objects-normal/x86_64/CompilerIdCXX.LinkFileList (in target: CompilerIdCXX)
    cd /Users/viraltaco/Desktop/code/Exercism/cpp/collatz-conjecture/build/CMakeFiles/3.14.4/CompilerIdCXX
    write-file /Users/viraltaco/Desktop/code/Exercism/cpp/collatz-conjecture/build/CMakeFiles/3.14.4/CompilerIdCXX/CompilerIdCXX.build/Debug/CompilerIdCXX.build/Objects-normal/x86_64/CompilerIdCXX.LinkFileList

Ld /Users/viraltaco/Desktop/code/Exercism/cpp/collatz-conjecture/build/CMakeFiles/3.14.4/CompilerIdCXX/CompilerIdCXX normal x86_64 (in target: CompilerIdCXX)
    cd /Users/viraltaco/Desktop/code/Exercism/cpp/collatz-conjecture/build/CMakeFiles/3.14.4/CompilerIdCXX
    export MACOSX_DEPLOYMENT_TARGET=10.14
    /Applications/Xcode.app/Contents/Developer/Toolchains/XcodeDefault.xctoolchain/usr/bin/clang++ -arch x86_64 -isysroot /Applications/Xcode.app/Contents/Developer/Platforms/MacOSX.platform/Developer/SDKs/MacOSX10.14.sdk -L/Users/viraltaco/Desktop/code/Exercism/cpp/collatz-conjecture/build/CMakeFiles/3.14.4/CompilerIdCXX -F/Users/viraltaco/Desktop/code/Exercism/cpp/collatz-conjecture/build/CMakeFiles/3.14.4/CompilerIdCXX -filelist /Users/viraltaco/Desktop/code/Exercism/cpp/collatz-conjecture/build/CMakeFiles/3.14.4/CompilerIdCXX/CompilerIdCXX.build/Debug/CompilerIdCXX.build/Objects-normal/x86_64/CompilerIdCXX.LinkFileList -mmacosx-version-min=10.14 -Xlinker -object_path_lto -Xlinker /Users/viraltaco/Desktop/code/Exercism/cpp/collatz-conjecture/build/CMakeFiles/3.14.4/CompilerIdCXX/CompilerIdCXX.build/Debug/CompilerIdCXX.build/Objects-normal/x86_64/CompilerIdCXX_lto.o -Xlinker -dependency_info -Xlinker /Users/viraltaco/Desktop/code/Exercism/cpp/collatz-conjecture/build/CMakeFiles/3.14.4/CompilerIdCXX/CompilerIdCXX.build/Debug/CompilerIdCXX.build/Objects-normal/x86_64/CompilerIdCXX_dependency_info.dat -o /Users/viraltaco/Desktop/code/Exercism/cpp/collatz-conjecture/build/CMakeFiles/3.14.4/CompilerIdCXX/CompilerIdCXX

WriteAuxiliaryFile /Users/viraltaco/Desktop/code/Exercism/cpp/collatz-conjecture/build/CMakeFiles/3.14.4/CompilerIdCXX/CompilerIdCXX.build/Debug/CompilerIdCXX.build/Script-2C8FEB8E15DC1A1A00E56A5D.sh (in target: CompilerIdCXX)
    cd /Users/viraltaco/Desktop/code/Exercism/cpp/collatz-conjecture/build/CMakeFiles/3.14.4/CompilerIdCXX
    write-file /Users/viraltaco/Desktop/code/Exercism/cpp/collatz-conjecture/build/CMakeFiles/3.14.4/CompilerIdCXX/CompilerIdCXX.build/Debug/CompilerIdCXX.build/Script-2C8FEB8E15DC1A1A00E56A5D.sh

PhaseScriptExecution Run\ Script /Users/viraltaco/Desktop/code/Exercism/cpp/collatz-conjecture/build/CMakeFiles/3.14.4/CompilerIdCXX/CompilerIdCXX.build/Debug/CompilerIdCXX.build/Script-2C8FEB8E15DC1A1A00E56A5D.sh (in target: CompilerIdCXX)
    cd /Users/viraltaco/Desktop/code/Exercism/cpp/collatz-conjecture/build/CMakeFiles/3.14.4/CompilerIdCXX
    /bin/sh -c /Users/viraltaco/Desktop/code/Exercism/cpp/collatz-conjecture/build/CMakeFiles/3.14.4/CompilerIdCXX/CompilerIdCXX.build/Debug/CompilerIdCXX.build/Script-2C8FEB8E15DC1A1A00E56A5D.sh
GCC_VERSION=com.apple.compilers.llvm.clang.1_0
ARCHS=x86_64

** BUILD SUCCEEDED **



Compilation of the CXX compiler identification source "CMakeCXXCompilerId.cpp" produced "CompilerIdCXX"

The CXX compiler identification is AppleClang, found in "/Users/viraltaco/code/Exercism/cpp/collatz-conjecture/build/CMakeFiles/3.14.4/CompilerIdCXX/CompilerIdCXX"

Determining if the CXX compiler works passed with the following output:
Change Dir: /Users/viraltaco/code/Exercism/cpp/collatz-conjecture/build/CMakeFiles/CMakeTmp

Run Build Command(s):/usr/bin/xcodebuild -project CMAKE_TRY_COMPILE.xcodeproj build -target cmTC_30bb6 -configuration Debug -hideShellScriptEnvironment 
User defaults from command line:
    HideShellScriptEnvironment = YES

Prepare build
note: Using legacy build system

=== BUILD TARGET cmTC_30bb6 OF PROJECT CMAKE_TRY_COMPILE WITH CONFIGURATION Debug ===

Check dependencies

Write auxiliary files
/bin/mkdir -p /Users/viraltaco/code/Exercism/cpp/collatz-conjecture/build/CMakeFiles/CMakeTmp/CMAKE_TRY_COMPILE.build/Debug/cmTC_30bb6.build/Objects-normal/x86_64
write-file /Users/viraltaco/code/Exercism/cpp/collatz-conjecture/build/CMakeFiles/CMakeTmp/CMAKE_TRY_COMPILE.build/Debug/cmTC_30bb6.build/Objects-normal/x86_64/cmTC_30bb6.LinkFileList

CompileC /Users/viraltaco/code/Exercism/cpp/collatz-conjecture/build/CMakeFiles/CMakeTmp/CMAKE_TRY_COMPILE.build/Debug/cmTC_30bb6.build/Objects-normal/x86_64/testCXXCompiler.o testCXXCompiler.cxx normal x86_64 c++ com.apple.compilers.llvm.clang.1_0.compiler
    cd /Users/viraltaco/Desktop/code/Exercism/cpp/collatz-conjecture/build/CMakeFiles/CMakeTmp
    /Applications/Xcode.app/Contents/Developer/Toolchains/XcodeDefault.xctoolchain/usr/bin/clang -x c++ -arch x86_64 -fmessage-length=0 -fdiagnostics-show-note-include-stack -fmacro-backtrace-limit=0 -Wno-trigraphs -fpascal-strings -O0 -Wno-missing-field-initializers -Wno-missing-prototypes -Wno-return-type -Wno-non-virtual-dtor -Wno-overloaded-virtual -Wno-exit-time-destructors -Wno-missing-braces -Wparentheses -Wswitch -Wno-unused-function -Wno-unused-label -Wno-unused-parameter -Wno-unused-variable -Wunused-value -Wno-empty-body -Wno-uninitialized -Wno-unknown-pragmas -Wno-shadow -Wno-four-char-constants -Wno-conversion -Wno-constant-conversion -Wno-int-conversion -Wno-bool-conversion -Wno-enum-conversion -Wno-float-conversion -Wno-non-literal-null-conversion -Wno-objc-literal-conversion -Wno-shorten-64-to-32 -Wno-newline-eof -Wno-c++11-extensions -DCMAKE_INTDIR=\"Debug\" -isysroot /Applications/Xcode.app/Contents/Developer/Platforms/MacOSX.platform/Developer/SDKs/MacOSX10.14.sdk -fasm-blocks -fstrict-aliasing -Wdeprecated-declarations -Winvalid-offsetof -mmacosx-version-min=10.14 -g -Wno-sign-conversion -Wno-infinite-recursion -Wno-move -Wno-comma -Wno-block-capture-autoreleasing -Wno-strict-prototypes -Wno-range-loop-analysis -Wno-semicolon-before-method-body -I/Users/viraltaco/code/Exercism/cpp/collatz-conjecture/build/CMakeFiles/CMakeTmp/Debug/include -I/Users/viraltaco/code/Exercism/cpp/collatz-conjecture/build/CMakeFiles/CMakeTmp/CMAKE_TRY_COMPILE.build/Debug/cmTC_30bb6.build/DerivedSources-normal/x86_64 -I/Users/viraltaco/code/Exercism/cpp/collatz-conjecture/build/CMakeFiles/CMakeTmp/CMAKE_TRY_COMPILE.build/Debug/cmTC_30bb6.build/DerivedSources/x86_64 -I/Users/viraltaco/code/Exercism/cpp/collatz-conjecture/build/CMakeFiles/CMakeTmp/CMAKE_TRY_COMPILE.build/Debug/cmTC_30bb6.build/DerivedSources -Wmost -Wno-four-char-constants -Wno-unknown-pragmas -F/Users/viraltaco/code/Exercism/cpp/collatz-conjecture/build/CMakeFiles/CMakeTmp/Debug -MMD -MT dependencies -MF /Users/viraltaco/code/Exercism/cpp/collatz-conjecture/build/CMakeFiles/CMakeTmp/CMAKE_TRY_COMPILE.build/Debug/cmTC_30bb6.build/Objects-normal/x86_64/testCXXCompiler.d --serialize-diagnostics /Users/viraltaco/code/Exercism/cpp/collatz-conjecture/build/CMakeFiles/CMakeTmp/CMAKE_TRY_COMPILE.build/Debug/cmTC_30bb6.build/Objects-normal/x86_64/testCXXCompiler.dia -c /Users/viraltaco/Desktop/code/Exercism/cpp/collatz-conjecture/build/CMakeFiles/CMakeTmp/testCXXCompiler.cxx -o /Users/viraltaco/code/Exercism/cpp/collatz-conjecture/build/CMakeFiles/CMakeTmp/CMAKE_TRY_COMPILE.build/Debug/cmTC_30bb6.build/Objects-normal/x86_64/testCXXCompiler.o

Ld /Users/viraltaco/code/Exercism/cpp/collatz-conjecture/build/CMakeFiles/CMakeTmp/Debug/cmTC_30bb6 normal x86_64
    cd /Users/viraltaco/Desktop/code/Exercism/cpp/collatz-conjecture/build/CMakeFiles/CMakeTmp
    /Applications/Xcode.app/Contents/Developer/Toolchains/XcodeDefault.xctoolchain/usr/bin/clang++ -arch x86_64 -isysroot /Applications/Xcode.app/Contents/Developer/Platforms/MacOSX.platform/Developer/SDKs/MacOSX10.14.sdk -L/Users/viraltaco/code/Exercism/cpp/collatz-conjecture/build/CMakeFiles/CMakeTmp/Debug -F/Users/viraltaco/code/Exercism/cpp/collatz-conjecture/build/CMakeFiles/CMakeTmp/Debug -filelist /Users/viraltaco/code/Exercism/cpp/collatz-conjecture/build/CMakeFiles/CMakeTmp/CMAKE_TRY_COMPILE.build/Debug/cmTC_30bb6.build/Objects-normal/x86_64/cmTC_30bb6.LinkFileList -mmacosx-version-min=10.14 -Xlinker -object_path_lto -Xlinker /Users/viraltaco/code/Exercism/cpp/collatz-conjecture/build/CMakeFiles/CMakeTmp/CMAKE_TRY_COMPILE.build/Debug/cmTC_30bb6.build/Objects-normal/x86_64/cmTC_30bb6_lto.o -Xlinker -no_deduplicate -L/usr/local/opt/ncurses/lib -Wl,-search_paths_first -Wl,-headerpad_max_install_names -Xlinker -dependency_info -Xlinker /Users/viraltaco/code/Exercism/cpp/collatz-conjecture/build/CMakeFiles/CMakeTmp/CMAKE_TRY_COMPILE.build/Debug/cmTC_30bb6.build/Objects-normal/x86_64/cmTC_30bb6_dependency_info.dat -o /Users/viraltaco/code/Exercism/cpp/collatz-conjecture/build/CMakeFiles/CMakeTmp/Debug/cmTC_30bb6

** BUILD SUCCEEDED **





Detecting CXX [-std=c++1z] compiler features compiled with the following output:
Change Dir: /Users/viraltaco/code/Exercism/cpp/collatz-conjecture/build/CMakeFiles/CMakeTmp

Run Build Command(s):/usr/bin/xcodebuild -project CMAKE_TRY_COMPILE.xcodeproj build -target cmTC_7eaa4 -configuration Debug -hideShellScriptEnvironment 
User defaults from command line:
    HideShellScriptEnvironment = YES

Prepare build
note: Using legacy build system

=== BUILD TARGET cmTC_7eaa4 OF PROJECT CMAKE_TRY_COMPILE WITH CONFIGURATION Debug ===

Check dependencies

Write auxiliary files
/bin/mkdir -p /Users/viraltaco/code/Exercism/cpp/collatz-conjecture/build/CMakeFiles/CMakeTmp/CMAKE_TRY_COMPILE.build/Debug/cmTC_7eaa4.build/Objects-normal/x86_64
write-file /Users/viraltaco/code/Exercism/cpp/collatz-conjecture/build/CMakeFiles/CMakeTmp/CMAKE_TRY_COMPILE.build/Debug/cmTC_7eaa4.build/Objects-normal/x86_64/cmTC_7eaa4.LinkFileList

CompileC /Users/viraltaco/code/Exercism/cpp/collatz-conjecture/build/CMakeFiles/CMakeTmp/CMAKE_TRY_COMPILE.build/Debug/cmTC_7eaa4.build/Objects-normal/x86_64/feature_tests.o /Users/viraltaco/Desktop/code/Exercism/cpp/collatz-conjecture/build/CMakeFiles/feature_tests.cxx normal x86_64 c++ com.apple.compilers.llvm.clang.1_0.compiler
    cd /Users/viraltaco/Desktop/code/Exercism/cpp/collatz-conjecture/build/CMakeFiles/CMakeTmp
    /Applications/Xcode.app/Contents/Developer/Toolchains/XcodeDefault.xctoolchain/usr/bin/clang -x c++ -arch x86_64 -fmessage-length=0 -fdiagnostics-show-note-include-stack -fmacro-backtrace-limit=0 -Wno-trigraphs -fpascal-strings -O0 -Wno-missing-field-initializers -Wno-missing-prototypes -Wno-return-type -Wno-non-virtual-dtor -Wno-overloaded-virtual -Wno-exit-time-destructors -Wno-missing-braces -Wparentheses -Wswitch -Wno-unused-function -Wno-unused-label -Wno-unused-parameter -Wno-unused-variable -Wunused-value -Wno-empty-body -Wno-uninitialized -Wno-unknown-pragmas -Wno-shadow -Wno-four-char-constants -Wno-conversion -Wno-constant-conversion -Wno-int-conversion -Wno-bool-conversion -Wno-enum-conversion -Wno-float-conversion -Wno-non-literal-null-conversion -Wno-objc-literal-conversion -Wno-shorten-64-to-32 -Wno-newline-eof -Wno-c++11-extensions -DCMAKE_INTDIR=\"Debug\" -isysroot /Applications/Xcode.app/Contents/Developer/Platforms/MacOSX.platform/Developer/SDKs/MacOSX10.14.sdk -fasm-blocks -fstrict-aliasing -Wdeprecated-declarations -Winvalid-offsetof -mmacosx-version-min=10.14 -g -Wno-sign-conversion -Wno-infinite-recursion -Wno-move -Wno-comma -Wno-block-capture-autoreleasing -Wno-strict-prototypes -Wno-range-loop-analysis -Wno-semicolon-before-method-body -I/Users/viraltaco/code/Exercism/cpp/collatz-conjecture/build/CMakeFiles/CMakeTmp/Debug/include -I/Users/viraltaco/code/Exercism/cpp/collatz-conjecture/build/CMakeFiles/CMakeTmp/CMAKE_TRY_COMPILE.build/Debug/cmTC_7eaa4.build/DerivedSources-normal/x86_64 -I/Users/viraltaco/code/Exercism/cpp/collatz-conjecture/build/CMakeFiles/CMakeTmp/CMAKE_TRY_COMPILE.build/Debug/cmTC_7eaa4.build/DerivedSources/x86_64 -I/Users/viraltaco/code/Exercism/cpp/collatz-conjecture/build/CMakeFiles/CMakeTmp/CMAKE_TRY_COMPILE.build/Debug/cmTC_7eaa4.build/DerivedSources -Wmost -Wno-four-char-constants -Wno-unknown-pragmas -F/Users/viraltaco/code/Exercism/cpp/collatz-conjecture/build/CMakeFiles/CMakeTmp/Debug -std=c++1z -MMD -MT dependencies -MF /Users/viraltaco/code/Exercism/cpp/collatz-conjecture/build/CMakeFiles/CMakeTmp/CMAKE_TRY_COMPILE.build/Debug/cmTC_7eaa4.build/Objects-normal/x86_64/feature_tests.d --serialize-diagnostics /Users/viraltaco/code/Exercism/cpp/collatz-conjecture/build/CMakeFiles/CMakeTmp/CMAKE_TRY_COMPILE.build/Debug/cmTC_7eaa4.build/Objects-normal/x86_64/feature_tests.dia -c /Users/viraltaco/Desktop/code/Exercism/cpp/collatz-conjecture/build/CMakeFiles/feature_tests.cxx -o /Users/viraltaco/code/Exercism/cpp/collatz-conjecture/build/CMakeFiles/CMakeTmp/CMAKE_TRY_COMPILE.build/Debug/cmTC_7eaa4.build/Objects-normal/x86_64/feature_tests.o

Ld /Users/viraltaco/code/Exercism/cpp/collatz-conjecture/build/CMakeFiles/CMakeTmp/Debug/cmTC_7eaa4 normal x86_64
    cd /Users/viraltaco/Desktop/code/Exercism/cpp/collatz-conjecture/build/CMakeFiles/CMakeTmp
    /Applications/Xcode.app/Contents/Developer/Toolchains/XcodeDefault.xctoolchain/usr/bin/clang++ -arch x86_64 -isysroot /Applications/Xcode.app/Contents/Developer/Platforms/MacOSX.platform/Developer/SDKs/MacOSX10.14.sdk -L/Users/viraltaco/code/Exercism/cpp/collatz-conjecture/build/CMakeFiles/CMakeTmp/Debug -F/Users/viraltaco/code/Exercism/cpp/collatz-conjecture/build/CMakeFiles/CMakeTmp/Debug -filelist /Users/viraltaco/code/Exercism/cpp/collatz-conjecture/build/CMakeFiles/CMakeTmp/CMAKE_TRY_COMPILE.build/Debug/cmTC_7eaa4.build/Objects-normal/x86_64/cmTC_7eaa4.LinkFileList -mmacosx-version-min=10.14 -Xlinker -object_path_lto -Xlinker /Users/viraltaco/code/Exercism/cpp/collatz-conjecture/build/CMakeFiles/CMakeTmp/CMAKE_TRY_COMPILE.build/Debug/cmTC_7eaa4.build/Objects-normal/x86_64/cmTC_7eaa4_lto.o -Xlinker -no_deduplicate -L/usr/local/opt/ncurses/lib -Wl,-search_paths_first -Wl,-headerpad_max_install_names -Xlinker -dependency_info -Xlinker /Users/viraltaco/code/Exercism/cpp/collatz-conjecture/build/CMakeFiles/CMakeTmp/CMAKE_TRY_COMPILE.build/Debug/cmTC_7eaa4.build/Objects-normal/x86_64/cmTC_7eaa4_dependency_info.dat -o /Users/viraltaco/code/Exercism/cpp/collatz-conjecture/build/CMakeFiles/CMakeTmp/Debug/cmTC_7eaa4

** BUILD SUCCEEDED **



    Feature record: CXX_FEATURE:1cxx_aggregate_default_initializers
    Feature record: CXX_FEATURE:1cxx_alias_templates
    Feature record: CXX_FEATURE:1cxx_alignas
    Feature record: CXX_FEATURE:1cxx_alignof
    Feature record: CXX_FEATURE:1cxx_attributes
    Feature record: CXX_FEATURE:1cxx_attribute_deprecated
    Feature record: CXX_FEATURE:1cxx_auto_type
    Feature record: CXX_FEATURE:1cxx_binary_literals
    Feature record: CXX_FEATURE:1cxx_constexpr
    Feature record: CXX_FEATURE:1cxx_contextual_conversions
    Feature record: CXX_FEATURE:1cxx_decltype
    Feature record: CXX_FEATURE:1cxx_decltype_auto
    Feature record: CXX_FEATURE:1cxx_decltype_incomplete_return_types
    Feature record: CXX_FEATURE:1cxx_default_function_template_args
    Feature record: CXX_FEATURE:1cxx_defaulted_functions
    Feature record: CXX_FEATURE:1cxx_defaulted_move_initializers
    Feature record: CXX_FEATURE:1cxx_delegating_constructors
    Feature record: CXX_FEATURE:1cxx_deleted_functions
    Feature record: CXX_FEATURE:1cxx_digit_separators
    Feature record: CXX_FEATURE:1cxx_enum_forward_declarations
    Feature record: CXX_FEATURE:1cxx_explicit_conversions
    Feature record: CXX_FEATURE:1cxx_extended_friend_declarations
    Feature record: CXX_FEATURE:1cxx_extern_templates
    Feature record: CXX_FEATURE:1cxx_final
    Feature record: CXX_FEATURE:1cxx_func_identifier
    Feature record: CXX_FEATURE:1cxx_generalized_initializers
    Feature record: CXX_FEATURE:1cxx_generic_lambdas
    Feature record: CXX_FEATURE:1cxx_inheriting_constructors
    Feature record: CXX_FEATURE:1cxx_inline_namespaces
    Feature record: CXX_FEATURE:1cxx_lambdas
    Feature record: CXX_FEATURE:1cxx_lambda_init_captures
    Feature record: CXX_FEATURE:1cxx_local_type_template_args
    Feature record: CXX_FEATURE:1cxx_long_long_type
    Feature record: CXX_FEATURE:1cxx_noexcept
    Feature record: CXX_FEATURE:1cxx_nonstatic_member_init
    Feature record: CXX_FEATURE:1cxx_nullptr
    Feature record: CXX_FEATURE:1cxx_override
    Feature record: CXX_FEATURE:1cxx_range_for
    Feature record: CXX_FEATURE:1cxx_raw_string_literals
    Feature record: CXX_FEATURE:1cxx_reference_qualified_functions
    Feature record: CXX_FEATURE:1cxx_relaxed_constexpr
    Feature record: CXX_FEATURE:1cxx_return_type_deduction
    Feature record: CXX_FEATURE:1cxx_right_angle_brackets
    Feature record: CXX_FEATURE:1cxx_rvalue_references
    Feature record: CXX_FEATURE:1cxx_sizeof_member
    Feature record: CXX_FEATURE:1cxx_static_assert
    Feature record: CXX_FEATURE:1cxx_strong_enums
    Feature record: CXX_FEATURE:1cxx_template_template_parameters
    Feature record: CXX_FEATURE:1cxx_thread_local
    Feature record: CXX_FEATURE:1cxx_trailing_return_types
    Feature record: CXX_FEATURE:1cxx_unicode_literals
    Feature record: CXX_FEATURE:1cxx_uniform_initialization
    Feature record: CXX_FEATURE:1cxx_unrestricted_unions
    Feature record: CXX_FEATURE:1cxx_user_literals
    Feature record: CXX_FEATURE:1cxx_variable_templates
    Feature record: CXX_FEATURE:1cxx_variadic_macros
    Feature record: CXX_FEATURE:1cxx_variadic_templates


Detecting CXX [-std=c++14] compiler features compiled with the following output:
Change Dir: /Users/viraltaco/code/Exercism/cpp/collatz-conjecture/build/CMakeFiles/CMakeTmp

Run Build Command(s):/usr/bin/xcodebuild -project CMAKE_TRY_COMPILE.xcodeproj build -target cmTC_e6bc5 -configuration Debug -hideShellScriptEnvironment 
User defaults from command line:
    HideShellScriptEnvironment = YES

Prepare build
note: Using legacy build system

=== BUILD TARGET cmTC_e6bc5 OF PROJECT CMAKE_TRY_COMPILE WITH CONFIGURATION Debug ===

Check dependencies

Write auxiliary files
/bin/mkdir -p /Users/viraltaco/code/Exercism/cpp/collatz-conjecture/build/CMakeFiles/CMakeTmp/CMAKE_TRY_COMPILE.build/Debug/cmTC_e6bc5.build/Objects-normal/x86_64
write-file /Users/viraltaco/code/Exercism/cpp/collatz-conjecture/build/CMakeFiles/CMakeTmp/CMAKE_TRY_COMPILE.build/Debug/cmTC_e6bc5.build/Objects-normal/x86_64/cmTC_e6bc5.LinkFileList

CompileC /Users/viraltaco/code/Exercism/cpp/collatz-conjecture/build/CMakeFiles/CMakeTmp/CMAKE_TRY_COMPILE.build/Debug/cmTC_e6bc5.build/Objects-normal/x86_64/feature_tests.o /Users/viraltaco/Desktop/code/Exercism/cpp/collatz-conjecture/build/CMakeFiles/feature_tests.cxx normal x86_64 c++ com.apple.compilers.llvm.clang.1_0.compiler
    cd /Users/viraltaco/Desktop/code/Exercism/cpp/collatz-conjecture/build/CMakeFiles/CMakeTmp
    /Applications/Xcode.app/Contents/Developer/Toolchains/XcodeDefault.xctoolchain/usr/bin/clang -x c++ -arch x86_64 -fmessage-length=0 -fdiagnostics-show-note-include-stack -fmacro-backtrace-limit=0 -Wno-trigraphs -fpascal-strings -O0 -Wno-missing-field-initializers -Wno-missing-prototypes -Wno-return-type -Wno-non-virtual-dtor -Wno-overloaded-virtual -Wno-exit-time-destructors -Wno-missing-braces -Wparentheses -Wswitch -Wno-unused-function -Wno-unused-label -Wno-unused-parameter -Wno-unused-variable -Wunused-value -Wno-empty-body -Wno-uninitialized -Wno-unknown-pragmas -Wno-shadow -Wno-four-char-constants -Wno-conversion -Wno-constant-conversion -Wno-int-conversion -Wno-bool-conversion -Wno-enum-conversion -Wno-float-conversion -Wno-non-literal-null-conversion -Wno-objc-literal-conversion -Wno-shorten-64-to-32 -Wno-newline-eof -Wno-c++11-extensions -DCMAKE_INTDIR=\"Debug\" -isysroot /Applications/Xcode.app/Contents/Developer/Platforms/MacOSX.platform/Developer/SDKs/MacOSX10.14.sdk -fasm-blocks -fstrict-aliasing -Wdeprecated-declarations -Winvalid-offsetof -mmacosx-version-min=10.14 -g -Wno-sign-conversion -Wno-infinite-recursion -Wno-move -Wno-comma -Wno-block-capture-autoreleasing -Wno-strict-prototypes -Wno-range-loop-analysis -Wno-semicolon-before-method-body -I/Users/viraltaco/code/Exercism/cpp/collatz-conjecture/build/CMakeFiles/CMakeTmp/Debug/include -I/Users/viraltaco/code/Exercism/cpp/collatz-conjecture/build/CMakeFiles/CMakeTmp/CMAKE_TRY_COMPILE.build/Debug/cmTC_e6bc5.build/DerivedSources-normal/x86_64 -I/Users/viraltaco/code/Exercism/cpp/collatz-conjecture/build/CMakeFiles/CMakeTmp/CMAKE_TRY_COMPILE.build/Debug/cmTC_e6bc5.build/DerivedSources/x86_64 -I/Users/viraltaco/code/Exercism/cpp/collatz-conjecture/build/CMakeFiles/CMakeTmp/CMAKE_TRY_COMPILE.build/Debug/cmTC_e6bc5.build/DerivedSources -Wmost -Wno-four-char-constants -Wno-unknown-pragmas -F/Users/viraltaco/code/Exercism/cpp/collatz-conjecture/build/CMakeFiles/CMakeTmp/Debug -std=c++14 -MMD -MT dependencies -MF /Users/viraltaco/code/Exercism/cpp/collatz-conjecture/build/CMakeFiles/CMakeTmp/CMAKE_TRY_COMPILE.build/Debug/cmTC_e6bc5.build/Objects-normal/x86_64/feature_tests.d --serialize-diagnostics /Users/viraltaco/code/Exercism/cpp/collatz-conjecture/build/CMakeFiles/CMakeTmp/CMAKE_TRY_COMPILE.build/Debug/cmTC_e6bc5.build/Objects-normal/x86_64/feature_tests.dia -c /Users/viraltaco/Desktop/code/Exercism/cpp/collatz-conjecture/build/CMakeFiles/feature_tests.cxx -o /Users/viraltaco/code/Exercism/cpp/collatz-conjecture/build/CMakeFiles/CMakeTmp/CMAKE_TRY_COMPILE.build/Debug/cmTC_e6bc5.build/Objects-normal/x86_64/feature_tests.o

Ld /Users/viraltaco/code/Exercism/cpp/collatz-conjecture/build/CMakeFiles/CMakeTmp/Debug/cmTC_e6bc5 normal x86_64
    cd /Users/viraltaco/Desktop/code/Exercism/cpp/collatz-conjecture/build/CMakeFiles/CMakeTmp
    /Applications/Xcode.app/Contents/Developer/Toolchains/XcodeDefault.xctoolchain/usr/bin/clang++ -arch x86_64 -isysroot /Applications/Xcode.app/Contents/Developer/Platforms/MacOSX.platform/Developer/SDKs/MacOSX10.14.sdk -L/Users/viraltaco/code/Exercism/cpp/collatz-conjecture/build/CMakeFiles/CMakeTmp/Debug -F/Users/viraltaco/code/Exercism/cpp/collatz-conjecture/build/CMakeFiles/CMakeTmp/Debug -filelist /Users/viraltaco/code/Exercism/cpp/collatz-conjecture/build/CMakeFiles/CMakeTmp/CMAKE_TRY_COMPILE.build/Debug/cmTC_e6bc5.build/Objects-normal/x86_64/cmTC_e6bc5.LinkFileList -mmacosx-version-min=10.14 -Xlinker -object_path_lto -Xlinker /Users/viraltaco/code/Exercism/cpp/collatz-conjecture/build/CMakeFiles/CMakeTmp/CMAKE_TRY_COMPILE.build/Debug/cmTC_e6bc5.build/Objects-normal/x86_64/cmTC_e6bc5_lto.o -Xlinker -no_deduplicate -L/usr/local/opt/ncurses/lib -Wl,-search_paths_first -Wl,-headerpad_max_install_names -Xlinker -dependency_info -Xlinker /Users/viraltaco/code/Exercism/cpp/collatz-conjecture/build/CMakeFiles/CMakeTmp/CMAKE_TRY_COMPILE.build/Debug/cmTC_e6bc5.build/Objects-normal/x86_64/cmTC_e6bc5_dependency_info.dat -o /Users/viraltaco/code/Exercism/cpp/collatz-conjecture/build/CMakeFiles/CMakeTmp/Debug/cmTC_e6bc5

** BUILD SUCCEEDED **



    Feature record: CXX_FEATURE:1cxx_aggregate_default_initializers
    Feature record: CXX_FEATURE:1cxx_alias_templates
    Feature record: CXX_FEATURE:1cxx_alignas
    Feature record: CXX_FEATURE:1cxx_alignof
    Feature record: CXX_FEATURE:1cxx_attributes
    Feature record: CXX_FEATURE:1cxx_attribute_deprecated
    Feature record: CXX_FEATURE:1cxx_auto_type
    Feature record: CXX_FEATURE:1cxx_binary_literals
    Feature record: CXX_FEATURE:1cxx_constexpr
    Feature record: CXX_FEATURE:1cxx_contextual_conversions
    Feature record: CXX_FEATURE:1cxx_decltype
    Feature record: CXX_FEATURE:1cxx_decltype_auto
    Feature record: CXX_FEATURE:1cxx_decltype_incomplete_return_types
    Feature record: CXX_FEATURE:1cxx_default_function_template_args
    Feature record: CXX_FEATURE:1cxx_defaulted_functions
    Feature record: CXX_FEATURE:1cxx_defaulted_move_initializers
    Feature record: CXX_FEATURE:1cxx_delegating_constructors
    Feature record: CXX_FEATURE:1cxx_deleted_functions
    Feature record: CXX_FEATURE:1cxx_digit_separators
    Feature record: CXX_FEATURE:1cxx_enum_forward_declarations
    Feature record: CXX_FEATURE:1cxx_explicit_conversions
    Feature record: CXX_FEATURE:1cxx_extended_friend_declarations
    Feature record: CXX_FEATURE:1cxx_extern_templates
    Feature record: CXX_FEATURE:1cxx_final
    Feature record: CXX_FEATURE:1cxx_func_identifier
    Feature record: CXX_FEATURE:1cxx_generalized_initializers
    Feature record: CXX_FEATURE:1cxx_generic_lambdas
    Feature record: CXX_FEATURE:1cxx_inheriting_constructors
    Feature record: CXX_FEATURE:1cxx_inline_namespaces
    Feature record: CXX_FEATURE:1cxx_lambdas
    Feature record: CXX_FEATURE:1cxx_lambda_init_captures
    Feature record: CXX_FEATURE:1cxx_local_type_template_args
    Feature record: CXX_FEATURE:1cxx_long_long_type
    Feature record: CXX_FEATURE:1cxx_noexcept
    Feature record: CXX_FEATURE:1cxx_nonstatic_member_init
    Feature record: CXX_FEATURE:1cxx_nullptr
    Feature record: CXX_FEATURE:1cxx_override
    Feature record: CXX_FEATURE:1cxx_range_for
    Feature record: CXX_FEATURE:1cxx_raw_string_literals
    Feature record: CXX_FEATURE:1cxx_reference_qualified_functions
    Feature record: CXX_FEATURE:1cxx_relaxed_constexpr
    Feature record: CXX_FEATURE:1cxx_return_type_deduction
    Feature record: CXX_FEATURE:1cxx_right_angle_brackets
    Feature record: CXX_FEATURE:1cxx_rvalue_references
    Feature record: CXX_FEATURE:1cxx_sizeof_member
    Feature record: CXX_FEATURE:1cxx_static_assert
    Feature record: CXX_FEATURE:1cxx_strong_enums
    Feature record: CXX_FEATURE:1cxx_template_template_parameters
    Feature record: CXX_FEATURE:1cxx_thread_local
    Feature record: CXX_FEATURE:1cxx_trailing_return_types
    Feature record: CXX_FEATURE:1cxx_unicode_literals
    Feature record: CXX_FEATURE:1cxx_uniform_initialization
    Feature record: CXX_FEATURE:1cxx_unrestricted_unions
    Feature record: CXX_FEATURE:1cxx_user_literals
    Feature record: CXX_FEATURE:1cxx_variable_templates
    Feature record: CXX_FEATURE:1cxx_variadic_macros
    Feature record: CXX_FEATURE:1cxx_variadic_templates


Detecting CXX [-std=c++11] compiler features compiled with the following output:
Change Dir: /Users/viraltaco/code/Exercism/cpp/collatz-conjecture/build/CMakeFiles/CMakeTmp

Run Build Command(s):/usr/bin/xcodebuild -project CMAKE_TRY_COMPILE.xcodeproj build -target cmTC_692f3 -configuration Debug -hideShellScriptEnvironment 
User defaults from command line:
    HideShellScriptEnvironment = YES

Prepare build
note: Using legacy build system

=== BUILD TARGET cmTC_692f3 OF PROJECT CMAKE_TRY_COMPILE WITH CONFIGURATION Debug ===

Check dependencies

Write auxiliary files
/bin/mkdir -p /Users/viraltaco/code/Exercism/cpp/collatz-conjecture/build/CMakeFiles/CMakeTmp/CMAKE_TRY_COMPILE.build/Debug/cmTC_692f3.build/Objects-normal/x86_64
write-file /Users/viraltaco/code/Exercism/cpp/collatz-conjecture/build/CMakeFiles/CMakeTmp/CMAKE_TRY_COMPILE.build/Debug/cmTC_692f3.build/Objects-normal/x86_64/cmTC_692f3.LinkFileList

CompileC /Users/viraltaco/code/Exercism/cpp/collatz-conjecture/build/CMakeFiles/CMakeTmp/CMAKE_TRY_COMPILE.build/Debug/cmTC_692f3.build/Objects-normal/x86_64/feature_tests.o /Users/viraltaco/Desktop/code/Exercism/cpp/collatz-conjecture/build/CMakeFiles/feature_tests.cxx normal x86_64 c++ com.apple.compilers.llvm.clang.1_0.compiler
    cd /Users/viraltaco/Desktop/code/Exercism/cpp/collatz-conjecture/build/CMakeFiles/CMakeTmp
    /Applications/Xcode.app/Contents/Developer/Toolchains/XcodeDefault.xctoolchain/usr/bin/clang -x c++ -arch x86_64 -fmessage-length=0 -fdiagnostics-show-note-include-stack -fmacro-backtrace-limit=0 -Wno-trigraphs -fpascal-strings -O0 -Wno-missing-field-initializers -Wno-missing-prototypes -Wno-return-type -Wno-non-virtual-dtor -Wno-overloaded-virtual -Wno-exit-time-destructors -Wno-missing-braces -Wparentheses -Wswitch -Wno-unused-function -Wno-unused-label -Wno-unused-parameter -Wno-unused-variable -Wunused-value -Wno-empty-body -Wno-uninitialized -Wno-unknown-pragmas -Wno-shadow -Wno-four-char-constants -Wno-conversion -Wno-constant-conversion -Wno-int-conversion -Wno-bool-conversion -Wno-enum-conversion -Wno-float-conversion -Wno-non-literal-null-conversion -Wno-objc-literal-conversion -Wno-shorten-64-to-32 -Wno-newline-eof -Wno-c++11-extensions -DCMAKE_INTDIR=\"Debug\" -isysroot /Applications/Xcode.app/Contents/Developer/Platforms/MacOSX.platform/Developer/SDKs/MacOSX10.14.sdk -fasm-blocks -fstrict-aliasing -Wdeprecated-declarations -Winvalid-offsetof -mmacosx-version-min=10.14 -g -Wno-sign-conversion -Wno-infinite-recursion -Wno-move -Wno-comma -Wno-block-capture-autoreleasing -Wno-strict-prototypes -Wno-range-loop-analysis -Wno-semicolon-before-method-body -I/Users/viraltaco/code/Exercism/cpp/collatz-conjecture/build/CMakeFiles/CMakeTmp/Debug/include -I/Users/viraltaco/code/Exercism/cpp/collatz-conjecture/build/CMakeFiles/CMakeTmp/CMAKE_TRY_COMPILE.build/Debug/cmTC_692f3.build/DerivedSources-normal/x86_64 -I/Users/viraltaco/code/Exercism/cpp/collatz-conjecture/build/CMakeFiles/CMakeTmp/CMAKE_TRY_COMPILE.build/Debug/cmTC_692f3.build/DerivedSources/x86_64 -I/Users/viraltaco/code/Exercism/cpp/collatz-conjecture/build/CMakeFiles/CMakeTmp/CMAKE_TRY_COMPILE.build/Debug/cmTC_692f3.build/DerivedSources -Wmost -Wno-four-char-constants -Wno-unknown-pragmas -F/Users/viraltaco/code/Exercism/cpp/collatz-conjecture/build/CMakeFiles/CMakeTmp/Debug -std=c++11 -MMD -MT dependencies -MF /Users/viraltaco/code/Exercism/cpp/collatz-conjecture/build/CMakeFiles/CMakeTmp/CMAKE_TRY_COMPILE.build/Debug/cmTC_692f3.build/Objects-normal/x86_64/feature_tests.d --serialize-diagnostics /Users/viraltaco/code/Exercism/cpp/collatz-conjecture/build/CMakeFiles/CMakeTmp/CMAKE_TRY_COMPILE.build/Debug/cmTC_692f3.build/Objects-normal/x86_64/feature_tests.dia -c /Users/viraltaco/Desktop/code/Exercism/cpp/collatz-conjecture/build/CMakeFiles/feature_tests.cxx -o /Users/viraltaco/code/Exercism/cpp/collatz-conjecture/build/CMakeFiles/CMakeTmp/CMAKE_TRY_COMPILE.build/Debug/cmTC_692f3.build/Objects-normal/x86_64/feature_tests.o

Ld /Users/viraltaco/code/Exercism/cpp/collatz-conjecture/build/CMakeFiles/CMakeTmp/Debug/cmTC_692f3 normal x86_64
    cd /Users/viraltaco/Desktop/code/Exercism/cpp/collatz-conjecture/build/CMakeFiles/CMakeTmp
    /Applications/Xcode.app/Contents/Developer/Toolchains/XcodeDefault.xctoolchain/usr/bin/clang++ -arch x86_64 -isysroot /Applications/Xcode.app/Contents/Developer/Platforms/MacOSX.platform/Developer/SDKs/MacOSX10.14.sdk -L/Users/viraltaco/code/Exercism/cpp/collatz-conjecture/build/CMakeFiles/CMakeTmp/Debug -F/Users/viraltaco/code/Exercism/cpp/collatz-conjecture/build/CMakeFiles/CMakeTmp/Debug -filelist /Users/viraltaco/code/Exercism/cpp/collatz-conjecture/build/CMakeFiles/CMakeTmp/CMAKE_TRY_COMPILE.build/Debug/cmTC_692f3.build/Objects-normal/x86_64/cmTC_692f3.LinkFileList -mmacosx-version-min=10.14 -Xlinker -object_path_lto -Xlinker /Users/viraltaco/code/Exercism/cpp/collatz-conjecture/build/CMakeFiles/CMakeTmp/CMAKE_TRY_COMPILE.build/Debug/cmTC_692f3.build/Objects-normal/x86_64/cmTC_692f3_lto.o -Xlinker -no_deduplicate -L/usr/local/opt/ncurses/lib -Wl,-search_paths_first -Wl,-headerpad_max_install_names -Xlinker -dependency_info -Xlinker /Users/viraltaco/code/Exercism/cpp/collatz-conjecture/build/CMakeFiles/CMakeTmp/CMAKE_TRY_COMPILE.build/Debug/cmTC_692f3.build/Objects-normal/x86_64/cmTC_692f3_dependency_info.dat -o /Users/viraltaco/code/Exercism/cpp/collatz-conjecture/build/CMakeFiles/CMakeTmp/Debug/cmTC_692f3

** BUILD SUCCEEDED **



    Feature record: CXX_FEATURE:0cxx_aggregate_default_initializers
    Feature record: CXX_FEATURE:1cxx_alias_templates
    Feature record: CXX_FEATURE:1cxx_alignas
    Feature record: CXX_FEATURE:1cxx_alignof
    Feature record: CXX_FEATURE:1cxx_attributes
    Feature record: CXX_FEATURE:0cxx_attribute_deprecated
    Feature record: CXX_FEATURE:1cxx_auto_type
    Feature record: CXX_FEATURE:0cxx_binary_literals
    Feature record: CXX_FEATURE:1cxx_constexpr
    Feature record: CXX_FEATURE:0cxx_contextual_conversions
    Feature record: CXX_FEATURE:1cxx_decltype
    Feature record: CXX_FEATURE:0cxx_decltype_auto
    Feature record: CXX_FEATURE:1cxx_decltype_incomplete_return_types
    Feature record: CXX_FEATURE:1cxx_default_function_template_args
    Feature record: CXX_FEATURE:1cxx_defaulted_functions
    Feature record: CXX_FEATURE:1cxx_defaulted_move_initializers
    Feature record: CXX_FEATURE:1cxx_delegating_constructors
    Feature record: CXX_FEATURE:1cxx_deleted_functions
    Feature record: CXX_FEATURE:0cxx_digit_separators
    Feature record: CXX_FEATURE:1cxx_enum_forward_declarations
    Feature record: CXX_FEATURE:1cxx_explicit_conversions
    Feature record: CXX_FEATURE:1cxx_extended_friend_declarations
    Feature record: CXX_FEATURE:1cxx_extern_templates
    Feature record: CXX_FEATURE:1cxx_final
    Feature record: CXX_FEATURE:1cxx_func_identifier
    Feature record: CXX_FEATURE:1cxx_generalized_initializers
    Feature record: CXX_FEATURE:0cxx_generic_lambdas
    Feature record: CXX_FEATURE:1cxx_inheriting_constructors
    Feature record: CXX_FEATURE:1cxx_inline_namespaces
    Feature record: CXX_FEATURE:1cxx_lambdas
    Feature record: CXX_FEATURE:0cxx_lambda_init_captures
    Feature record: CXX_FEATURE:1cxx_local_type_template_args
    Feature record: CXX_FEATURE:1cxx_long_long_type
    Feature record: CXX_FEATURE:1cxx_noexcept
    Feature record: CXX_FEATURE:1cxx_nonstatic_member_init
    Feature record: CXX_FEATURE:1cxx_nullptr
    Feature record: CXX_FEATURE:1cxx_override
    Feature record: CXX_FEATURE:1cxx_range_for
    Feature record: CXX_FEATURE:1cxx_raw_string_literals
    Feature record: CXX_FEATURE:1cxx_reference_qualified_functions
    Feature record: CXX_FEATURE:0cxx_relaxed_constexpr
    Feature record: CXX_FEATURE:0cxx_return_type_deduction
    Feature record: CXX_FEATURE:1cxx_right_angle_brackets
    Feature record: CXX_FEATURE:1cxx_rvalue_references
    Feature record: CXX_FEATURE:1cxx_sizeof_member
    Feature record: CXX_FEATURE:1cxx_static_assert
    Feature record: CXX_FEATURE:1cxx_strong_enums
    Feature record: CXX_FEATURE:1cxx_template_template_parameters
    Feature record: CXX_FEATURE:1cxx_thread_local
    Feature record: CXX_FEATURE:1cxx_trailing_return_types
    Feature record: CXX_FEATURE:1cxx_unicode_literals
    Feature record: CXX_FEATURE:1cxx_uniform_initialization
    Feature record: CXX_FEATURE:1cxx_unrestricted_unions
    Feature record: CXX_FEATURE:1cxx_user_literals
    Feature record: CXX_FEATURE:0cxx_variable_templates
    Feature record: CXX_FEATURE:1cxx_variadic_macros
    Feature record: CXX_FEATURE:1cxx_variadic_templates


Detecting CXX [-std=c++98] compiler features compiled with the following output:
Change Dir: /Users/viraltaco/code/Exercism/cpp/collatz-conjecture/build/CMakeFiles/CMakeTmp

Run Build Command(s):/usr/bin/xcodebuild -project CMAKE_TRY_COMPILE.xcodeproj build -target cmTC_53283 -configuration Debug -hideShellScriptEnvironment 
User defaults from command line:
    HideShellScriptEnvironment = YES

Prepare build
note: Using legacy build system

=== BUILD TARGET cmTC_53283 OF PROJECT CMAKE_TRY_COMPILE WITH CONFIGURATION Debug ===

Check dependencies

Write auxiliary files
/bin/mkdir -p /Users/viraltaco/code/Exercism/cpp/collatz-conjecture/build/CMakeFiles/CMakeTmp/CMAKE_TRY_COMPILE.build/Debug/cmTC_53283.build/Objects-normal/x86_64
write-file /Users/viraltaco/code/Exercism/cpp/collatz-conjecture/build/CMakeFiles/CMakeTmp/CMAKE_TRY_COMPILE.build/Debug/cmTC_53283.build/Objects-normal/x86_64/cmTC_53283.LinkFileList

CompileC /Users/viraltaco/code/Exercism/cpp/collatz-conjecture/build/CMakeFiles/CMakeTmp/CMAKE_TRY_COMPILE.build/Debug/cmTC_53283.build/Objects-normal/x86_64/feature_tests.o /Users/viraltaco/Desktop/code/Exercism/cpp/collatz-conjecture/build/CMakeFiles/feature_tests.cxx normal x86_64 c++ com.apple.compilers.llvm.clang.1_0.compiler
    cd /Users/viraltaco/Desktop/code/Exercism/cpp/collatz-conjecture/build/CMakeFiles/CMakeTmp
    /Applications/Xcode.app/Contents/Developer/Toolchains/XcodeDefault.xctoolchain/usr/bin/clang -x c++ -arch x86_64 -fmessage-length=0 -fdiagnostics-show-note-include-stack -fmacro-backtrace-limit=0 -Wno-trigraphs -fpascal-strings -O0 -Wno-missing-field-initializers -Wno-missing-prototypes -Wno-return-type -Wno-non-virtual-dtor -Wno-overloaded-virtual -Wno-exit-time-destructors -Wno-missing-braces -Wparentheses -Wswitch -Wno-unused-function -Wno-unused-label -Wno-unused-parameter -Wno-unused-variable -Wunused-value -Wno-empty-body -Wno-uninitialized -Wno-unknown-pragmas -Wno-shadow -Wno-four-char-constants -Wno-conversion -Wno-constant-conversion -Wno-int-conversion -Wno-bool-conversion -Wno-enum-conversion -Wno-float-conversion -Wno-non-literal-null-conversion -Wno-objc-literal-conversion -Wno-shorten-64-to-32 -Wno-newline-eof -Wno-c++11-extensions -DCMAKE_INTDIR=\"Debug\" -isysroot /Applications/Xcode.app/Contents/Developer/Platforms/MacOSX.platform/Developer/SDKs/MacOSX10.14.sdk -fasm-blocks -fstrict-aliasing -Wdeprecated-declarations -Winvalid-offsetof -mmacosx-version-min=10.14 -g -Wno-sign-conversion -Wno-infinite-recursion -Wno-move -Wno-comma -Wno-block-capture-autoreleasing -Wno-strict-prototypes -Wno-range-loop-analysis -Wno-semicolon-before-method-body -I/Users/viraltaco/code/Exercism/cpp/collatz-conjecture/build/CMakeFiles/CMakeTmp/Debug/include -I/Users/viraltaco/code/Exercism/cpp/collatz-conjecture/build/CMakeFiles/CMakeTmp/CMAKE_TRY_COMPILE.build/Debug/cmTC_53283.build/DerivedSources-normal/x86_64 -I/Users/viraltaco/code/Exercism/cpp/collatz-conjecture/build/CMakeFiles/CMakeTmp/CMAKE_TRY_COMPILE.build/Debug/cmTC_53283.build/DerivedSources/x86_64 -I/Users/viraltaco/code/Exercism/cpp/collatz-conjecture/build/CMakeFiles/CMakeTmp/CMAKE_TRY_COMPILE.build/Debug/cmTC_53283.build/DerivedSources -Wmost -Wno-four-char-constants -Wno-unknown-pragmas -F/Users/viraltaco/code/Exercism/cpp/collatz-conjecture/build/CMakeFiles/CMakeTmp/Debug -std=c++98 -MMD -MT dependencies -MF /Users/viraltaco/code/Exercism/cpp/collatz-conjecture/build/CMakeFiles/CMakeTmp/CMAKE_TRY_COMPILE.build/Debug/cmTC_53283.build/Objects-normal/x86_64/feature_tests.d --serialize-diagnostics /Users/viraltaco/code/Exercism/cpp/collatz-conjecture/build/CMakeFiles/CMakeTmp/CMAKE_TRY_COMPILE.build/Debug/cmTC_53283.build/Objects-normal/x86_64/feature_tests.dia -c /Users/viraltaco/Desktop/code/Exercism/cpp/collatz-conjecture/build/CMakeFiles/feature_tests.cxx -o /Users/viraltaco/code/Exercism/cpp/collatz-conjecture/build/CMakeFiles/CMakeTmp/CMAKE_TRY_COMPILE.build/Debug/cmTC_53283.build/Objects-normal/x86_64/feature_tests.o

Ld /Users/viraltaco/code/Exercism/cpp/collatz-conjecture/build/CMakeFiles/CMakeTmp/Debug/cmTC_53283 normal x86_64
    cd /Users/viraltaco/Desktop/code/Exercism/cpp/collatz-conjecture/build/CMakeFiles/CMakeTmp
    /Applications/Xcode.app/Contents/Developer/Toolchains/XcodeDefault.xctoolchain/usr/bin/clang++ -arch x86_64 -isysroot /Applications/Xcode.app/Contents/Developer/Platforms/MacOSX.platform/Developer/SDKs/MacOSX10.14.sdk -L/Users/viraltaco/code/Exercism/cpp/collatz-conjecture/build/CMakeFiles/CMakeTmp/Debug -F/Users/viraltaco/code/Exercism/cpp/collatz-conjecture/build/CMakeFiles/CMakeTmp/Debug -filelist /Users/viraltaco/code/Exercism/cpp/collatz-conjecture/build/CMakeFiles/CMakeTmp/CMAKE_TRY_COMPILE.build/Debug/cmTC_53283.build/Objects-normal/x86_64/cmTC_53283.LinkFileList -mmacosx-version-min=10.14 -Xlinker -object_path_lto -Xlinker /Users/viraltaco/code/Exercism/cpp/collatz-conjecture/build/CMakeFiles/CMakeTmp/CMAKE_TRY_COMPILE.build/Debug/cmTC_53283.build/Objects-normal/x86_64/cmTC_53283_lto.o -Xlinker -no_deduplicate -L/usr/local/opt/ncurses/lib -Wl,-search_paths_first -Wl,-headerpad_max_install_names -Xlinker -dependency_info -Xlinker /Users/viraltaco/code/Exercism/cpp/collatz-conjecture/build/CMakeFiles/CMakeTmp/CMAKE_TRY_COMPILE.build/Debug/cmTC_53283.build/Objects-normal/x86_64/cmTC_53283_dependency_info.dat -o /Users/viraltaco/code/Exercism/cpp/collatz-conjecture/build/CMakeFiles/CMakeTmp/Debug/cmTC_53283

** BUILD SUCCEEDED **



    Feature record: CXX_FEATURE:0cxx_aggregate_default_initializers
    Feature record: CXX_FEATURE:0cxx_alias_templates
    Feature record: CXX_FEATURE:0cxx_alignas
    Feature record: CXX_FEATURE:0cxx_alignof
    Feature record: CXX_FEATURE:0cxx_attributes
    Feature record: CXX_FEATURE:0cxx_attribute_deprecated
    Feature record: CXX_FEATURE:0cxx_auto_type
    Feature record: CXX_FEATURE:0cxx_binary_literals
    Feature record: CXX_FEATURE:0cxx_constexpr
    Feature record: CXX_FEATURE:0cxx_contextual_conversions
    Feature record: CXX_FEATURE:0cxx_decltype
    Feature record: CXX_FEATURE:0cxx_decltype_auto
    Feature record: CXX_FEATURE:0cxx_decltype_incomplete_return_types
    Feature record: CXX_FEATURE:0cxx_default_function_template_args
    Feature record: CXX_FEATURE:0cxx_defaulted_functions
    Feature record: CXX_FEATURE:0cxx_defaulted_move_initializers
    Feature record: CXX_FEATURE:0cxx_delegating_constructors
    Feature record: CXX_FEATURE:0cxx_deleted_functions
    Feature record: CXX_FEATURE:0cxx_digit_separators
    Feature record: CXX_FEATURE:0cxx_enum_forward_declarations
    Feature record: CXX_FEATURE:0cxx_explicit_conversions
    Feature record: CXX_FEATURE:0cxx_extended_friend_declarations
    Feature record: CXX_FEATURE:0cxx_extern_templates
    Feature record: CXX_FEATURE:0cxx_final
    Feature record: CXX_FEATURE:0cxx_func_identifier
    Feature record: CXX_FEATURE:0cxx_generalized_initializers
    Feature record: CXX_FEATURE:0cxx_generic_lambdas
    Feature record: CXX_FEATURE:0cxx_inheriting_constructors
    Feature record: CXX_FEATURE:0cxx_inline_namespaces
    Feature record: CXX_FEATURE:0cxx_lambdas
    Feature record: CXX_FEATURE:0cxx_lambda_init_captures
    Feature record: CXX_FEATURE:0cxx_local_type_template_args
    Feature record: CXX_FEATURE:0cxx_long_long_type
    Feature record: CXX_FEATURE:0cxx_noexcept
    Feature record: CXX_FEATURE:0cxx_nonstatic_member_init
    Feature record: CXX_FEATURE:0cxx_nullptr
    Feature record: CXX_FEATURE:0cxx_override
    Feature record: CXX_FEATURE:0cxx_range_for
    Feature record: CXX_FEATURE:0cxx_raw_string_literals
    Feature record: CXX_FEATURE:0cxx_reference_qualified_functions
    Feature record: CXX_FEATURE:0cxx_relaxed_constexpr
    Feature record: CXX_FEATURE:0cxx_return_type_deduction
    Feature record: CXX_FEATURE:0cxx_right_angle_brackets
    Feature record: CXX_FEATURE:0cxx_rvalue_references
    Feature record: CXX_FEATURE:0cxx_sizeof_member
    Feature record: CXX_FEATURE:0cxx_static_assert
    Feature record: CXX_FEATURE:0cxx_strong_enums
    Feature record: CXX_FEATURE:1cxx_template_template_parameters
    Feature record: CXX_FEATURE:0cxx_thread_local
    Feature record: CXX_FEATURE:0cxx_trailing_return_types
    Feature record: CXX_FEATURE:0cxx_unicode_literals
    Feature record: CXX_FEATURE:0cxx_uniform_initialization
    Feature record: CXX_FEATURE:0cxx_unrestricted_unions
    Feature record: CXX_FEATURE:0cxx_user_literals
    Feature record: CXX_FEATURE:0cxx_variable_templates
    Feature record: CXX_FEATURE:0cxx_variadic_macros
    Feature record: CXX_FEATURE:0cxx_variadic_templates
