Detecting CXX compiler ABI info failed to compile with the following output:
Change Dir: /Users/viraltaco/code/code/Exercism/cpp/binary-search/build/CMakeFiles/CMakeTmp

Run Build Command(s):/usr/bin/xcodebuild -project CMAKE_TRY_COMPILE.xcodeproj build -target cmTC_22981 -configuration Debug -hideShellScriptEnvironment && User defaults from command line:
    HideShellScriptEnvironment = YES

Prepare build
note: Using legacy build system

=== BUILD TARGET cmTC_22981 OF PROJECT CMAKE_TRY_COMPILE WITH CONFIGURATION Debug ===

Check dependencies

Write auxiliary files
/bin/mkdir -p /Users/viraltaco/code/code/Exercism/cpp/binary-search/build/CMakeFiles/CMakeTmp/CMAKE_TRY_COMPILE.build/Debug/cmTC_22981.build/Objects-normal/x86_64
write-file /Users/viraltaco/code/code/Exercism/cpp/binary-search/build/CMakeFiles/CMakeTmp/CMAKE_TRY_COMPILE.build/Debug/cmTC_22981.build/Objects-normal/x86_64/cmTC_22981.LinkFileList
2019-10-19 22:47:47.722 xcodebuild[11985:16373241]  DTDeviceKit: Failed to mount DDI from '<DVTFilePath:0x7f81c4d44a00:'/Applications/Xcode.app/Contents/Developer/Platforms/iPhoneOS.platform/DeviceSupport/12.4/DeveloperDiskImage.dmg'>', error=-402652958: Error Domain=com.apple.dtdevicekit Code=-402652958 "Development cannot be enabled while your device is locked." UserInfo={NSLocalizedFailureReason=Please unlock your device and reattach. (0xE80000E2)., com.apple.dtdevicekit.stacktrace=(
	0   DTDeviceKitBase                     0x000000011d611047 DTDKCreateNSError + 109
	1   DTDeviceKitBase                     0x000000011d611749 DTDK_AMDErrorToNSError + 792
	2   DTDeviceKitBase                     0x000000011d64ea40 -[DTDKMobileDeviceToken _mountDeveloperDiskImage:withError:] + 844
	3   DTDeviceKitBase                     0x000000011d64f55d __58-[DTDKMobileDeviceToken mountDeveloperDiskImageWithError:]_block_invoke + 699
	4   libdispatch.dylib                   0x00007fff68c644de _dispatch_client_callout + 8
	5   libdispatch.dylib                   0x00007fff68c70576 _dispatch_lane_barrier_sync_invoke_and_complete + 60
	6   DTDeviceKitBase                     0x000000011d64f240 -[DTDKMobileDeviceToken mountDeveloperDiskImageWithError:] + 199
	7   IDEiOSSupportCore                   0x000000011d21b13c __37-[DVTiOSDevice(Connect) hasConnected]_block_invoke_2 + 267
	8   DVTFoundation                       0x000000010dd6d9ba __DVT_CALLING_CLIENT_BLOCK__ + 7
	9   DVTFoundation                       0x000000010dd71691 __DVTDispatchGroupAsync_block_invoke + 809
	10  libdispatch.dylib                   0x00007fff68c63553 _dispatch_call_block_and_release + 12
	11  libdispatch.dylib                   0x00007fff68c644de _dispatch_client_callout + 8
	12  libdispatch.dylib                   0x00007fff68c66708 _dispatch_continuation_pop + 534
	13  libdispatch.dylib                   0x00007fff68c65d8e _dispatch_async_redirect_invoke + 703
	14  libdispatch.dylib                   0x00007fff68c727e5 _dispatch_root_queue_drain + 326
	15  libdispatch.dylib                   0x00007fff68c72f25 _dispatch_worker_thread2 + 92
	16  libsystem_pthread.dylib             0x00007fff68ebd71d _pthread_wqthread + 220
	17  libsystem_pthread.dylib             0x00007fff68ebd5c3 start_wqthread + 15
), DVTRadarComponentKey=487927, NSLocalizedDescription=Development cannot be enabled while your device is locked.}

2019-10-19 22:47:47.723 xcodebuild[11985:16373241]  iPhoneConnect: 📱<DVTiOSDevice (0x7f81c4a92430), ViralTaco's phone, iPhone, 12.4 (16G77), 2d971b26d16c2d763e3fbb23b1e7ef396e3deaa9> unable to mount developer disk image, (Error Domain=com.apple.dtdevicekit Code=-402652958 "Development cannot be enabled while your device is locked." UserInfo={NSLocalizedFailureReason=Please unlock your device and reattach. (0xE80000E2)., com.apple.dtdevicekit.stacktrace=(
	0   DTDeviceKitBase                     0x000000011d611047 DTDKCreateNSError + 109
	1   DTDeviceKitBase                     0x000000011d611749 DTDK_AMDErrorToNSError + 792
	2   DTDeviceKitBase                     0x000000011d64ea40 -[DTDKMobileDeviceToken _mountDeveloperDiskImage:withError:] + 844
	3   DTDeviceKitBase                     0x000000011d64f55d __58-[DTDKMobileDeviceToken mountDeveloperDiskImageWithError:]_block_invoke + 699
	4   libdispatch.dylib                   0x00007fff68c644de _dispatch_client_callout + 8
	5   libdispatch.dylib                   0x00007fff68c70576 _dispatch_lane_barrier_sync_invoke_and_complete + 60
	6   DTDeviceKitBase                     0x000000011d64f240 -[DTDKMobileDeviceToken mountDeveloperDiskImageWithError:] + 199
	7   IDEiOSSupportCore                   0x000000011d21b13c __37-[DVTiOSDevice(Connect) hasConnected]_block_invoke_2 + 267
	8   DVTFoundation                       0x000000010dd6d9ba __DVT_CALLING_CLIENT_BLOCK__ + 7
	9   DVTFoundation                       0x000000010dd71691 __DVTDispatchGroupAsync_block_invoke + 809
	10  libdispatch.dylib                   0x00007fff68c63553 _dispatch_call_block_and_release + 12
	11  libdispatch.dylib                   0x00007fff68c644de _dispatch_client_callout + 8
	12  libdispatch.dylib                   0x00007fff68c66708 _dispatch_continuation_pop + 534
	13  libdispatch.dylib                   0x00007fff68c65d8e _dispatch_async_redirect_invoke + 703
	14  libdispatch.dylib                   0x00007fff68c727e5 _dispatch_root_queue_drain + 326
	15  libdispatch.dylib                   0x00007fff68c72f25 _dispatch_worker_thread2 + 92
	16  libsystem_pthread.dylib             0x00007fff68ebd71d _pthread_wqthread + 220
	17  libsystem_pthread.dylib             0x00007fff68ebd5c3 start_wqthread + 15
), DVTRadarComponentKey=487927, NSLocalizedDescription=Development cannot be enabled while your device is locked.}) {
    DVTRadarComponentKey = 487927;
    NSLocalizedDescription = "Development cannot be enabled while your device is locked.";
    NSLocalizedFailureReason = "Please unlock your device and reattach. (0xE80000E2).";
    "com.apple.dtdevicekit.stacktrace" = (
	0   DTDeviceKitBase                     0x000000011d611047 DTDKCreateNSError + 109
	1   DTDeviceKitBase                     0x000000011d611749 DTDK_AMDErrorToNSError + 792
	2   DTDeviceKitBase                     0x000000011d64ea40 -[DTDKMobileDeviceToken _mountDeveloperDiskImage:withError:] + 844
	3   DTDeviceKitBase                     0x000000011d64f55d __58-[DTDKMobileDeviceToken mountDeveloperDiskImageWithError:]_block_invoke + 699
	4   libdispatch.dylib                   0x00007fff68c644de _dispatch_client_callout + 8
	5   libdispatch.dylib                   0x00007fff68c70576 _dispatch_lane_barrier_sync_invoke_and_complete + 60
	6   DTDeviceKitBase                     0x000000011d64f240 -[DTDKMobileDeviceToken mountDeveloperDiskImageWithError:] + 199
	7   IDEiOSSupportCore                   0x000000011d21b13c __37-[DVTiOSDevice(Connect) hasConnected]_block_invoke_2 + 267
	8   DVTFoundation                       0x000000010dd6d9ba __DVT_CALLING_CLIENT_BLOCK__ + 7
	9   DVTFoundation                       0x000000010dd71691 __DVTDispatchGroupAsync_block_invoke + 809
	10  libdispatch.dylib                   0x00007fff68c63553 _dispatch_call_block_and_release + 12
	11  libdispatch.dylib                   0x00007fff68c644de _dispatch_client_callout + 8
	12  libdispatch.dylib                   0x00007fff68c66708 _dispatch_continuation_pop + 534
	13  libdispatch.dylib                   0x00007fff68c65d8e _dispatch_async_redirect_invoke + 703
	14  libdispatch.dylib                   0x00007fff68c727e5 _dispatch_root_queue_drain + 326
	15  libdispatch.dylib                   0x00007fff68c72f25 _dispatch_worker_thread2 + 92
	16  libsystem_pthread.dylib             0x00007fff68ebd71d _pthread_wqthread + 220
	17  libsystem_pthread.dylib             0x00007fff68ebd5c3 start_wqthread + 15
);
}
2019-10-19 22:47:47.723 xcodebuild[11985:16373129] [MT] iPhoneConnect: 📱<DVTiOSDevice (0x7f81c4a92430), ViralTaco's phone, iPhone, 12.4 (16G77), 2d971b26d16c2d763e3fbb23b1e7ef396e3deaa9> -- An error occurred whilst preparing device for development -- Development cannot be enabled while your device is locked.
Domain: com.apple.dtdevicekit
Code: -402652958
Failure Reason: Please unlock your device and reattach. (0xE80000E2).
User Info: {
    DVTRadarComponentKey = 487927;
    "com.apple.dtdevicekit.stacktrace" = (
	0   DTDeviceKitBase                     0x000000011d611047 DTDKCreateNSError + 109
	1   DTDeviceKitBase                     0x000000011d611749 DTDK_AMDErrorToNSError + 792
	2   DTDeviceKitBase                     0x000000011d64ea40 -[DTDKMobileDeviceToken _mountDeveloperDiskImage:withError:] + 844
	3   DTDeviceKitBase                     0x000000011d64f55d __58-[DTDKMobileDeviceToken mountDeveloperDiskImageWithError:]_block_invoke + 699
	4   libdispatch.dylib                   0x00007fff68c644de _dispatch_client_callout + 8
	5   libdispatch.dylib                   0x00007fff68c70576 _dispatch_lane_barrier_sync_invoke_and_complete + 60
	6   DTDeviceKitBase                     0x000000011d64f240 -[DTDKMobileDeviceToken mountDeveloperDiskImageWithError:] + 199
	7   IDEiOSSupportCore                   0x000000011d21b13c __37-[DVTiOSDevice(Connect) hasConnected]_block_invoke_2 + 267
	8   DVTFoundation                       0x000000010dd6d9ba __DVT_CALLING_CLIENT_BLOCK__ + 7
	9   DVTFoundation                       0x000000010dd71691 __DVTDispatchGroupAsync_block_invoke + 809
	10  libdispatch.dylib                   0x00007fff68c63553 _dispatch_call_block_and_release + 12
	11  libdispatch.dylib                   0x00007fff68c644de _dispatch_client_callout + 8
	12  libdispatch.dylib                   0x00007fff68c66708 _dispatch_continuation_pop + 534
	13  libdispatch.dylib                   0x00007fff68c65d8e _dispatch_async_redirect_invoke + 703
	14  libdispatch.dylib                   0x00007fff68c727e5 _dispatch_root_queue_drain + 326
	15  libdispatch.dylib                   0x00007fff68c72f25 _dispatch_worker_thread2 + 92
	16  libsystem_pthread.dylib             0x00007fff68ebd71d _pthread_wqthread + 220
	17  libsystem_pthread.dylib             0x00007fff68ebd5c3 start_wqthread + 15
);
}
--
2019-10-19 22:47:47.723 xcodebuild[11985:16373129] [MT] iPhoneConnect: 📱<DVTiOSDevice (0x7f81c4a92430), ViralTaco's phone, iPhone, 12.4 (16G77), 2d971b26d16c2d763e3fbb23b1e7ef396e3deaa9> == Underlying device preparation errors ==
2019-10-19 22:47:47.723 xcodebuild[11985:16373129] [MT] iPhoneConnect: Development cannot be enabled while your device is locked.
Domain: com.apple.dtdevicekit
Code: -402652958
Failure Reason: Please unlock your device and reattach. (0xE80000E2).
User Info: {
    DVTRadarComponentKey = 487927;
    "com.apple.dtdevicekit.stacktrace" = (
	0   DTDeviceKitBase                     0x000000011d611047 DTDKCreateNSError + 109
	1   DTDeviceKitBase                     0x000000011d611749 DTDK_AMDErrorToNSError + 792
	2   DTDeviceKitBase                     0x000000011d64ea40 -[DTDKMobileDeviceToken _mountDeveloperDiskImage:withError:] + 844
	3   DTDeviceKitBase                     0x000000011d64f55d __58-[DTDKMobileDeviceToken mountDeveloperDiskImageWithError:]_block_invoke + 699
	4   libdispatch.dylib                   0x00007fff68c644de _dispatch_client_callout + 8
	5   libdispatch.dylib                   0x00007fff68c70576 _dispatch_lane_barrier_sync_invoke_and_complete + 60
	6   DTDeviceKitBase                     0x000000011d64f240 -[DTDKMobileDeviceToken mountDeveloperDiskImageWithError:] + 199
	7   IDEiOSSupportCore                   0x000000011d21b13c __37-[DVTiOSDevice(Connect) hasConnected]_block_invoke_2 + 267
	8   DVTFoundation                       0x000000010dd6d9ba __DVT_CALLING_CLIENT_BLOCK__ + 7
	9   DVTFoundation                       0x000000010dd71691 __DVTDispatchGroupAsync_block_invoke + 809
	10  libdispatch.dylib                   0x00007fff68c63553 _dispatch_call_block_and_release + 12
	11  libdispatch.dylib                   0x00007fff68c644de _dispatch_client_callout + 8
	12  libdispatch.dylib                   0x00007fff68c66708 _dispatch_continuation_pop + 534
	13  libdispatch.dylib                   0x00007fff68c65d8e _dispatch_async_redirect_invoke + 703
	14  libdispatch.dylib                   0x00007fff68c727e5 _dispatch_root_queue_drain + 326
	15  libdispatch.dylib                   0x00007fff68c72f25 _dispatch_worker_thread2 + 92
	16  libsystem_pthread.dylib             0x00007fff68ebd71d _pthread_wqthread + 220
	17  libsystem_pthread.dylib             0x00007fff68ebd5c3 start_wqthread + 15
);
}
--
2019-10-19 22:47:47.723 xcodebuild[11985:16373129] [MT] iPhoneConnect: Development cannot be enabled while your device is locked.
Domain: com.apple.dtdevicekit
Code: -402652958
Failure Reason: Please unlock your device and reattach. (0xE80000E2).
User Info: {
    DVTRadarComponentKey = 487927;
    "com.apple.dtdevicekit.stacktrace" = (
	0   DTDeviceKitBase                     0x000000011d611047 DTDKCreateNSError + 109
	1   DTDeviceKitBase                     0x000000011d611749 DTDK_AMDErrorToNSError + 792
	2   DTDeviceKitBase                     0x000000011d64ea40 -[DTDKMobileDeviceToken _mountDeveloperDiskImage:withError:] + 844
	3   DTDeviceKitBase                     0x000000011d64f55d __58-[DTDKMobileDeviceToken mountDeveloperDiskImageWithError:]_block_invoke + 699
	4   libdispatch.dylib                   0x00007fff68c644de _dispatch_client_callout + 8
	5   libdispatch.dylib                   0x00007fff68c70576 _dispatch_lane_barrier_sync_invoke_and_complete + 60
	6   DTDeviceKitBase                     0x000000011d64f240 -[DTDKMobileDeviceToken mountDeveloperDiskImageWithError:] + 199
	7   IDEiOSSupportCore                   0x000000011d21b13c __37-[DVTiOSDevice(Connect) hasConnected]_block_invoke_2 + 267
	8   DVTFoundation                       0x000000010dd6d9ba __DVT_CALLING_CLIENT_BLOCK__ + 7
	9   DVTFoundation                       0x000000010dd71691 __DVTDispatchGroupAsync_block_invoke + 809
	10  libdispatch.dylib                   0x00007fff68c63553 _dispatch_call_block_and_release + 12
	11  libdispatch.dylib                   0x00007fff68c644de _dispatch_client_callout + 8
	12  libdispatch.dylib                   0x00007fff68c66708 _dispatch_continuation_pop + 534
	13  libdispatch.dylib                   0x00007fff68c65d8e _dispatch_async_redirect_invoke + 703
	14  libdispatch.dylib                   0x00007fff68c727e5 _dispatch_root_queue_drain + 326
	15  libdispatch.dylib                   0x00007fff68c72f25 _dispatch_worker_thread2 + 92
	16  libsystem_pthread.dylib             0x00007fff68ebd71d _pthread_wqthread + 220
	17  libsystem_pthread.dylib             0x00007fff68ebd5c3 start_wqthread + 15
);
}
--
2019-10-19 22:47:47.723 xcodebuild[11985:16373129] [MT] iPhoneConnect: 📱<DVTiOSDevice (0x7f81c4a92430), ViralTaco's phone, iPhone, 12.4 (16G77), 2d971b26d16c2d763e3fbb23b1e7ef396e3deaa9> == END: Underlying device preparation errors ==
CompileC /Users/viraltaco/code/code/Exercism/cpp/binary-search/build/CMakeFiles/CMakeTmp/CMAKE_TRY_COMPILE.build/Debug/cmTC_22981.build/Objects-normal/x86_64/CMakeCXXCompilerABI.o /Users/usr/local/Cellar/cmake/3.15.4/share/cmake/Modules/CMakeCXXCompilerABI.cpp normal x86_64 c++ com.apple.compilers.llvm.clang.1_0.compiler
    cd /Users/viraltaco/Desktop/projects/code/Exercism/cpp/binary-search/build/CMakeFiles/CMakeTmp
    /Applications/Xcode.app/Contents/Developer/Toolchains/XcodeDefault.xctoolchain/usr/bin/clang -x c++ -target x86_64-apple-macos10.15 -fmessage-length=0 -fdiagnostics-show-note-include-stack -fmacro-backtrace-limit=0 -Wno-trigraphs -fpascal-strings -O0 -Wno-missing-field-initializers -Wno-missing-prototypes -Wno-return-type -Wno-non-virtual-dtor -Wno-overloaded-virtual -Wno-exit-time-destructors -Wno-missing-braces -Wparentheses -Wswitch -Wno-unused-function -Wno-unused-label -Wno-unused-parameter -Wno-unused-variable -Wunused-value -Wno-empty-body -Wno-uninitialized -Wno-unknown-pragmas -Wno-shadow -Wno-four-char-constants -Wno-conversion -Wno-constant-conversion -Wno-int-conversion -Wno-bool-conversion -Wno-enum-conversion -Wno-float-conversion -Wno-non-literal-null-conversion -Wno-objc-literal-conversion -Wno-shorten-64-to-32 -Wno-newline-eof -Wno-c++11-extensions -DCMAKE_INTDIR=\"Debug\" -isysroot /Applications/Xcode.app/Contents/Developer/Platforms/MacOSX.platform/Developer/SDKs/MacOSX10.15.sdk -fasm-blocks -fstrict-aliasing -Wdeprecated-declarations -Winvalid-offsetof -g -Wno-sign-conversion -Wno-infinite-recursion -Wno-move -Wno-comma -Wno-block-capture-autoreleasing -Wno-strict-prototypes -Wno-range-loop-analysis -Wno-semicolon-before-method-body -I/Users/viraltaco/code/code/Exercism/cpp/binary-search/build/CMakeFiles/CMakeTmp/Debug/include -I/Users/viraltaco/code/code/Exercism/cpp/binary-search/build/CMakeFiles/CMakeTmp/CMAKE_TRY_COMPILE.build/Debug/cmTC_22981.build/DerivedSources-normal/x86_64 -I/Users/viraltaco/code/code/Exercism/cpp/binary-search/build/CMakeFiles/CMakeTmp/CMAKE_TRY_COMPILE.build/Debug/cmTC_22981.build/DerivedSources/x86_64 -I/Users/viraltaco/code/code/Exercism/cpp/binary-search/build/CMakeFiles/CMakeTmp/CMAKE_TRY_COMPILE.build/Debug/cmTC_22981.build/DerivedSources -Wmost -Wno-four-char-constants -Wno-unknown-pragmas -F/Users/viraltaco/code/code/Exercism/cpp/binary-search/build/CMakeFiles/CMakeTmp/Debug -v -Wl,-v -MMD -MT dependencies -MF /Users/viraltaco/code/code/Exercism/cpp/binary-search/build/CMakeFiles/CMakeTmp/CMAKE_TRY_COMPILE.build/Debug/cmTC_22981.build/Objects-normal/x86_64/CMakeCXXCompilerABI.d --serialize-diagnostics /Users/viraltaco/code/code/Exercism/cpp/binary-search/build/CMakeFiles/CMakeTmp/CMAKE_TRY_COMPILE.build/Debug/cmTC_22981.build/Objects-normal/x86_64/CMakeCXXCompilerABI.dia -c /Users/usr/local/Cellar/cmake/3.15.4/share/cmake/Modules/CMakeCXXCompilerABI.cpp -o /Users/viraltaco/code/code/Exercism/cpp/binary-search/build/CMakeFiles/CMakeTmp/CMAKE_TRY_COMPILE.build/Debug/cmTC_22981.build/Objects-normal/x86_64/CMakeCXXCompilerABI.o
Apple clang version 11.0.0 (clang-1100.0.33.8)
Target: x86_64-apple-macos10.15
Thread model: posix
InstalledDir: /Applications/Xcode.app/Contents/Developer/Toolchains/XcodeDefault.xctoolchain/usr/bin
clang: error: no such file or directory: '/Users/usr/local/Cellar/cmake/3.15.4/share/cmake/Modules/CMakeCXXCompilerABI.cpp'
clang: warning: -Wl,-v: 'linker' input unused [-Wunused-command-line-argument]

** BUILD FAILED **


The following build commands failed:
	CompileC /Users/viraltaco/code/code/Exercism/cpp/binary-search/build/CMakeFiles/CMakeTmp/CMAKE_TRY_COMPILE.build/Debug/cmTC_22981.build/Objects-normal/x86_64/CMakeCXXCompilerABI.o /Users/usr/local/Cellar/cmake/3.15.4/share/cmake/Modules/CMakeCXXCompilerABI.cpp normal x86_64 c++ com.apple.compilers.llvm.clang.1_0.compiler
(1 failure)




