The system is: Darwin - 20.4.0 - x86_64
Compiling the CXX compiler identification source file "CMakeCXXCompilerId.cpp" succeeded.
Compiler:  
Build flags: 
Id flags:  

The output was:
0
Command line invocation:
    /Applications/Xcode.app/Contents/Developer/usr/bin/xcodebuild

User defaults from command line:
    IDEPackageSupportUseBuiltinSCM = YES

note: Using new build system
note: Planning build
note: Analyzing workspace
note: Constructing build description
note: Build preparation complete
CreateBuildDirectory /Users/viraltaco/Desktop/projects/Exercism/cpp/pangram/build/CMakeFiles/3.20.2/CompilerIdCXX
    cd /Users/viraltaco/Desktop/projects/Exercism/cpp/pangram/build/CMakeFiles/3.20.2/CompilerIdCXX/CompilerIdCXX.xcodeproj
    builtin-create-build-directory /Users/viraltaco/Desktop/projects/Exercism/cpp/pangram/build/CMakeFiles/3.20.2/CompilerIdCXX

warning: Traditional headermap style is no longer supported; please migrate to using separate headermaps and set 'ALWAYS_SEARCH_USER_PATHS' to NO. (in target 'CompilerIdCXX' from project 'CompilerIdCXX')
WriteAuxiliaryFile /Users/viraltaco/Desktop/projects/Exercism/cpp/pangram/build/CMakeFiles/3.20.2/CompilerIdCXX/CompilerIdCXX.build/Debug/CompilerIdCXX.build/CompilerIdCXX-all-non-framework-target-headers.hmap (in target 'CompilerIdCXX' from project 'CompilerIdCXX')
    cd /Users/viraltaco/Desktop/projects/Exercism/cpp/pangram/build/CMakeFiles/3.20.2/CompilerIdCXX
    write-file /Users/viraltaco/Desktop/projects/Exercism/cpp/pangram/build/CMakeFiles/3.20.2/CompilerIdCXX/CompilerIdCXX.build/Debug/CompilerIdCXX.build/CompilerIdCXX-all-non-framework-target-headers.hmap

WriteAuxiliaryFile /Users/viraltaco/Desktop/projects/Exercism/cpp/pangram/build/CMakeFiles/3.20.2/CompilerIdCXX/CompilerIdCXX.build/Debug/CompilerIdCXX.build/CompilerIdCXX.hmap (in target 'CompilerIdCXX' from project 'CompilerIdCXX')
    cd /Users/viraltaco/Desktop/projects/Exercism/cpp/pangram/build/CMakeFiles/3.20.2/CompilerIdCXX
    write-file /Users/viraltaco/Desktop/projects/Exercism/cpp/pangram/build/CMakeFiles/3.20.2/CompilerIdCXX/CompilerIdCXX.build/Debug/CompilerIdCXX.build/CompilerIdCXX.hmap

WriteAuxiliaryFile /Users/viraltaco/Desktop/projects/Exercism/cpp/pangram/build/CMakeFiles/3.20.2/CompilerIdCXX/CompilerIdCXX.build/Debug/CompilerIdCXX.build/CompilerIdCXX-generated-files.hmap (in target 'CompilerIdCXX' from project 'CompilerIdCXX')
    cd /Users/viraltaco/Desktop/projects/Exercism/cpp/pangram/build/CMakeFiles/3.20.2/CompilerIdCXX
    write-file /Users/viraltaco/Desktop/projects/Exercism/cpp/pangram/build/CMakeFiles/3.20.2/CompilerIdCXX/CompilerIdCXX.build/Debug/CompilerIdCXX.build/CompilerIdCXX-generated-files.hmap

WriteAuxiliaryFile /Users/viraltaco/Desktop/projects/Exercism/cpp/pangram/build/CMakeFiles/3.20.2/CompilerIdCXX/CompilerIdCXX.build/Debug/CompilerIdCXX.build/CompilerIdCXX-project-headers.hmap (in target 'CompilerIdCXX' from project 'CompilerIdCXX')
    cd /Users/viraltaco/Desktop/projects/Exercism/cpp/pangram/build/CMakeFiles/3.20.2/CompilerIdCXX
    write-file /Users/viraltaco/Desktop/projects/Exercism/cpp/pangram/build/CMakeFiles/3.20.2/CompilerIdCXX/CompilerIdCXX.build/Debug/CompilerIdCXX.build/CompilerIdCXX-project-headers.hmap

WriteAuxiliaryFile /Users/viraltaco/Desktop/projects/Exercism/cpp/pangram/build/CMakeFiles/3.20.2/CompilerIdCXX/CompilerIdCXX.build/Debug/CompilerIdCXX.build/CompilerIdCXX-all-target-headers.hmap (in target 'CompilerIdCXX' from project 'CompilerIdCXX')
    cd /Users/viraltaco/Desktop/projects/Exercism/cpp/pangram/build/CMakeFiles/3.20.2/CompilerIdCXX
    write-file /Users/viraltaco/Desktop/projects/Exercism/cpp/pangram/build/CMakeFiles/3.20.2/CompilerIdCXX/CompilerIdCXX.build/Debug/CompilerIdCXX.build/CompilerIdCXX-all-target-headers.hmap

WriteAuxiliaryFile /Users/viraltaco/Desktop/projects/Exercism/cpp/pangram/build/CMakeFiles/3.20.2/CompilerIdCXX/CompilerIdCXX.build/Debug/CompilerIdCXX.build/all-product-headers.yaml (in target 'CompilerIdCXX' from project 'CompilerIdCXX')
    cd /Users/viraltaco/Desktop/projects/Exercism/cpp/pangram/build/CMakeFiles/3.20.2/CompilerIdCXX
    write-file /Users/viraltaco/Desktop/projects/Exercism/cpp/pangram/build/CMakeFiles/3.20.2/CompilerIdCXX/CompilerIdCXX.build/Debug/CompilerIdCXX.build/all-product-headers.yaml

WriteAuxiliaryFile /Users/viraltaco/Desktop/projects/Exercism/cpp/pangram/build/CMakeFiles/3.20.2/CompilerIdCXX/CompilerIdCXX.build/Debug/CompilerIdCXX.build/CompilerIdCXX-own-target-headers.hmap (in target 'CompilerIdCXX' from project 'CompilerIdCXX')
    cd /Users/viraltaco/Desktop/projects/Exercism/cpp/pangram/build/CMakeFiles/3.20.2/CompilerIdCXX
    write-file /Users/viraltaco/Desktop/projects/Exercism/cpp/pangram/build/CMakeFiles/3.20.2/CompilerIdCXX/CompilerIdCXX.build/Debug/CompilerIdCXX.build/CompilerIdCXX-own-target-headers.hmap

WriteAuxiliaryFile /Users/viraltaco/Desktop/projects/Exercism/cpp/pangram/build/CMakeFiles/3.20.2/CompilerIdCXX/CompilerIdCXX.build/Debug/CompilerIdCXX.build/Objects-normal/x86_64/CompilerIdCXX.LinkFileList (in target 'CompilerIdCXX' from project 'CompilerIdCXX')
    cd /Users/viraltaco/Desktop/projects/Exercism/cpp/pangram/build/CMakeFiles/3.20.2/CompilerIdCXX
    write-file /Users/viraltaco/Desktop/projects/Exercism/cpp/pangram/build/CMakeFiles/3.20.2/CompilerIdCXX/CompilerIdCXX.build/Debug/CompilerIdCXX.build/Objects-normal/x86_64/CompilerIdCXX.LinkFileList

CompileC /Users/viraltaco/Desktop/projects/Exercism/cpp/pangram/build/CMakeFiles/3.20.2/CompilerIdCXX/CompilerIdCXX.build/Debug/CompilerIdCXX.build/Objects-normal/x86_64/CMakeCXXCompilerId.o /Users/viraltaco/Desktop/projects/Exercism/cpp/pangram/build/CMakeFiles/3.20.2/CompilerIdCXX/CMakeCXXCompilerId.cpp normal x86_64 c++ com.apple.compilers.llvm.clang.1_0.compiler (in target 'CompilerIdCXX' from project 'CompilerIdCXX')
    cd /Users/viraltaco/Desktop/projects/Exercism/cpp/pangram/build/CMakeFiles/3.20.2/CompilerIdCXX
    export LANG\=en_US.US-ASCII
    /Applications/Xcode.app/Contents/Developer/Toolchains/XcodeDefault.xctoolchain/usr/bin/clang -x c++ -target x86_64-apple-macos11.3 -fmessage-length\=0 -fdiagnostics-show-note-include-stack -fmacro-backtrace-limit\=0 -Wno-trigraphs -fpascal-strings -Os -Wno-missing-field-initializers -Wno-missing-prototypes -Wno-return-type -Wno-non-virtual-dtor -Wno-overloaded-virtual -Wno-exit-time-destructors -Wno-missing-braces -Wparentheses -Wswitch -Wno-unused-function -Wno-unused-label -Wno-unused-parameter -Wno-unused-variable -Wunused-value -Wno-empty-body -Wno-uninitialized -Wno-unknown-pragmas -Wno-shadow -Wno-four-char-constants -Wno-conversion -Wno-constant-conversion -Wno-int-conversion -Wno-bool-conversion -Wno-enum-conversion -Wno-float-conversion -Wno-non-literal-null-conversion -Wno-objc-literal-conversion -Wno-shorten-64-to-32 -Wno-newline-eof -Wno-c++11-extensions -isysroot /Applications/Xcode.app/Contents/Developer/Platforms/MacOSX.platform/Developer/SDKs/MacOSX11.3.sdk -fasm-blocks -fstrict-aliasing -Wdeprecated-declarations -Winvalid-offsetof -g -fvisibility\=hidden -fvisibility-inlines-hidden -Wno-sign-conversion -Wno-infinite-recursion -Wno-move -Wno-comma -Wno-block-capture-autoreleasing -Wno-strict-prototypes -Wno-range-loop-analysis -Wno-semicolon-before-method-body -iquote /Users/viraltaco/Desktop/projects/Exercism/cpp/pangram/build/CMakeFiles/3.20.2/CompilerIdCXX/CompilerIdCXX.build/Debug/CompilerIdCXX.build/CompilerIdCXX-generated-files.hmap -I/Users/viraltaco/Desktop/projects/Exercism/cpp/pangram/build/CMakeFiles/3.20.2/CompilerIdCXX/CompilerIdCXX.build/Debug/CompilerIdCXX.build/CompilerIdCXX-own-target-headers.hmap -I/Users/viraltaco/Desktop/projects/Exercism/cpp/pangram/build/CMakeFiles/3.20.2/CompilerIdCXX/CompilerIdCXX.build/Debug/CompilerIdCXX.build/CompilerIdCXX-all-target-headers.hmap -iquote /Users/viraltaco/Desktop/projects/Exercism/cpp/pangram/build/CMakeFiles/3.20.2/CompilerIdCXX/CompilerIdCXX.build/Debug/CompilerIdCXX.build/CompilerIdCXX-project-headers.hmap -I/Users/viraltaco/Desktop/projects/Exercism/cpp/pangram/build/CMakeFiles/3.20.2/CompilerIdCXX/include -I/Users/viraltaco/Desktop/projects/Exercism/cpp/pangram/build/CMakeFiles/3.20.2/CompilerIdCXX/CompilerIdCXX.build/Debug/CompilerIdCXX.build/DerivedSources-normal/x86_64 -I/Users/viraltaco/Desktop/projects/Exercism/cpp/pangram/build/CMakeFiles/3.20.2/CompilerIdCXX/CompilerIdCXX.build/Debug/CompilerIdCXX.build/DerivedSources/x86_64 -I/Users/viraltaco/Desktop/projects/Exercism/cpp/pangram/build/CMakeFiles/3.20.2/CompilerIdCXX/CompilerIdCXX.build/Debug/CompilerIdCXX.build/DerivedSources -F/Users/viraltaco/Desktop/projects/Exercism/cpp/pangram/build/CMakeFiles/3.20.2/CompilerIdCXX -MMD -MT dependencies -MF /Users/viraltaco/Desktop/projects/Exercism/cpp/pangram/build/CMakeFiles/3.20.2/CompilerIdCXX/CompilerIdCXX.build/Debug/CompilerIdCXX.build/Objects-normal/x86_64/CMakeCXXCompilerId.d --serialize-diagnostics /Users/viraltaco/Desktop/projects/Exercism/cpp/pangram/build/CMakeFiles/3.20.2/CompilerIdCXX/CompilerIdCXX.build/Debug/CompilerIdCXX.build/Objects-normal/x86_64/CMakeCXXCompilerId.dia -c /Users/viraltaco/Desktop/projects/Exercism/cpp/pangram/build/CMakeFiles/3.20.2/CompilerIdCXX/CMakeCXXCompilerId.cpp -o /Users/viraltaco/Desktop/projects/Exercism/cpp/pangram/build/CMakeFiles/3.20.2/CompilerIdCXX/CompilerIdCXX.build/Debug/CompilerIdCXX.build/Objects-normal/x86_64/CMakeCXXCompilerId.o

Ld /Users/viraltaco/Desktop/projects/Exercism/cpp/pangram/build/CMakeFiles/3.20.2/CompilerIdCXX/CompilerIdCXX normal (in target 'CompilerIdCXX' from project 'CompilerIdCXX')
    cd /Users/viraltaco/Desktop/projects/Exercism/cpp/pangram/build/CMakeFiles/3.20.2/CompilerIdCXX
    /Applications/Xcode.app/Contents/Developer/Toolchains/XcodeDefault.xctoolchain/usr/bin/clang++ -target x86_64-apple-macos11.3 -isysroot /Applications/Xcode.app/Contents/Developer/Platforms/MacOSX.platform/Developer/SDKs/MacOSX11.3.sdk -L/Users/viraltaco/Desktop/projects/Exercism/cpp/pangram/build/CMakeFiles/3.20.2/CompilerIdCXX -F/Users/viraltaco/Desktop/projects/Exercism/cpp/pangram/build/CMakeFiles/3.20.2/CompilerIdCXX -filelist /Users/viraltaco/Desktop/projects/Exercism/cpp/pangram/build/CMakeFiles/3.20.2/CompilerIdCXX/CompilerIdCXX.build/Debug/CompilerIdCXX.build/Objects-normal/x86_64/CompilerIdCXX.LinkFileList -Xlinker -object_path_lto -Xlinker /Users/viraltaco/Desktop/projects/Exercism/cpp/pangram/build/CMakeFiles/3.20.2/CompilerIdCXX/CompilerIdCXX.build/Debug/CompilerIdCXX.build/Objects-normal/x86_64/CompilerIdCXX_lto.o -Xlinker -dependency_info -Xlinker /Users/viraltaco/Desktop/projects/Exercism/cpp/pangram/build/CMakeFiles/3.20.2/CompilerIdCXX/CompilerIdCXX.build/Debug/CompilerIdCXX.build/Objects-normal/x86_64/CompilerIdCXX_dependency_info.dat -o /Users/viraltaco/Desktop/projects/Exercism/cpp/pangram/build/CMakeFiles/3.20.2/CompilerIdCXX/CompilerIdCXX

WriteAuxiliaryFile /Users/viraltaco/Desktop/projects/Exercism/cpp/pangram/build/CMakeFiles/3.20.2/CompilerIdCXX/CompilerIdCXX.build/Debug/CompilerIdCXX.build/Script-2C8FEB8E15DC1A1A00E56A5D.sh (in target 'CompilerIdCXX' from project 'CompilerIdCXX')
    cd /Users/viraltaco/Desktop/projects/Exercism/cpp/pangram/build/CMakeFiles/3.20.2/CompilerIdCXX
    write-file /Users/viraltaco/Desktop/projects/Exercism/cpp/pangram/build/CMakeFiles/3.20.2/CompilerIdCXX/CompilerIdCXX.build/Debug/CompilerIdCXX.build/Script-2C8FEB8E15DC1A1A00E56A5D.sh

PhaseScriptExecution Run\ Script /Users/viraltaco/Desktop/projects/Exercism/cpp/pangram/build/CMakeFiles/3.20.2/CompilerIdCXX/CompilerIdCXX.build/Debug/CompilerIdCXX.build/Script-2C8FEB8E15DC1A1A00E56A5D.sh (in target 'CompilerIdCXX' from project 'CompilerIdCXX')
    cd /Users/viraltaco/Desktop/projects/Exercism/cpp/pangram/build/CMakeFiles/3.20.2/CompilerIdCXX
    /bin/sh -c /Users/viraltaco/Desktop/projects/Exercism/cpp/pangram/build/CMakeFiles/3.20.2/CompilerIdCXX/CompilerIdCXX.build/Debug/CompilerIdCXX.build/Script-2C8FEB8E15DC1A1A00E56A5D.sh
GCC_VERSION=com.apple.compilers.llvm.clang.1_0
ARCHS=x86_64

RegisterExecutionPolicyException /Users/viraltaco/Desktop/projects/Exercism/cpp/pangram/build/CMakeFiles/3.20.2/CompilerIdCXX/CompilerIdCXX (in target 'CompilerIdCXX' from project 'CompilerIdCXX')
    cd /Users/viraltaco/Desktop/projects/Exercism/cpp/pangram/build/CMakeFiles/3.20.2/CompilerIdCXX
    builtin-RegisterExecutionPolicyException /Users/viraltaco/Desktop/projects/Exercism/cpp/pangram/build/CMakeFiles/3.20.2/CompilerIdCXX/CompilerIdCXX

** BUILD SUCCEEDED **



Compilation of the CXX compiler identification source "CMakeCXXCompilerId.cpp" produced "CompilerIdCXX"

The CXX compiler identification is AppleClang, found in "/Users/viraltaco/Exercism/cpp/pangram/build/CMakeFiles/3.20.2/CompilerIdCXX/CompilerIdCXX"

Determining if the CXX compiler works passed with the following output:
Change Dir: /Users/viraltaco/Exercism/cpp/pangram/build/CMakeFiles/CMakeTmp

Run Build Command(s):/usr/bin/xcodebuild -project CMAKE_TRY_COMPILE.xcodeproj build -target cmTC_bf234 -parallelizeTargets -configuration Debug -hideShellScriptEnvironment && Command line invocation:
    /Applications/Xcode.app/Contents/Developer/usr/bin/xcodebuild -project CMAKE_TRY_COMPILE.xcodeproj build -target cmTC_bf234 -parallelizeTargets -configuration Debug -hideShellScriptEnvironment

User defaults from command line:
    HideShellScriptEnvironment = YES
    IDEPackageSupportUseBuiltinSCM = YES

note: Using new build system
note: Building targets in parallel
note: Planning build
note: Analyzing workspace
note: Constructing build description
note: Build preparation complete
CreateBuildDirectory /Users/viraltaco/Exercism/cpp/pangram/build/CMakeFiles/CMakeTmp
    cd /Users/viraltaco/Desktop/projects/Exercism/cpp/pangram/build/CMakeFiles/CMakeTmp/CMAKE_TRY_COMPILE.xcodeproj
    builtin-create-build-directory /Users/viraltaco/Exercism/cpp/pangram/build/CMakeFiles/CMakeTmp

CreateBuildDirectory /Users/viraltaco/Exercism/cpp/pangram/build/CMakeFiles/CMakeTmp/Debug
    cd /Users/viraltaco/Desktop/projects/Exercism/cpp/pangram/build/CMakeFiles/CMakeTmp/CMAKE_TRY_COMPILE.xcodeproj
    builtin-create-build-directory /Users/viraltaco/Exercism/cpp/pangram/build/CMakeFiles/CMakeTmp/Debug

CompileC /Users/viraltaco/Exercism/cpp/pangram/build/CMakeFiles/CMakeTmp/CMAKE_TRY_COMPILE.build/Debug/cmTC_bf234.build/Objects-normal/x86_64/testCXXCompiler.o /Users/viraltaco/Desktop/projects/Exercism/cpp/pangram/build/CMakeFiles/CMakeTmp/testCXXCompiler.cxx normal x86_64 c++ com.apple.compilers.llvm.clang.1_0.compiler (in target 'cmTC_bf234' from project 'CMAKE_TRY_COMPILE')
    cd /Users/viraltaco/Desktop/projects/Exercism/cpp/pangram/build/CMakeFiles/CMakeTmp
    /Applications/Xcode.app/Contents/Developer/Toolchains/XcodeDefault.xctoolchain/usr/bin/clang -x c++ -target x86_64-apple-macos11.3 -fmessage-length\=0 -fdiagnostics-show-note-include-stack -fmacro-backtrace-limit\=0 -Wno-trigraphs -fpascal-strings -O0 -Wno-missing-field-initializers -Wno-missing-prototypes -Wno-return-type -Wno-non-virtual-dtor -Wno-overloaded-virtual -Wno-exit-time-destructors -Wno-missing-braces -Wparentheses -Wswitch -Wno-unused-function -Wno-unused-label -Wno-unused-parameter -Wno-unused-variable -Wunused-value -Wno-empty-body -Wno-uninitialized -Wno-unknown-pragmas -Wno-shadow -Wno-four-char-constants -Wno-conversion -Wno-constant-conversion -Wno-int-conversion -Wno-bool-conversion -Wno-enum-conversion -Wno-float-conversion -Wno-non-literal-null-conversion -Wno-objc-literal-conversion -Wno-shorten-64-to-32 -Wno-newline-eof -Wno-c++11-extensions -DCMAKE_INTDIR\=\"Debug\" -isysroot /Applications/Xcode.app/Contents/Developer/Platforms/MacOSX.platform/Developer/SDKs/MacOSX11.3.sdk -fasm-blocks -fstrict-aliasing -Wdeprecated-declarations -Winvalid-offsetof -g -Wno-sign-conversion -Wno-infinite-recursion -Wno-move -Wno-comma -Wno-block-capture-autoreleasing -Wno-strict-prototypes -Wno-range-loop-analysis -Wno-semicolon-before-method-body -I/Users/viraltaco/Exercism/cpp/pangram/build/CMakeFiles/CMakeTmp/Debug/include -I/Users/viraltaco/Exercism/cpp/pangram/build/CMakeFiles/CMakeTmp/CMAKE_TRY_COMPILE.build/Debug/cmTC_bf234.build/DerivedSources-normal/x86_64 -I/Users/viraltaco/Exercism/cpp/pangram/build/CMakeFiles/CMakeTmp/CMAKE_TRY_COMPILE.build/Debug/cmTC_bf234.build/DerivedSources/x86_64 -I/Users/viraltaco/Exercism/cpp/pangram/build/CMakeFiles/CMakeTmp/CMAKE_TRY_COMPILE.build/Debug/cmTC_bf234.build/DerivedSources -F/Users/viraltaco/Exercism/cpp/pangram/build/CMakeFiles/CMakeTmp/Debug -MMD -MT dependencies -MF /Users/viraltaco/Exercism/cpp/pangram/build/CMakeFiles/CMakeTmp/CMAKE_TRY_COMPILE.build/Debug/cmTC_bf234.build/Objects-normal/x86_64/testCXXCompiler.d --serialize-diagnostics /Users/viraltaco/Exercism/cpp/pangram/build/CMakeFiles/CMakeTmp/CMAKE_TRY_COMPILE.build/Debug/cmTC_bf234.build/Objects-normal/x86_64/testCXXCompiler.dia -c /Users/viraltaco/Desktop/projects/Exercism/cpp/pangram/build/CMakeFiles/CMakeTmp/testCXXCompiler.cxx -o /Users/viraltaco/Exercism/cpp/pangram/build/CMakeFiles/CMakeTmp/CMAKE_TRY_COMPILE.build/Debug/cmTC_bf234.build/Objects-normal/x86_64/testCXXCompiler.o

WriteAuxiliaryFile /Users/viraltaco/Exercism/cpp/pangram/build/CMakeFiles/CMakeTmp/CMAKE_TRY_COMPILE.build/Debug/cmTC_bf234.build/Objects-normal/x86_64/cmTC_bf234.LinkFileList (in target 'cmTC_bf234' from project 'CMAKE_TRY_COMPILE')
    cd /Users/viraltaco/Desktop/projects/Exercism/cpp/pangram/build/CMakeFiles/CMakeTmp
    write-file /Users/viraltaco/Exercism/cpp/pangram/build/CMakeFiles/CMakeTmp/CMAKE_TRY_COMPILE.build/Debug/cmTC_bf234.build/Objects-normal/x86_64/cmTC_bf234.LinkFileList

Ld /Users/viraltaco/Exercism/cpp/pangram/build/CMakeFiles/CMakeTmp/Debug/cmTC_bf234 normal (in target 'cmTC_bf234' from project 'CMAKE_TRY_COMPILE')
    cd /Users/viraltaco/Desktop/projects/Exercism/cpp/pangram/build/CMakeFiles/CMakeTmp
    /Applications/Xcode.app/Contents/Developer/Toolchains/XcodeDefault.xctoolchain/usr/bin/clang++ -target x86_64-apple-macos11.3 -isysroot /Applications/Xcode.app/Contents/Developer/Platforms/MacOSX.platform/Developer/SDKs/MacOSX11.3.sdk -L/Users/viraltaco/Exercism/cpp/pangram/build/CMakeFiles/CMakeTmp/Debug -F/Users/viraltaco/Exercism/cpp/pangram/build/CMakeFiles/CMakeTmp/Debug -filelist /Users/viraltaco/Exercism/cpp/pangram/build/CMakeFiles/CMakeTmp/CMAKE_TRY_COMPILE.build/Debug/cmTC_bf234.build/Objects-normal/x86_64/cmTC_bf234.LinkFileList -Xlinker -object_path_lto -Xlinker /Users/viraltaco/Exercism/cpp/pangram/build/CMakeFiles/CMakeTmp/CMAKE_TRY_COMPILE.build/Debug/cmTC_bf234.build/Objects-normal/x86_64/cmTC_bf234_lto.o -Xlinker -no_deduplicate -L/usr/local/opt/openssl@1.1/lib -Wl,-search_paths_first -Wl,-headerpad_max_install_names -Xlinker -dependency_info -Xlinker /Users/viraltaco/Exercism/cpp/pangram/build/CMakeFiles/CMakeTmp/CMAKE_TRY_COMPILE.build/Debug/cmTC_bf234.build/Objects-normal/x86_64/cmTC_bf234_dependency_info.dat -o /Users/viraltaco/Exercism/cpp/pangram/build/CMakeFiles/CMakeTmp/Debug/cmTC_bf234

RegisterExecutionPolicyException /Users/viraltaco/Exercism/cpp/pangram/build/CMakeFiles/CMakeTmp/Debug/cmTC_bf234 (in target 'cmTC_bf234' from project 'CMAKE_TRY_COMPILE')
    cd /Users/viraltaco/Desktop/projects/Exercism/cpp/pangram/build/CMakeFiles/CMakeTmp
    builtin-RegisterExecutionPolicyException /Users/viraltaco/Exercism/cpp/pangram/build/CMakeFiles/CMakeTmp/Debug/cmTC_bf234

** BUILD SUCCEEDED **




