The system is: Darwin - 20.5.0 - x86_64
Compiling the CXX compiler identification source file "CMakeCXXCompilerId.cpp" succeeded.
Compiler: /usr/local/Cellar/llvm/12.0.1/bin/clang-12 
Build flags: 
Id flags:  

The output was:
0


Compilation of the CXX compiler identification source "CMakeCXXCompilerId.cpp" produced "a.out"

The CXX compiler identification is Clang, found in "/Users/viraltaco/Desktop/Projects/Exercism/cpp/hexadecimal/cmake-build-release-llvm-12/CMakeFiles/3.19.2/CompilerIdCXX/a.out"

Detecting CXX compiler ABI info compiled with the following output:
Change Dir: /Users/viraltaco/Desktop/Projects/Exercism/cpp/hexadecimal/cmake-build-release-llvm-12/CMakeFiles/CMakeTmp

Run Build Command(s):/usr/local/bin/gmake cmTC_0541b/fast && /usr/local/bin/gmake  -f CMakeFiles/cmTC_0541b.dir/build.make CMakeFiles/cmTC_0541b.dir/build
gmake[1]: Entering directory '/Users/viraltaco/Desktop/Projects/Exercism/cpp/hexadecimal/cmake-build-release-llvm-12/CMakeFiles/CMakeTmp'
Building CXX object CMakeFiles/cmTC_0541b.dir/CMakeCXXCompilerABI.cpp.o
/usr/local/Cellar/llvm/12.0.1/bin/clang-12   -isysroot /Applications/Xcode.app/Contents/Developer/Platforms/MacOSX.platform/Developer/SDKs/MacOSX11.3.sdk   -v -Wl,-v -o CMakeFiles/cmTC_0541b.dir/CMakeCXXCompilerABI.cpp.o -c "/Users/viraltaco/Library/Application Support/JetBrains/Toolbox/apps/CLion/ch-0/211.7628.27/CLion.app/Contents/bin/cmake/mac/share/cmake-3.19/Modules/CMakeCXXCompilerABI.cpp"
Homebrew clang version 12.0.1
Target: x86_64-apple-darwin20.5.0
Thread model: posix
InstalledDir: /usr/local/Cellar/llvm/12.0.1/bin
clang-12: warning: -Wl,-v: 'linker' input unused [-Wunused-command-line-argument]
 (in-process)
 "/usr/local/Cellar/llvm/12.0.1/bin/clang-12" -cc1 -triple x86_64-apple-macosx11.0.0 -Wundef-prefix=TARGET_OS_ -Werror=undef-prefix -Wdeprecated-objc-isa-usage -Werror=deprecated-objc-isa-usage -emit-obj -mrelax-all --mrelax-relocations -disable-free -disable-llvm-verifier -discard-value-names -main-file-name CMakeCXXCompilerABI.cpp -mrelocation-model pic -pic-level 2 -mframe-pointer=all -fno-rounding-math -munwind-tables -target-sdk-version=11.3 -fcompatibility-qualified-id-block-type-checking -fvisibility-inlines-hidden-static-local-var -target-cpu penryn -tune-cpu generic -debugger-tuning=lldb -target-linker-version 650.9 -v -resource-dir /usr/local/Cellar/llvm/12.0.1/lib/clang/12.0.1 -isysroot /Applications/Xcode.app/Contents/Developer/Platforms/MacOSX.platform/Developer/SDKs/MacOSX11.3.sdk -stdlib=libc++ -internal-isystem /usr/local/Cellar/llvm/12.0.1/bin/../include/c++/v1 -internal-isystem /Applications/Xcode.app/Contents/Developer/Platforms/MacOSX.platform/Developer/SDKs/MacOSX11.3.sdk/usr/local/include -internal-isystem /usr/local/Cellar/llvm/12.0.1/lib/clang/12.0.1/include -internal-externc-isystem /Applications/Xcode.app/Contents/Developer/Platforms/MacOSX.platform/Developer/SDKs/MacOSX11.3.sdk/usr/include -fdeprecated-macro -fdebug-compilation-dir /Users/viraltaco/Desktop/Projects/Exercism/cpp/hexadecimal/cmake-build-release-llvm-12/CMakeFiles/CMakeTmp -ferror-limit 19 -stack-protector 1 -fblocks -fencode-extended-block-signature -fregister-global-dtors-with-atexit -fgnuc-version=4.2.1 -fcxx-exceptions -fexceptions -fmax-type-align=16 -o CMakeFiles/cmTC_0541b.dir/CMakeCXXCompilerABI.cpp.o -x c++ "/Users/viraltaco/Library/Application Support/JetBrains/Toolbox/apps/CLion/ch-0/211.7628.27/CLion.app/Contents/bin/cmake/mac/share/cmake-3.19/Modules/CMakeCXXCompilerABI.cpp"
clang -cc1 version 12.0.1 based upon LLVM 12.0.1 default target x86_64-apple-darwin20.5.0
ignoring nonexistent directory "/Applications/Xcode.app/Contents/Developer/Platforms/MacOSX.platform/Developer/SDKs/MacOSX11.3.sdk/usr/local/include"
ignoring nonexistent directory "/Applications/Xcode.app/Contents/Developer/Platforms/MacOSX.platform/Developer/SDKs/MacOSX11.3.sdk/Library/Frameworks"
#include "..." search starts here:
#include <...> search starts here:
 /usr/local/Cellar/llvm/12.0.1/bin/../include/c++/v1
 /usr/local/Cellar/llvm/12.0.1/lib/clang/12.0.1/include
 /Applications/Xcode.app/Contents/Developer/Platforms/MacOSX.platform/Developer/SDKs/MacOSX11.3.sdk/usr/include
 /Applications/Xcode.app/Contents/Developer/Platforms/MacOSX.platform/Developer/SDKs/MacOSX11.3.sdk/System/Library/Frameworks (framework directory)
End of search list.
Linking CXX executable cmTC_0541b
"/Users/viraltaco/Library/Application Support/JetBrains/Toolbox/apps/CLion/ch-0/211.7628.27/CLion.app/Contents/bin/cmake/mac/bin/cmake" -E cmake_link_script CMakeFiles/cmTC_0541b.dir/link.txt --verbose=1
/usr/local/Cellar/llvm/12.0.1/bin/clang-12  -isysroot /Applications/Xcode.app/Contents/Developer/Platforms/MacOSX.platform/Developer/SDKs/MacOSX11.3.sdk -Wl,-search_paths_first -Wl,-headerpad_max_install_names -L/usr/local/opt/llvm/lib -v -Wl,-v CMakeFiles/cmTC_0541b.dir/CMakeCXXCompilerABI.cpp.o -o cmTC_0541b 
Homebrew clang version 12.0.1
Target: x86_64-apple-darwin20.5.0
Thread model: posix
InstalledDir: /usr/local/Cellar/llvm/12.0.1/bin
 "/usr/bin/ld" -demangle -lto_library /usr/local/Cellar/llvm/12.0.1/lib/libLTO.dylib -dynamic -arch x86_64 -platform_version macos 11.0.0 11.3 -syslibroot /Library/Developer/CommandLineTools/SDKs/MacOSX.sdk -o cmTC_0541b -L/usr/local/opt/llvm/lib -search_paths_first -headerpad_max_install_names -v CMakeFiles/cmTC_0541b.dir/CMakeCXXCompilerABI.cpp.o -lSystem /usr/local/Cellar/llvm/12.0.1/lib/clang/12.0.1/lib/darwin/libclang_rt.osx.a
@(#)PROGRAM:ld  PROJECT:ld64-650.9
BUILD 13:09:02 May 28 2021
configured to support archs: armv6 armv7 armv7s arm64 arm64e arm64_32 i386 x86_64 x86_64h armv6m armv7k armv7m armv7em
Library search paths:
	/usr/local/opt/llvm/lib
	/Library/Developer/CommandLineTools/SDKs/MacOSX.sdk/usr/lib
Framework search paths:
	/Library/Developer/CommandLineTools/SDKs/MacOSX.sdk/System/Library/Frameworks/
gmake[1]: Leaving directory '/Users/viraltaco/Desktop/Projects/Exercism/cpp/hexadecimal/cmake-build-release-llvm-12/CMakeFiles/CMakeTmp'



Parsed CXX implicit include dir info from above output: rv=done
  found start of include info
  found start of implicit include info
    add: [/usr/local/Cellar/llvm/12.0.1/bin/../include/c++/v1]
    add: [/usr/local/Cellar/llvm/12.0.1/lib/clang/12.0.1/include]
    add: [/Applications/Xcode.app/Contents/Developer/Platforms/MacOSX.platform/Developer/SDKs/MacOSX11.3.sdk/usr/include]
  end of search list found
  collapse include dir [/usr/local/Cellar/llvm/12.0.1/bin/../include/c++/v1] ==> [/usr/local/Cellar/llvm/12.0.1/include/c++/v1]
  collapse include dir [/usr/local/Cellar/llvm/12.0.1/lib/clang/12.0.1/include] ==> [/usr/local/Cellar/llvm/12.0.1/lib/clang/12.0.1/include]
  collapse include dir [/Applications/Xcode.app/Contents/Developer/Platforms/MacOSX.platform/Developer/SDKs/MacOSX11.3.sdk/usr/include] ==> [/Applications/Xcode.app/Contents/Developer/Platforms/MacOSX.platform/Developer/SDKs/MacOSX11.3.sdk/usr/include]
  implicit include dirs: [/usr/local/Cellar/llvm/12.0.1/include/c++/v1;/usr/local/Cellar/llvm/12.0.1/lib/clang/12.0.1/include;/Applications/Xcode.app/Contents/Developer/Platforms/MacOSX.platform/Developer/SDKs/MacOSX11.3.sdk/usr/include]


Parsed CXX implicit link information from above output:
  link line regex: [^( *|.*[/\])(ld|CMAKE_LINK_STARTFILE-NOTFOUND|([^/\]+-)?ld|collect2)[^/\]*( |$)]
  ignore line: [Change Dir: /Users/viraltaco/Desktop/Projects/Exercism/cpp/hexadecimal/cmake-build-release-llvm-12/CMakeFiles/CMakeTmp]
  ignore line: []
  ignore line: [Run Build Command(s):/usr/local/bin/gmake cmTC_0541b/fast && /usr/local/bin/gmake  -f CMakeFiles/cmTC_0541b.dir/build.make CMakeFiles/cmTC_0541b.dir/build]
  ignore line: [gmake[1]: Entering directory '/Users/viraltaco/Desktop/Projects/Exercism/cpp/hexadecimal/cmake-build-release-llvm-12/CMakeFiles/CMakeTmp']
  ignore line: [Building CXX object CMakeFiles/cmTC_0541b.dir/CMakeCXXCompilerABI.cpp.o]
  ignore line: [/usr/local/Cellar/llvm/12.0.1/bin/clang-12   -isysroot /Applications/Xcode.app/Contents/Developer/Platforms/MacOSX.platform/Developer/SDKs/MacOSX11.3.sdk   -v -Wl -v -o CMakeFiles/cmTC_0541b.dir/CMakeCXXCompilerABI.cpp.o -c "/Users/viraltaco/Library/Application Support/JetBrains/Toolbox/apps/CLion/ch-0/211.7628.27/CLion.app/Contents/bin/cmake/mac/share/cmake-3.19/Modules/CMakeCXXCompilerABI.cpp"]
  ignore line: [Homebrew clang version 12.0.1]
  ignore line: [Target: x86_64-apple-darwin20.5.0]
  ignore line: [Thread model: posix]
  ignore line: [InstalledDir: /usr/local/Cellar/llvm/12.0.1/bin]
  ignore line: [clang-12: warning: -Wl -v: 'linker' input unused [-Wunused-command-line-argument]]
  ignore line: [ (in-process)]
  ignore line: [ "/usr/local/Cellar/llvm/12.0.1/bin/clang-12" -cc1 -triple x86_64-apple-macosx11.0.0 -Wundef-prefix=TARGET_OS_ -Werror=undef-prefix -Wdeprecated-objc-isa-usage -Werror=deprecated-objc-isa-usage -emit-obj -mrelax-all --mrelax-relocations -disable-free -disable-llvm-verifier -discard-value-names -main-file-name CMakeCXXCompilerABI.cpp -mrelocation-model pic -pic-level 2 -mframe-pointer=all -fno-rounding-math -munwind-tables -target-sdk-version=11.3 -fcompatibility-qualified-id-block-type-checking -fvisibility-inlines-hidden-static-local-var -target-cpu penryn -tune-cpu generic -debugger-tuning=lldb -target-linker-version 650.9 -v -resource-dir /usr/local/Cellar/llvm/12.0.1/lib/clang/12.0.1 -isysroot /Applications/Xcode.app/Contents/Developer/Platforms/MacOSX.platform/Developer/SDKs/MacOSX11.3.sdk -stdlib=libc++ -internal-isystem /usr/local/Cellar/llvm/12.0.1/bin/../include/c++/v1 -internal-isystem /Applications/Xcode.app/Contents/Developer/Platforms/MacOSX.platform/Developer/SDKs/MacOSX11.3.sdk/usr/local/include -internal-isystem /usr/local/Cellar/llvm/12.0.1/lib/clang/12.0.1/include -internal-externc-isystem /Applications/Xcode.app/Contents/Developer/Platforms/MacOSX.platform/Developer/SDKs/MacOSX11.3.sdk/usr/include -fdeprecated-macro -fdebug-compilation-dir /Users/viraltaco/Desktop/Projects/Exercism/cpp/hexadecimal/cmake-build-release-llvm-12/CMakeFiles/CMakeTmp -ferror-limit 19 -stack-protector 1 -fblocks -fencode-extended-block-signature -fregister-global-dtors-with-atexit -fgnuc-version=4.2.1 -fcxx-exceptions -fexceptions -fmax-type-align=16 -o CMakeFiles/cmTC_0541b.dir/CMakeCXXCompilerABI.cpp.o -x c++ "/Users/viraltaco/Library/Application Support/JetBrains/Toolbox/apps/CLion/ch-0/211.7628.27/CLion.app/Contents/bin/cmake/mac/share/cmake-3.19/Modules/CMakeCXXCompilerABI.cpp"]
  ignore line: [clang -cc1 version 12.0.1 based upon LLVM 12.0.1 default target x86_64-apple-darwin20.5.0]
  ignore line: [ignoring nonexistent directory "/Applications/Xcode.app/Contents/Developer/Platforms/MacOSX.platform/Developer/SDKs/MacOSX11.3.sdk/usr/local/include"]
  ignore line: [ignoring nonexistent directory "/Applications/Xcode.app/Contents/Developer/Platforms/MacOSX.platform/Developer/SDKs/MacOSX11.3.sdk/Library/Frameworks"]
  ignore line: [#include "..." search starts here:]
  ignore line: [#include <...> search starts here:]
  ignore line: [ /usr/local/Cellar/llvm/12.0.1/bin/../include/c++/v1]
  ignore line: [ /usr/local/Cellar/llvm/12.0.1/lib/clang/12.0.1/include]
  ignore line: [ /Applications/Xcode.app/Contents/Developer/Platforms/MacOSX.platform/Developer/SDKs/MacOSX11.3.sdk/usr/include]
  ignore line: [ /Applications/Xcode.app/Contents/Developer/Platforms/MacOSX.platform/Developer/SDKs/MacOSX11.3.sdk/System/Library/Frameworks (framework directory)]
  ignore line: [End of search list.]
  ignore line: [Linking CXX executable cmTC_0541b]
  ignore line: ["/Users/viraltaco/Library/Application Support/JetBrains/Toolbox/apps/CLion/ch-0/211.7628.27/CLion.app/Contents/bin/cmake/mac/bin/cmake" -E cmake_link_script CMakeFiles/cmTC_0541b.dir/link.txt --verbose=1]
  ignore line: [/usr/local/Cellar/llvm/12.0.1/bin/clang-12  -isysroot /Applications/Xcode.app/Contents/Developer/Platforms/MacOSX.platform/Developer/SDKs/MacOSX11.3.sdk -Wl -search_paths_first -Wl -headerpad_max_install_names -L/usr/local/opt/llvm/lib -v -Wl -v CMakeFiles/cmTC_0541b.dir/CMakeCXXCompilerABI.cpp.o -o cmTC_0541b ]
  ignore line: [Homebrew clang version 12.0.1]
  ignore line: [Target: x86_64-apple-darwin20.5.0]
  ignore line: [Thread model: posix]
  ignore line: [InstalledDir: /usr/local/Cellar/llvm/12.0.1/bin]
  link line: [ "/usr/bin/ld" -demangle -lto_library /usr/local/Cellar/llvm/12.0.1/lib/libLTO.dylib -dynamic -arch x86_64 -platform_version macos 11.0.0 11.3 -syslibroot /Library/Developer/CommandLineTools/SDKs/MacOSX.sdk -o cmTC_0541b -L/usr/local/opt/llvm/lib -search_paths_first -headerpad_max_install_names -v CMakeFiles/cmTC_0541b.dir/CMakeCXXCompilerABI.cpp.o -lSystem /usr/local/Cellar/llvm/12.0.1/lib/clang/12.0.1/lib/darwin/libclang_rt.osx.a]
    arg [/usr/bin/ld] ==> ignore
    arg [-demangle] ==> ignore
    arg [-lto_library] ==> ignore, skip following value
    arg [/usr/local/Cellar/llvm/12.0.1/lib/libLTO.dylib] ==> skip value of -lto_library
    arg [-dynamic] ==> ignore
    arg [-arch] ==> ignore
    arg [x86_64] ==> ignore
    arg [-platform_version] ==> ignore
    arg [macos] ==> ignore
    arg [11.0.0] ==> ignore
    arg [11.3] ==> ignore
    arg [-syslibroot] ==> ignore
    arg [/Library/Developer/CommandLineTools/SDKs/MacOSX.sdk] ==> ignore
    arg [-o] ==> ignore
    arg [cmTC_0541b] ==> ignore
    arg [-L/usr/local/opt/llvm/lib] ==> dir [/usr/local/opt/llvm/lib]
    arg [-search_paths_first] ==> ignore
    arg [-headerpad_max_install_names] ==> ignore
    arg [-v] ==> ignore
    arg [CMakeFiles/cmTC_0541b.dir/CMakeCXXCompilerABI.cpp.o] ==> ignore
    arg [-lSystem] ==> lib [System]
    arg [/usr/local/Cellar/llvm/12.0.1/lib/clang/12.0.1/lib/darwin/libclang_rt.osx.a] ==> lib [/usr/local/Cellar/llvm/12.0.1/lib/clang/12.0.1/lib/darwin/libclang_rt.osx.a]
  Library search paths: [;/usr/local/opt/llvm/lib;/Library/Developer/CommandLineTools/SDKs/MacOSX.sdk/usr/lib]
  Framework search paths: [;/Library/Developer/CommandLineTools/SDKs/MacOSX.sdk/System/Library/Frameworks/]
  remove lib [System]
  remove lib [/usr/local/Cellar/llvm/12.0.1/lib/clang/12.0.1/lib/darwin/libclang_rt.osx.a]
  collapse library dir [/usr/local/opt/llvm/lib] ==> [/usr/local/opt/llvm/lib]
  collapse library dir [/usr/local/opt/llvm/lib] ==> [/usr/local/opt/llvm/lib]
  collapse library dir [/Library/Developer/CommandLineTools/SDKs/MacOSX.sdk/usr/lib] ==> [/Library/Developer/CommandLineTools/SDKs/MacOSX.sdk/usr/lib]
  collapse framework dir [/Library/Developer/CommandLineTools/SDKs/MacOSX.sdk/System/Library/Frameworks/] ==> [/Library/Developer/CommandLineTools/SDKs/MacOSX.sdk/System/Library/Frameworks]
  implicit libs: []
  implicit dirs: [/usr/local/opt/llvm/lib;/Library/Developer/CommandLineTools/SDKs/MacOSX.sdk/usr/lib]
  implicit fwks: [/Library/Developer/CommandLineTools/SDKs/MacOSX.sdk/System/Library/Frameworks]


