Detecting CXX compiler ABI info failed to compile with the following output:
Change Dir: /Users/viraltaco/Exercism/cpp/armstrong-numbers/build/CMakeFiles/CMakeTmp

Run Build Command(s):/usr/bin/xcodebuild -project CMAKE_TRY_COMPILE.xcodeproj build -target cmTC_088f8 -parallelizeTargets -configuration Debug -hideShellScriptEnvironment && Command line invocation:
    /Applications/Xcode.app/Contents/Developer/usr/bin/xcodebuild -project CMAKE_TRY_COMPILE.xcodeproj build -target cmTC_088f8 -parallelizeTargets -configuration Debug -hideShellScriptEnvironment

User defaults from command line:
    HideShellScriptEnvironment = YES
    IDEPackageSupportUseBuiltinSCM = YES

note: Using new build system
note: Building targets in parallel
note: Planning build
note: Analyzing workspace
note: Constructing build description
note: Build preparation complete
CreateBuildDirectory /Users/viraltaco/Exercism/cpp/armstrong-numbers/build/CMakeFiles/CMakeTmp
    cd /Users/viraltaco/Desktop/Projects/Exercism/cpp/armstrong-numbers/build/CMakeFiles/CMakeTmp/CMAKE_TRY_COMPILE.xcodeproj
    builtin-create-build-directory /Users/viraltaco/Exercism/cpp/armstrong-numbers/build/CMakeFiles/CMakeTmp

CreateBuildDirectory /Users/viraltaco/Exercism/cpp/armstrong-numbers/build/CMakeFiles/CMakeTmp/Debug
    cd /Users/viraltaco/Desktop/Projects/Exercism/cpp/armstrong-numbers/build/CMakeFiles/CMakeTmp/CMAKE_TRY_COMPILE.xcodeproj
    builtin-create-build-directory /Users/viraltaco/Exercism/cpp/armstrong-numbers/build/CMakeFiles/CMakeTmp/Debug

CompileC /Users/viraltaco/Exercism/cpp/armstrong-numbers/build/CMakeFiles/CMakeTmp/CMAKE_TRY_COMPILE.build/Debug/cmTC_088f8.build/Objects-normal/x86_64/CMakeCXXCompilerABI.o /Users/viraltaco/usr/local/Cellar/cmake/3.21.0/share/cmake/Modules/CMakeCXXCompilerABI.cpp normal x86_64 c++ com.apple.compilers.llvm.clang.1_0.compiler (in target 'cmTC_088f8' from project 'CMAKE_TRY_COMPILE')
    cd /Users/viraltaco/Desktop/Projects/Exercism/cpp/armstrong-numbers/build/CMakeFiles/CMakeTmp
    /Applications/Xcode.app/Contents/Developer/Toolchains/XcodeDefault.xctoolchain/usr/bin/clang -x c++ -target x86_64-apple-macos11.3 -fmessage-length\=0 -fdiagnostics-show-note-include-stack -fmacro-backtrace-limit\=0 -Wno-trigraphs -fpascal-strings -O0 -Wno-missing-field-initializers -Wno-missing-prototypes -Wno-return-type -Wno-non-virtual-dtor -Wno-overloaded-virtual -Wno-exit-time-destructors -Wno-missing-braces -Wparentheses -Wswitch -Wno-unused-function -Wno-unused-label -Wno-unused-parameter -Wno-unused-variable -Wunused-value -Wno-empty-body -Wno-uninitialized -Wno-unknown-pragmas -Wno-shadow -Wno-four-char-constants -Wno-conversion -Wno-constant-conversion -Wno-int-conversion -Wno-bool-conversion -Wno-enum-conversion -Wno-float-conversion -Wno-non-literal-null-conversion -Wno-objc-literal-conversion -Wno-shorten-64-to-32 -Wno-newline-eof -Wno-c++11-extensions -DCMAKE_INTDIR\=\"Debug\" -isysroot /Applications/Xcode.app/Contents/Developer/Platforms/MacOSX.platform/Developer/SDKs/MacOSX11.3.sdk -fasm-blocks -fstrict-aliasing -Wdeprecated-declarations -Winvalid-offsetof -g -Wno-sign-conversion -Wno-infinite-recursion -Wno-move -Wno-comma -Wno-block-capture-autoreleasing -Wno-strict-prototypes -Wno-range-loop-analysis -Wno-semicolon-before-method-body -I/Users/viraltaco/Exercism/cpp/armstrong-numbers/build/CMakeFiles/CMakeTmp/Debug/include -I/Users/viraltaco/Exercism/cpp/armstrong-numbers/build/CMakeFiles/CMakeTmp/CMAKE_TRY_COMPILE.build/Debug/cmTC_088f8.build/DerivedSources-normal/x86_64 -I/Users/viraltaco/Exercism/cpp/armstrong-numbers/build/CMakeFiles/CMakeTmp/CMAKE_TRY_COMPILE.build/Debug/cmTC_088f8.build/DerivedSources/x86_64 -I/Users/viraltaco/Exercism/cpp/armstrong-numbers/build/CMakeFiles/CMakeTmp/CMAKE_TRY_COMPILE.build/Debug/cmTC_088f8.build/DerivedSources -F/Users/viraltaco/Exercism/cpp/armstrong-numbers/build/CMakeFiles/CMakeTmp/Debug -v -Wl,-v -MMD -MT dependencies -MF /Users/viraltaco/Exercism/cpp/armstrong-numbers/build/CMakeFiles/CMakeTmp/CMAKE_TRY_COMPILE.build/Debug/cmTC_088f8.build/Objects-normal/x86_64/CMakeCXXCompilerABI.d --serialize-diagnostics /Users/viraltaco/Exercism/cpp/armstrong-numbers/build/CMakeFiles/CMakeTmp/CMAKE_TRY_COMPILE.build/Debug/cmTC_088f8.build/Objects-normal/x86_64/CMakeCXXCompilerABI.dia -c /Users/viraltaco/usr/local/Cellar/cmake/3.21.0/share/cmake/Modules/CMakeCXXCompilerABI.cpp -o /Users/viraltaco/Exercism/cpp/armstrong-numbers/build/CMakeFiles/CMakeTmp/CMAKE_TRY_COMPILE.build/Debug/cmTC_088f8.build/Objects-normal/x86_64/CMakeCXXCompilerABI.o
error: Build input file cannot be found: '/Users/viraltaco/usr/local/Cellar/cmake/3.21.0/share/cmake/Modules/CMakeCXXCompilerABI.cpp' (in target 'cmTC_088f8' from project 'CMAKE_TRY_COMPILE')

WriteAuxiliaryFile /Users/viraltaco/Exercism/cpp/armstrong-numbers/build/CMakeFiles/CMakeTmp/CMAKE_TRY_COMPILE.build/Debug/cmTC_088f8.build/Objects-normal/x86_64/cmTC_088f8.LinkFileList (in target 'cmTC_088f8' from project 'CMAKE_TRY_COMPILE')
    cd /Users/viraltaco/Desktop/Projects/Exercism/cpp/armstrong-numbers/build/CMakeFiles/CMakeTmp
    write-file /Users/viraltaco/Exercism/cpp/armstrong-numbers/build/CMakeFiles/CMakeTmp/CMAKE_TRY_COMPILE.build/Debug/cmTC_088f8.build/Objects-normal/x86_64/cmTC_088f8.LinkFileList

** BUILD FAILED **


The following build commands failed:
	CompileC /Users/viraltaco/Exercism/cpp/armstrong-numbers/build/CMakeFiles/CMakeTmp/CMAKE_TRY_COMPILE.build/Debug/cmTC_088f8.build/Objects-normal/x86_64/CMakeCXXCompilerABI.o /Users/viraltaco/usr/local/Cellar/cmake/3.21.0/share/cmake/Modules/CMakeCXXCompilerABI.cpp normal x86_64 c++ com.apple.compilers.llvm.clang.1_0.compiler
(1 failure)




