The system is: Darwin - 20.4.0 - x86_64
Compiling the CXX compiler identification source file "CMakeCXXCompilerId.cpp" succeeded.
Compiler:  
Build flags: 
Id flags:  

The output was:
0
2021-04-29 19:40:43.062 xcodebuild[4453:55634]  DVTErrorPresenter: Unable to load simulator devices.
Domain: DVTCoreSimulatorAdditionsErrorDomain
Code: 3
Failure Reason: The version of the CoreSimulator framework installed on this Mac is out-of-date and not supported by this version of Xcode.
Recovery Suggestion: Please ensure that you have installed all available updates to your Mac's software, and that you are running the most recent version of Xcode supported by macOS.
--
CoreSimulator is out of date. Current version (732.18.6) is older than build version (757.5.0).
Domain: DVTCoreSimulatorAdditionsErrorDomain
Code: 3
--
2021-04-29 19:40:43.062 xcodebuild[4453:55634]  iOSSimulator: [SimServiceContext sharedServiceContextForDeveloperDir:error:] returned nil (Error Domain=DVTCoreSimulatorAdditionsErrorDomain Code=3 "CoreSimulator is out of date. Current version (732.18.6) is older than build version (757.5.0)." UserInfo={NSLocalizedDescription=CoreSimulator is out of date. Current version (732.18.6) is older than build version (757.5.0).}). Simulator device support disabled.
Command line invocation:
    /Applications/Xcode.app/Contents/Developer/usr/bin/xcodebuild

User defaults from command line:
    IDEPackageSupportUseBuiltinSCM = YES

note: Using new build system
note: Planning build
note: Analyzing workspace
note: Constructing build description
note: Build preparation complete
CreateBuildDirectory /Users/viraltaco/Desktop/projects/Exercism/cpp/nucleotide-count/build/CMakeFiles/3.20.1/CompilerIdCXX
    cd /Users/viraltaco/Desktop/projects/Exercism/cpp/nucleotide-count/build/CMakeFiles/3.20.1/CompilerIdCXX/CompilerIdCXX.xcodeproj
    builtin-create-build-directory /Users/viraltaco/Desktop/projects/Exercism/cpp/nucleotide-count/build/CMakeFiles/3.20.1/CompilerIdCXX

warning: Traditional headermap style is no longer supported; please migrate to using separate headermaps and set 'ALWAYS_SEARCH_USER_PATHS' to NO. (in target 'CompilerIdCXX' from project 'CompilerIdCXX')
WriteAuxiliaryFile /Users/viraltaco/Desktop/projects/Exercism/cpp/nucleotide-count/build/CMakeFiles/3.20.1/CompilerIdCXX/CompilerIdCXX.build/Debug/CompilerIdCXX.build/CompilerIdCXX.hmap (in target 'CompilerIdCXX' from project 'CompilerIdCXX')
    cd /Users/viraltaco/Desktop/projects/Exercism/cpp/nucleotide-count/build/CMakeFiles/3.20.1/CompilerIdCXX
    write-file /Users/viraltaco/Desktop/projects/Exercism/cpp/nucleotide-count/build/CMakeFiles/3.20.1/CompilerIdCXX/CompilerIdCXX.build/Debug/CompilerIdCXX.build/CompilerIdCXX.hmap

WriteAuxiliaryFile /Users/viraltaco/Desktop/projects/Exercism/cpp/nucleotide-count/build/CMakeFiles/3.20.1/CompilerIdCXX/CompilerIdCXX.build/Debug/CompilerIdCXX.build/CompilerIdCXX-all-non-framework-target-headers.hmap (in target 'CompilerIdCXX' from project 'CompilerIdCXX')
    cd /Users/viraltaco/Desktop/projects/Exercism/cpp/nucleotide-count/build/CMakeFiles/3.20.1/CompilerIdCXX
    write-file /Users/viraltaco/Desktop/projects/Exercism/cpp/nucleotide-count/build/CMakeFiles/3.20.1/CompilerIdCXX/CompilerIdCXX.build/Debug/CompilerIdCXX.build/CompilerIdCXX-all-non-framework-target-headers.hmap

WriteAuxiliaryFile /Users/viraltaco/Desktop/projects/Exercism/cpp/nucleotide-count/build/CMakeFiles/3.20.1/CompilerIdCXX/CompilerIdCXX.build/Debug/CompilerIdCXX.build/CompilerIdCXX-own-target-headers.hmap (in target 'CompilerIdCXX' from project 'CompilerIdCXX')
    cd /Users/viraltaco/Desktop/projects/Exercism/cpp/nucleotide-count/build/CMakeFiles/3.20.1/CompilerIdCXX
    write-file /Users/viraltaco/Desktop/projects/Exercism/cpp/nucleotide-count/build/CMakeFiles/3.20.1/CompilerIdCXX/CompilerIdCXX.build/Debug/CompilerIdCXX.build/CompilerIdCXX-own-target-headers.hmap

WriteAuxiliaryFile /Users/viraltaco/Desktop/projects/Exercism/cpp/nucleotide-count/build/CMakeFiles/3.20.1/CompilerIdCXX/CompilerIdCXX.build/Debug/CompilerIdCXX.build/CompilerIdCXX-project-headers.hmap (in target 'CompilerIdCXX' from project 'CompilerIdCXX')
    cd /Users/viraltaco/Desktop/projects/Exercism/cpp/nucleotide-count/build/CMakeFiles/3.20.1/CompilerIdCXX
    write-file /Users/viraltaco/Desktop/projects/Exercism/cpp/nucleotide-count/build/CMakeFiles/3.20.1/CompilerIdCXX/CompilerIdCXX.build/Debug/CompilerIdCXX.build/CompilerIdCXX-project-headers.hmap

WriteAuxiliaryFile /Users/viraltaco/Desktop/projects/Exercism/cpp/nucleotide-count/build/CMakeFiles/3.20.1/CompilerIdCXX/CompilerIdCXX.build/Debug/CompilerIdCXX.build/all-product-headers.yaml (in target 'CompilerIdCXX' from project 'CompilerIdCXX')
    cd /Users/viraltaco/Desktop/projects/Exercism/cpp/nucleotide-count/build/CMakeFiles/3.20.1/CompilerIdCXX
    write-file /Users/viraltaco/Desktop/projects/Exercism/cpp/nucleotide-count/build/CMakeFiles/3.20.1/CompilerIdCXX/CompilerIdCXX.build/Debug/CompilerIdCXX.build/all-product-headers.yaml

WriteAuxiliaryFile /Users/viraltaco/Desktop/projects/Exercism/cpp/nucleotide-count/build/CMakeFiles/3.20.1/CompilerIdCXX/CompilerIdCXX.build/Debug/CompilerIdCXX.build/CompilerIdCXX-generated-files.hmap (in target 'CompilerIdCXX' from project 'CompilerIdCXX')
    cd /Users/viraltaco/Desktop/projects/Exercism/cpp/nucleotide-count/build/CMakeFiles/3.20.1/CompilerIdCXX
    write-file /Users/viraltaco/Desktop/projects/Exercism/cpp/nucleotide-count/build/CMakeFiles/3.20.1/CompilerIdCXX/CompilerIdCXX.build/Debug/CompilerIdCXX.build/CompilerIdCXX-generated-files.hmap

WriteAuxiliaryFile /Users/viraltaco/Desktop/projects/Exercism/cpp/nucleotide-count/build/CMakeFiles/3.20.1/CompilerIdCXX/CompilerIdCXX.build/Debug/CompilerIdCXX.build/CompilerIdCXX-all-target-headers.hmap (in target 'CompilerIdCXX' from project 'CompilerIdCXX')
    cd /Users/viraltaco/Desktop/projects/Exercism/cpp/nucleotide-count/build/CMakeFiles/3.20.1/CompilerIdCXX
    write-file /Users/viraltaco/Desktop/projects/Exercism/cpp/nucleotide-count/build/CMakeFiles/3.20.1/CompilerIdCXX/CompilerIdCXX.build/Debug/CompilerIdCXX.build/CompilerIdCXX-all-target-headers.hmap

WriteAuxiliaryFile /Users/viraltaco/Desktop/projects/Exercism/cpp/nucleotide-count/build/CMakeFiles/3.20.1/CompilerIdCXX/CompilerIdCXX.build/Debug/CompilerIdCXX.build/Objects-normal/x86_64/CompilerIdCXX.LinkFileList (in target 'CompilerIdCXX' from project 'CompilerIdCXX')
    cd /Users/viraltaco/Desktop/projects/Exercism/cpp/nucleotide-count/build/CMakeFiles/3.20.1/CompilerIdCXX
    write-file /Users/viraltaco/Desktop/projects/Exercism/cpp/nucleotide-count/build/CMakeFiles/3.20.1/CompilerIdCXX/CompilerIdCXX.build/Debug/CompilerIdCXX.build/Objects-normal/x86_64/CompilerIdCXX.LinkFileList

CompileC /Users/viraltaco/Desktop/projects/Exercism/cpp/nucleotide-count/build/CMakeFiles/3.20.1/CompilerIdCXX/CompilerIdCXX.build/Debug/CompilerIdCXX.build/Objects-normal/x86_64/CMakeCXXCompilerId.o /Users/viraltaco/Desktop/projects/Exercism/cpp/nucleotide-count/build/CMakeFiles/3.20.1/CompilerIdCXX/CMakeCXXCompilerId.cpp normal x86_64 c++ com.apple.compilers.llvm.clang.1_0.compiler (in target 'CompilerIdCXX' from project 'CompilerIdCXX')
    cd /Users/viraltaco/Desktop/projects/Exercism/cpp/nucleotide-count/build/CMakeFiles/3.20.1/CompilerIdCXX
    export LANG\=en_US.US-ASCII
    /Applications/Xcode.app/Contents/Developer/Toolchains/XcodeDefault.xctoolchain/usr/bin/clang -x c++ -target x86_64-apple-macos11.3 -fmessage-length\=0 -fdiagnostics-show-note-include-stack -fmacro-backtrace-limit\=0 -Wno-trigraphs -fpascal-strings -Os -Wno-missing-field-initializers -Wno-missing-prototypes -Wno-return-type -Wno-non-virtual-dtor -Wno-overloaded-virtual -Wno-exit-time-destructors -Wno-missing-braces -Wparentheses -Wswitch -Wno-unused-function -Wno-unused-label -Wno-unused-parameter -Wno-unused-variable -Wunused-value -Wno-empty-body -Wno-uninitialized -Wno-unknown-pragmas -Wno-shadow -Wno-four-char-constants -Wno-conversion -Wno-constant-conversion -Wno-int-conversion -Wno-bool-conversion -Wno-enum-conversion -Wno-float-conversion -Wno-non-literal-null-conversion -Wno-objc-literal-conversion -Wno-shorten-64-to-32 -Wno-newline-eof -Wno-c++11-extensions -isysroot /Applications/Xcode.app/Contents/Developer/Platforms/MacOSX.platform/Developer/SDKs/MacOSX11.3.sdk -fasm-blocks -fstrict-aliasing -Wdeprecated-declarations -Winvalid-offsetof -g -fvisibility\=hidden -fvisibility-inlines-hidden -Wno-sign-conversion -Wno-infinite-recursion -Wno-move -Wno-comma -Wno-block-capture-autoreleasing -Wno-strict-prototypes -Wno-range-loop-analysis -Wno-semicolon-before-method-body -iquote /Users/viraltaco/Desktop/projects/Exercism/cpp/nucleotide-count/build/CMakeFiles/3.20.1/CompilerIdCXX/CompilerIdCXX.build/Debug/CompilerIdCXX.build/CompilerIdCXX-generated-files.hmap -I/Users/viraltaco/Desktop/projects/Exercism/cpp/nucleotide-count/build/CMakeFiles/3.20.1/CompilerIdCXX/CompilerIdCXX.build/Debug/CompilerIdCXX.build/CompilerIdCXX-own-target-headers.hmap -I/Users/viraltaco/Desktop/projects/Exercism/cpp/nucleotide-count/build/CMakeFiles/3.20.1/CompilerIdCXX/CompilerIdCXX.build/Debug/CompilerIdCXX.build/CompilerIdCXX-all-target-headers.hmap -iquote /Users/viraltaco/Desktop/projects/Exercism/cpp/nucleotide-count/build/CMakeFiles/3.20.1/CompilerIdCXX/CompilerIdCXX.build/Debug/CompilerIdCXX.build/CompilerIdCXX-project-headers.hmap -I/Users/viraltaco/Desktop/projects/Exercism/cpp/nucleotide-count/build/CMakeFiles/3.20.1/CompilerIdCXX/include -I/Users/viraltaco/Desktop/projects/Exercism/cpp/nucleotide-count/build/CMakeFiles/3.20.1/CompilerIdCXX/CompilerIdCXX.build/Debug/CompilerIdCXX.build/DerivedSources-normal/x86_64 -I/Users/viraltaco/Desktop/projects/Exercism/cpp/nucleotide-count/build/CMakeFiles/3.20.1/CompilerIdCXX/CompilerIdCXX.build/Debug/CompilerIdCXX.build/DerivedSources/x86_64 -I/Users/viraltaco/Desktop/projects/Exercism/cpp/nucleotide-count/build/CMakeFiles/3.20.1/CompilerIdCXX/CompilerIdCXX.build/Debug/CompilerIdCXX.build/DerivedSources -F/Users/viraltaco/Desktop/projects/Exercism/cpp/nucleotide-count/build/CMakeFiles/3.20.1/CompilerIdCXX -MMD -MT dependencies -MF /Users/viraltaco/Desktop/projects/Exercism/cpp/nucleotide-count/build/CMakeFiles/3.20.1/CompilerIdCXX/CompilerIdCXX.build/Debug/CompilerIdCXX.build/Objects-normal/x86_64/CMakeCXXCompilerId.d --serialize-diagnostics /Users/viraltaco/Desktop/projects/Exercism/cpp/nucleotide-count/build/CMakeFiles/3.20.1/CompilerIdCXX/CompilerIdCXX.build/Debug/CompilerIdCXX.build/Objects-normal/x86_64/CMakeCXXCompilerId.dia -c /Users/viraltaco/Desktop/projects/Exercism/cpp/nucleotide-count/build/CMakeFiles/3.20.1/CompilerIdCXX/CMakeCXXCompilerId.cpp -o /Users/viraltaco/Desktop/projects/Exercism/cpp/nucleotide-count/build/CMakeFiles/3.20.1/CompilerIdCXX/CompilerIdCXX.build/Debug/CompilerIdCXX.build/Objects-normal/x86_64/CMakeCXXCompilerId.o

Ld /Users/viraltaco/Desktop/projects/Exercism/cpp/nucleotide-count/build/CMakeFiles/3.20.1/CompilerIdCXX/CompilerIdCXX normal (in target 'CompilerIdCXX' from project 'CompilerIdCXX')
    cd /Users/viraltaco/Desktop/projects/Exercism/cpp/nucleotide-count/build/CMakeFiles/3.20.1/CompilerIdCXX
    /Applications/Xcode.app/Contents/Developer/Toolchains/XcodeDefault.xctoolchain/usr/bin/clang++ -target x86_64-apple-macos11.3 -isysroot /Applications/Xcode.app/Contents/Developer/Platforms/MacOSX.platform/Developer/SDKs/MacOSX11.3.sdk -L/Users/viraltaco/Desktop/projects/Exercism/cpp/nucleotide-count/build/CMakeFiles/3.20.1/CompilerIdCXX -F/Users/viraltaco/Desktop/projects/Exercism/cpp/nucleotide-count/build/CMakeFiles/3.20.1/CompilerIdCXX -filelist /Users/viraltaco/Desktop/projects/Exercism/cpp/nucleotide-count/build/CMakeFiles/3.20.1/CompilerIdCXX/CompilerIdCXX.build/Debug/CompilerIdCXX.build/Objects-normal/x86_64/CompilerIdCXX.LinkFileList -Xlinker -object_path_lto -Xlinker /Users/viraltaco/Desktop/projects/Exercism/cpp/nucleotide-count/build/CMakeFiles/3.20.1/CompilerIdCXX/CompilerIdCXX.build/Debug/CompilerIdCXX.build/Objects-normal/x86_64/CompilerIdCXX_lto.o -Xlinker -dependency_info -Xlinker /Users/viraltaco/Desktop/projects/Exercism/cpp/nucleotide-count/build/CMakeFiles/3.20.1/CompilerIdCXX/CompilerIdCXX.build/Debug/CompilerIdCXX.build/Objects-normal/x86_64/CompilerIdCXX_dependency_info.dat -o /Users/viraltaco/Desktop/projects/Exercism/cpp/nucleotide-count/build/CMakeFiles/3.20.1/CompilerIdCXX/CompilerIdCXX

WriteAuxiliaryFile /Users/viraltaco/Desktop/projects/Exercism/cpp/nucleotide-count/build/CMakeFiles/3.20.1/CompilerIdCXX/CompilerIdCXX.build/Debug/CompilerIdCXX.build/Script-2C8FEB8E15DC1A1A00E56A5D.sh (in target 'CompilerIdCXX' from project 'CompilerIdCXX')
    cd /Users/viraltaco/Desktop/projects/Exercism/cpp/nucleotide-count/build/CMakeFiles/3.20.1/CompilerIdCXX
    write-file /Users/viraltaco/Desktop/projects/Exercism/cpp/nucleotide-count/build/CMakeFiles/3.20.1/CompilerIdCXX/CompilerIdCXX.build/Debug/CompilerIdCXX.build/Script-2C8FEB8E15DC1A1A00E56A5D.sh

PhaseScriptExecution Run\ Script /Users/viraltaco/Desktop/projects/Exercism/cpp/nucleotide-count/build/CMakeFiles/3.20.1/CompilerIdCXX/CompilerIdCXX.build/Debug/CompilerIdCXX.build/Script-2C8FEB8E15DC1A1A00E56A5D.sh (in target 'CompilerIdCXX' from project 'CompilerIdCXX')
    cd /Users/viraltaco/Desktop/projects/Exercism/cpp/nucleotide-count/build/CMakeFiles/3.20.1/CompilerIdCXX
    /bin/sh -c /Users/viraltaco/Desktop/projects/Exercism/cpp/nucleotide-count/build/CMakeFiles/3.20.1/CompilerIdCXX/CompilerIdCXX.build/Debug/CompilerIdCXX.build/Script-2C8FEB8E15DC1A1A00E56A5D.sh
GCC_VERSION=com.apple.compilers.llvm.clang.1_0
ARCHS=x86_64

RegisterExecutionPolicyException /Users/viraltaco/Desktop/projects/Exercism/cpp/nucleotide-count/build/CMakeFiles/3.20.1/CompilerIdCXX/CompilerIdCXX (in target 'CompilerIdCXX' from project 'CompilerIdCXX')
    cd /Users/viraltaco/Desktop/projects/Exercism/cpp/nucleotide-count/build/CMakeFiles/3.20.1/CompilerIdCXX
    builtin-RegisterExecutionPolicyException /Users/viraltaco/Desktop/projects/Exercism/cpp/nucleotide-count/build/CMakeFiles/3.20.1/CompilerIdCXX/CompilerIdCXX

** BUILD SUCCEEDED **



Compilation of the CXX compiler identification source "CMakeCXXCompilerId.cpp" produced "CompilerIdCXX"

The CXX compiler identification is AppleClang, found in "/Users/viraltaco/Desktop/projects/Exercism/cpp/nucleotide-count/build/CMakeFiles/3.20.1/CompilerIdCXX/CompilerIdCXX"

Detecting CXX compiler ABI info compiled with the following output:
Change Dir: /Users/viraltaco/Desktop/projects/Exercism/cpp/nucleotide-count/build/CMakeFiles/CMakeTmp

Run Build Command(s):/usr/bin/xcodebuild -project CMAKE_TRY_COMPILE.xcodeproj build -target cmTC_b598a -parallelizeTargets -configuration Debug -hideShellScriptEnvironment && Command line invocation:
    /Applications/Xcode.app/Contents/Developer/usr/bin/xcodebuild -project CMAKE_TRY_COMPILE.xcodeproj build -target cmTC_b598a -parallelizeTargets -configuration Debug -hideShellScriptEnvironment

User defaults from command line:
    HideShellScriptEnvironment = YES
    IDEPackageSupportUseBuiltinSCM = YES

2021-04-29 19:40:47.203 xcodebuild[4472:56210]  DVTErrorPresenter: Unable to load simulator devices.
Domain: DVTCoreSimulatorAdditionsErrorDomain
Code: 3
Failure Reason: The version of the CoreSimulator framework installed on this Mac is out-of-date and not supported by this version of Xcode.
Recovery Suggestion: Please ensure that you have installed all available updates to your Mac's software, and that you are running the most recent version of Xcode supported by macOS.
--
CoreSimulator is out of date. Current version (732.18.6) is older than build version (757.5.0).
Domain: DVTCoreSimulatorAdditionsErrorDomain
Code: 3
--
2021-04-29 19:40:47.203 xcodebuild[4472:56210]  iOSSimulator: [SimServiceContext sharedServiceContextForDeveloperDir:error:] returned nil (Error Domain=DVTCoreSimulatorAdditionsErrorDomain Code=3 "CoreSimulator is out of date. Current version (732.18.6) is older than build version (757.5.0)." UserInfo={NSLocalizedDescription=CoreSimulator is out of date. Current version (732.18.6) is older than build version (757.5.0).}). Simulator device support disabled.
note: Using new build system
note: Building targets in parallel
note: Planning build
note: Analyzing workspace
note: Constructing build description
note: Build preparation complete
CreateBuildDirectory /Users/viraltaco/Desktop/projects/Exercism/cpp/nucleotide-count/build/CMakeFiles/CMakeTmp
    cd /Users/viraltaco/Desktop/projects/Exercism/cpp/nucleotide-count/build/CMakeFiles/CMakeTmp/CMAKE_TRY_COMPILE.xcodeproj
    builtin-create-build-directory /Users/viraltaco/Desktop/projects/Exercism/cpp/nucleotide-count/build/CMakeFiles/CMakeTmp

CreateBuildDirectory /Users/viraltaco/Desktop/projects/Exercism/cpp/nucleotide-count/build/CMakeFiles/CMakeTmp/Debug
    cd /Users/viraltaco/Desktop/projects/Exercism/cpp/nucleotide-count/build/CMakeFiles/CMakeTmp/CMAKE_TRY_COMPILE.xcodeproj
    builtin-create-build-directory /Users/viraltaco/Desktop/projects/Exercism/cpp/nucleotide-count/build/CMakeFiles/CMakeTmp/Debug

CompileC /Users/viraltaco/Desktop/projects/Exercism/cpp/nucleotide-count/build/CMakeFiles/CMakeTmp/CMAKE_TRY_COMPILE.build/Debug/cmTC_b598a.build/Objects-normal/x86_64/CMakeCXXCompilerABI.o /usr/local/Cellar/cmake/3.20.1/share/cmake/Modules/CMakeCXXCompilerABI.cpp normal x86_64 c++ com.apple.compilers.llvm.clang.1_0.compiler (in target 'cmTC_b598a' from project 'CMAKE_TRY_COMPILE')
    cd /Users/viraltaco/Desktop/projects/Exercism/cpp/nucleotide-count/build/CMakeFiles/CMakeTmp
    /Applications/Xcode.app/Contents/Developer/Toolchains/XcodeDefault.xctoolchain/usr/bin/clang -x c++ -target x86_64-apple-macos11.3 -fmessage-length\=0 -fdiagnostics-show-note-include-stack -fmacro-backtrace-limit\=0 -Wno-trigraphs -fpascal-strings -O0 -Wno-missing-field-initializers -Wno-missing-prototypes -Wno-return-type -Wno-non-virtual-dtor -Wno-overloaded-virtual -Wno-exit-time-destructors -Wno-missing-braces -Wparentheses -Wswitch -Wno-unused-function -Wno-unused-label -Wno-unused-parameter -Wno-unused-variable -Wunused-value -Wno-empty-body -Wno-uninitialized -Wno-unknown-pragmas -Wno-shadow -Wno-four-char-constants -Wno-conversion -Wno-constant-conversion -Wno-int-conversion -Wno-bool-conversion -Wno-enum-conversion -Wno-float-conversion -Wno-non-literal-null-conversion -Wno-objc-literal-conversion -Wno-shorten-64-to-32 -Wno-newline-eof -Wno-c++11-extensions -DCMAKE_INTDIR\=\"Debug\" -isysroot /Applications/Xcode.app/Contents/Developer/Platforms/MacOSX.platform/Developer/SDKs/MacOSX11.3.sdk -fasm-blocks -fstrict-aliasing -Wdeprecated-declarations -Winvalid-offsetof -g -Wno-sign-conversion -Wno-infinite-recursion -Wno-move -Wno-comma -Wno-block-capture-autoreleasing -Wno-strict-prototypes -Wno-range-loop-analysis -Wno-semicolon-before-method-body -I/Users/viraltaco/Desktop/projects/Exercism/cpp/nucleotide-count/build/CMakeFiles/CMakeTmp/Debug/include -I/Users/viraltaco/Desktop/projects/Exercism/cpp/nucleotide-count/build/CMakeFiles/CMakeTmp/CMAKE_TRY_COMPILE.build/Debug/cmTC_b598a.build/DerivedSources-normal/x86_64 -I/Users/viraltaco/Desktop/projects/Exercism/cpp/nucleotide-count/build/CMakeFiles/CMakeTmp/CMAKE_TRY_COMPILE.build/Debug/cmTC_b598a.build/DerivedSources/x86_64 -I/Users/viraltaco/Desktop/projects/Exercism/cpp/nucleotide-count/build/CMakeFiles/CMakeTmp/CMAKE_TRY_COMPILE.build/Debug/cmTC_b598a.build/DerivedSources -F/Users/viraltaco/Desktop/projects/Exercism/cpp/nucleotide-count/build/CMakeFiles/CMakeTmp/Debug -v -Wl,-v -MMD -MT dependencies -MF /Users/viraltaco/Desktop/projects/Exercism/cpp/nucleotide-count/build/CMakeFiles/CMakeTmp/CMAKE_TRY_COMPILE.build/Debug/cmTC_b598a.build/Objects-normal/x86_64/CMakeCXXCompilerABI.d --serialize-diagnostics /Users/viraltaco/Desktop/projects/Exercism/cpp/nucleotide-count/build/CMakeFiles/CMakeTmp/CMAKE_TRY_COMPILE.build/Debug/cmTC_b598a.build/Objects-normal/x86_64/CMakeCXXCompilerABI.dia -c /usr/local/Cellar/cmake/3.20.1/share/cmake/Modules/CMakeCXXCompilerABI.cpp -o /Users/viraltaco/Desktop/projects/Exercism/cpp/nucleotide-count/build/CMakeFiles/CMakeTmp/CMAKE_TRY_COMPILE.build/Debug/cmTC_b598a.build/Objects-normal/x86_64/CMakeCXXCompilerABI.o
Apple clang version 12.0.5 (clang-1205.0.22.9)
Target: x86_64-apple-macos11.3
Thread model: posix
InstalledDir: /Applications/Xcode.app/Contents/Developer/Toolchains/XcodeDefault.xctoolchain/usr/bin
clang: warning: -Wl,-v: 'linker' input unused [-Wunused-command-line-argument]
 "/Applications/Xcode.app/Contents/Developer/Toolchains/XcodeDefault.xctoolchain/usr/bin/clang" -cc1 -triple x86_64-apple-macosx11.3.0 -Wdeprecated-objc-isa-usage -Werror=deprecated-objc-isa-usage -Werror=implicit-function-declaration -emit-obj -mrelax-all -disable-free -disable-llvm-verifier -discard-value-names -main-file-name CMakeCXXCompilerABI.cpp -mrelocation-model pic -pic-level 2 -mframe-pointer=all -fno-strict-return -fno-rounding-math -munwind-tables -target-sdk-version=11.3 -fvisibility-inlines-hidden-static-local-var -target-cpu penryn -debug-info-kind=standalone -dwarf-version=4 -debugger-tuning=lldb -target-linker-version 650.9 -v -resource-dir /Applications/Xcode.app/Contents/Developer/Toolchains/XcodeDefault.xctoolchain/usr/lib/clang/12.0.5 -dependency-file /Users/viraltaco/Desktop/projects/Exercism/cpp/nucleotide-count/build/CMakeFiles/CMakeTmp/CMAKE_TRY_COMPILE.build/Debug/cmTC_b598a.build/Objects-normal/x86_64/CMakeCXXCompilerABI.d -skip-unused-modulemap-deps -MT dependencies -isysroot /Applications/Xcode.app/Contents/Developer/Platforms/MacOSX.platform/Developer/SDKs/MacOSX11.3.sdk -D "CMAKE_INTDIR=\"Debug\"" -I /Users/viraltaco/Desktop/projects/Exercism/cpp/nucleotide-count/build/CMakeFiles/CMakeTmp/Debug/include -I /Users/viraltaco/Desktop/projects/Exercism/cpp/nucleotide-count/build/CMakeFiles/CMakeTmp/CMAKE_TRY_COMPILE.build/Debug/cmTC_b598a.build/DerivedSources-normal/x86_64 -I /Users/viraltaco/Desktop/projects/Exercism/cpp/nucleotide-count/build/CMakeFiles/CMakeTmp/CMAKE_TRY_COMPILE.build/Debug/cmTC_b598a.build/DerivedSources/x86_64 -I /Users/viraltaco/Desktop/projects/Exercism/cpp/nucleotide-count/build/CMakeFiles/CMakeTmp/CMAKE_TRY_COMPILE.build/Debug/cmTC_b598a.build/DerivedSources -F/Users/viraltaco/Desktop/projects/Exercism/cpp/nucleotide-count/build/CMakeFiles/CMakeTmp/Debug -stdlib=libc++ -internal-isystem /Applications/Xcode.app/Contents/Developer/Platforms/MacOSX.platform/Developer/SDKs/MacOSX11.3.sdk/usr/include/c++/v1 -internal-isystem /Applications/Xcode.app/Contents/Developer/Platforms/MacOSX.platform/Developer/SDKs/MacOSX11.3.sdk/usr/local/include -internal-isystem /Applications/Xcode.app/Contents/Developer/Toolchains/XcodeDefault.xctoolchain/usr/lib/clang/12.0.5/include -internal-externc-isystem /Applications/Xcode.app/Contents/Developer/Platforms/MacOSX.platform/Developer/SDKs/MacOSX11.3.sdk/usr/include -internal-externc-isystem /Applications/Xcode.app/Contents/Developer/Toolchains/XcodeDefault.xctoolchain/usr/include -O0 -Wno-trigraphs -Wno-missing-field-initializers -Wno-missing-prototypes -Wno-return-type -Wno-non-virtual-dtor -Wno-overloaded-virtual -Wno-exit-time-destructors -Wno-missing-braces -Wparentheses -Wswitch -Wno-unused-function -Wno-unused-label -Wno-unused-parameter -Wno-unused-variable -Wunused-value -Wno-empty-body -Wno-uninitialized -Wno-unknown-pragmas -Wno-shadow -Wno-four-char-constants -Wno-conversion -Wno-constant-conversion -Wno-int-conversion -Wno-bool-conversion -Wno-enum-conversion -Wno-float-conversion -Wno-non-literal-null-conversion -Wno-objc-literal-conversion -Wno-shorten-64-to-32 -Wno-newline-eof -Wno-c++11-extensions -Wdeprecated-declarations -Winvalid-offsetof -Wno-sign-conversion -Wno-infinite-recursion -Wno-move -Wno-comma -Wno-block-capture-autoreleasing -Wno-strict-prototypes -Wno-range-loop-analysis -Wno-semicolon-before-method-body -Wno-reorder-init-list -Wno-implicit-int-float-conversion -Wno-c99-designator -Wno-final-dtor-non-final-class -Wno-extra-semi-stmt -Wno-misleading-indentation -Wno-quoted-include-in-framework-header -Wno-implicit-fallthrough -Wno-enum-enum-conversion -Wno-enum-float-conversion -Wno-elaborated-enum-base -fdeprecated-macro -fdebug-compilation-dir /Users/viraltaco/Desktop/projects/Exercism/cpp/nucleotide-count/build/CMakeFiles/CMakeTmp -ferror-limit 19 -fmacro-backtrace-limit 0 -stack-protector 1 -fstack-check -mdarwin-stkchk-strong-link -fblocks -fencode-extended-block-signature -fregister-global-dtors-with-atexit -fgnuc-version=4.2.1 -fcxx-exceptions -fexceptions -fpascal-strings -fmax-type-align=16 -fcommon -fdiagnostics-show-note-include-stack -fasm-blocks -serialize-diagnostic-file /Users/viraltaco/Desktop/projects/Exercism/cpp/nucleotide-count/build/CMakeFiles/CMakeTmp/CMAKE_TRY_COMPILE.build/Debug/cmTC_b598a.build/Objects-normal/x86_64/CMakeCXXCompilerABI.dia -clang-vendor-feature=+disableNonDependentMemberExprInCurrentInstantiation -fno-odr-hash-protocols -mllvm -disable-aligned-alloc-awareness=1 -o /Users/viraltaco/Desktop/projects/Exercism/cpp/nucleotide-count/build/CMakeFiles/CMakeTmp/CMAKE_TRY_COMPILE.build/Debug/cmTC_b598a.build/Objects-normal/x86_64/CMakeCXXCompilerABI.o -x c++ /usr/local/Cellar/cmake/3.20.1/share/cmake/Modules/CMakeCXXCompilerABI.cpp
clang -cc1 version 12.0.5 (clang-1205.0.22.9) default target x86_64-apple-darwin20.4.0
ignoring nonexistent directory "/Users/viraltaco/Desktop/projects/Exercism/cpp/nucleotide-count/build/CMakeFiles/CMakeTmp/Debug/include"
ignoring nonexistent directory "/Users/viraltaco/Desktop/projects/Exercism/cpp/nucleotide-count/build/CMakeFiles/CMakeTmp/CMAKE_TRY_COMPILE.build/Debug/cmTC_b598a.build/DerivedSources-normal/x86_64"
ignoring nonexistent directory "/Users/viraltaco/Desktop/projects/Exercism/cpp/nucleotide-count/build/CMakeFiles/CMakeTmp/CMAKE_TRY_COMPILE.build/Debug/cmTC_b598a.build/DerivedSources/x86_64"
ignoring nonexistent directory "/Users/viraltaco/Desktop/projects/Exercism/cpp/nucleotide-count/build/CMakeFiles/CMakeTmp/CMAKE_TRY_COMPILE.build/Debug/cmTC_b598a.build/DerivedSources"
ignoring nonexistent directory "/Applications/Xcode.app/Contents/Developer/Platforms/MacOSX.platform/Developer/SDKs/MacOSX11.3.sdk/usr/local/include"
ignoring nonexistent directory "/Applications/Xcode.app/Contents/Developer/Platforms/MacOSX.platform/Developer/SDKs/MacOSX11.3.sdk/Library/Frameworks"
#include "..." search starts here:
#include <...> search starts here:
 /Users/viraltaco/Desktop/projects/Exercism/cpp/nucleotide-count/build/CMakeFiles/CMakeTmp/Debug (framework directory)
 /Applications/Xcode.app/Contents/Developer/Platforms/MacOSX.platform/Developer/SDKs/MacOSX11.3.sdk/usr/include/c++/v1
 /Applications/Xcode.app/Contents/Developer/Toolchains/XcodeDefault.xctoolchain/usr/lib/clang/12.0.5/include
 /Applications/Xcode.app/Contents/Developer/Platforms/MacOSX.platform/Developer/SDKs/MacOSX11.3.sdk/usr/include
 /Applications/Xcode.app/Contents/Developer/Toolchains/XcodeDefault.xctoolchain/usr/include
 /Applications/Xcode.app/Contents/Developer/Platforms/MacOSX.platform/Developer/SDKs/MacOSX11.3.sdk/System/Library/Frameworks (framework directory)
End of search list.

WriteAuxiliaryFile /Users/viraltaco/Desktop/projects/Exercism/cpp/nucleotide-count/build/CMakeFiles/CMakeTmp/CMAKE_TRY_COMPILE.build/Debug/cmTC_b598a.build/Objects-normal/x86_64/cmTC_b598a.LinkFileList (in target 'cmTC_b598a' from project 'CMAKE_TRY_COMPILE')
    cd /Users/viraltaco/Desktop/projects/Exercism/cpp/nucleotide-count/build/CMakeFiles/CMakeTmp
    write-file /Users/viraltaco/Desktop/projects/Exercism/cpp/nucleotide-count/build/CMakeFiles/CMakeTmp/CMAKE_TRY_COMPILE.build/Debug/cmTC_b598a.build/Objects-normal/x86_64/cmTC_b598a.LinkFileList

Ld /Users/viraltaco/Desktop/projects/Exercism/cpp/nucleotide-count/build/CMakeFiles/CMakeTmp/Debug/cmTC_b598a normal (in target 'cmTC_b598a' from project 'CMAKE_TRY_COMPILE')
    cd /Users/viraltaco/Desktop/projects/Exercism/cpp/nucleotide-count/build/CMakeFiles/CMakeTmp
    /Applications/Xcode.app/Contents/Developer/Toolchains/XcodeDefault.xctoolchain/usr/bin/clang++ -target x86_64-apple-macos11.3 -isysroot /Applications/Xcode.app/Contents/Developer/Platforms/MacOSX.platform/Developer/SDKs/MacOSX11.3.sdk -L/Users/viraltaco/Desktop/projects/Exercism/cpp/nucleotide-count/build/CMakeFiles/CMakeTmp/Debug -F/Users/viraltaco/Desktop/projects/Exercism/cpp/nucleotide-count/build/CMakeFiles/CMakeTmp/Debug -filelist /Users/viraltaco/Desktop/projects/Exercism/cpp/nucleotide-count/build/CMakeFiles/CMakeTmp/CMAKE_TRY_COMPILE.build/Debug/cmTC_b598a.build/Objects-normal/x86_64/cmTC_b598a.LinkFileList -Xlinker -object_path_lto -Xlinker /Users/viraltaco/Desktop/projects/Exercism/cpp/nucleotide-count/build/CMakeFiles/CMakeTmp/CMAKE_TRY_COMPILE.build/Debug/cmTC_b598a.build/Objects-normal/x86_64/cmTC_b598a_lto.o -Xlinker -no_deduplicate -L/usr/local/opt/openssl@1.1/lib -v -Wl,-v -Wl,-search_paths_first -Wl,-headerpad_max_install_names -Xlinker -dependency_info -Xlinker /Users/viraltaco/Desktop/projects/Exercism/cpp/nucleotide-count/build/CMakeFiles/CMakeTmp/CMAKE_TRY_COMPILE.build/Debug/cmTC_b598a.build/Objects-normal/x86_64/cmTC_b598a_dependency_info.dat -o /Users/viraltaco/Desktop/projects/Exercism/cpp/nucleotide-count/build/CMakeFiles/CMakeTmp/Debug/cmTC_b598a
Apple clang version 12.0.5 (clang-1205.0.22.9)
Target: x86_64-apple-macos11.3
Thread model: posix
InstalledDir: /Applications/Xcode.app/Contents/Developer/Toolchains/XcodeDefault.xctoolchain/usr/bin
 "/Applications/Xcode.app/Contents/Developer/Toolchains/XcodeDefault.xctoolchain/usr/bin/ld" -demangle -lto_library /Applications/Xcode.app/Contents/Developer/Toolchains/XcodeDefault.xctoolchain/usr/lib/libLTO.dylib -dynamic -arch x86_64 -platform_version macos 11.3.0 11.3 -syslibroot /Applications/Xcode.app/Contents/Developer/Platforms/MacOSX.platform/Developer/SDKs/MacOSX11.3.sdk -o /Users/viraltaco/Desktop/projects/Exercism/cpp/nucleotide-count/build/CMakeFiles/CMakeTmp/Debug/cmTC_b598a -L/Users/viraltaco/Desktop/projects/Exercism/cpp/nucleotide-count/build/CMakeFiles/CMakeTmp/Debug -L/usr/local/opt/openssl@1.1/lib -filelist /Users/viraltaco/Desktop/projects/Exercism/cpp/nucleotide-count/build/CMakeFiles/CMakeTmp/CMAKE_TRY_COMPILE.build/Debug/cmTC_b598a.build/Objects-normal/x86_64/cmTC_b598a.LinkFileList -object_path_lto /Users/viraltaco/Desktop/projects/Exercism/cpp/nucleotide-count/build/CMakeFiles/CMakeTmp/CMAKE_TRY_COMPILE.build/Debug/cmTC_b598a.build/Objects-normal/x86_64/cmTC_b598a_lto.o -no_deduplicate -v -search_paths_first -headerpad_max_install_names -dependency_info /Users/viraltaco/Desktop/projects/Exercism/cpp/nucleotide-count/build/CMakeFiles/CMakeTmp/CMAKE_TRY_COMPILE.build/Debug/cmTC_b598a.build/Objects-normal/x86_64/cmTC_b598a_dependency_info.dat -lc++ -lSystem /Applications/Xcode.app/Contents/Developer/Toolchains/XcodeDefault.xctoolchain/usr/lib/clang/12.0.5/lib/darwin/libclang_rt.osx.a -F/Users/viraltaco/Desktop/projects/Exercism/cpp/nucleotide-count/build/CMakeFiles/CMakeTmp/Debug
@(#)PROGRAM:ld  PROJECT:ld64-650.9
BUILD 00:19:30 Mar 17 2021
configured to support archs: armv6 armv7 armv7s arm64 arm64e arm64_32 i386 x86_64 x86_64h armv6m armv7k armv7m armv7em
Library search paths:
	/Users/viraltaco/Desktop/projects/Exercism/cpp/nucleotide-count/build/CMakeFiles/CMakeTmp/Debug
	/usr/local/opt/openssl@1.1/lib
	/Applications/Xcode.app/Contents/Developer/Platforms/MacOSX.platform/Developer/SDKs/MacOSX11.3.sdk/usr/lib
Framework search paths:
	/Users/viraltaco/Desktop/projects/Exercism/cpp/nucleotide-count/build/CMakeFiles/CMakeTmp/Debug
	/Applications/Xcode.app/Contents/Developer/Platforms/MacOSX.platform/Developer/SDKs/MacOSX11.3.sdk/System/Library/Frameworks/

RegisterExecutionPolicyException /Users/viraltaco/Desktop/projects/Exercism/cpp/nucleotide-count/build/CMakeFiles/CMakeTmp/Debug/cmTC_b598a (in target 'cmTC_b598a' from project 'CMAKE_TRY_COMPILE')
    cd /Users/viraltaco/Desktop/projects/Exercism/cpp/nucleotide-count/build/CMakeFiles/CMakeTmp
    builtin-RegisterExecutionPolicyException /Users/viraltaco/Desktop/projects/Exercism/cpp/nucleotide-count/build/CMakeFiles/CMakeTmp/Debug/cmTC_b598a

** BUILD SUCCEEDED **




Parsed CXX implicit include dir info from above output: rv=done
  found start of include info
  found start of implicit include info
    add: [/Applications/Xcode.app/Contents/Developer/Platforms/MacOSX.platform/Developer/SDKs/MacOSX11.3.sdk/usr/include/c++/v1]
    add: [/Applications/Xcode.app/Contents/Developer/Toolchains/XcodeDefault.xctoolchain/usr/lib/clang/12.0.5/include]
    add: [/Applications/Xcode.app/Contents/Developer/Platforms/MacOSX.platform/Developer/SDKs/MacOSX11.3.sdk/usr/include]
    add: [/Applications/Xcode.app/Contents/Developer/Toolchains/XcodeDefault.xctoolchain/usr/include]
  end of search list found
  collapse include dir [/Applications/Xcode.app/Contents/Developer/Platforms/MacOSX.platform/Developer/SDKs/MacOSX11.3.sdk/usr/include/c++/v1] ==> [/Applications/Xcode.app/Contents/Developer/Platforms/MacOSX.platform/Developer/SDKs/MacOSX11.3.sdk/usr/include/c++/v1]
  collapse include dir [/Applications/Xcode.app/Contents/Developer/Toolchains/XcodeDefault.xctoolchain/usr/lib/clang/12.0.5/include] ==> [/Applications/Xcode.app/Contents/Developer/Toolchains/XcodeDefault.xctoolchain/usr/lib/clang/12.0.5/include]
  collapse include dir [/Applications/Xcode.app/Contents/Developer/Platforms/MacOSX.platform/Developer/SDKs/MacOSX11.3.sdk/usr/include] ==> [/Applications/Xcode.app/Contents/Developer/Platforms/MacOSX.platform/Developer/SDKs/MacOSX11.3.sdk/usr/include]
  collapse include dir [/Applications/Xcode.app/Contents/Developer/Toolchains/XcodeDefault.xctoolchain/usr/include] ==> [/Applications/Xcode.app/Contents/Developer/Toolchains/XcodeDefault.xctoolchain/usr/include]
  implicit include dirs: [/Applications/Xcode.app/Contents/Developer/Platforms/MacOSX.platform/Developer/SDKs/MacOSX11.3.sdk/usr/include/c++/v1;/Applications/Xcode.app/Contents/Developer/Toolchains/XcodeDefault.xctoolchain/usr/lib/clang/12.0.5/include;/Applications/Xcode.app/Contents/Developer/Platforms/MacOSX.platform/Developer/SDKs/MacOSX11.3.sdk/usr/include;/Applications/Xcode.app/Contents/Developer/Toolchains/XcodeDefault.xctoolchain/usr/include]


Parsed CXX implicit link information from above output:
  link line regex: [^( *|.*[/\])(ld|CMAKE_LINK_STARTFILE-NOTFOUND|([^/\]+-)?ld|collect2)[^/\]*( |$)]
  ignore line: [Change Dir: /Users/viraltaco/Desktop/projects/Exercism/cpp/nucleotide-count/build/CMakeFiles/CMakeTmp]
  ignore line: []
  ignore line: [Run Build Command(s):/usr/bin/xcodebuild -project CMAKE_TRY_COMPILE.xcodeproj build -target cmTC_b598a -parallelizeTargets -configuration Debug -hideShellScriptEnvironment && Command line invocation:]
  ignore line: [    /Applications/Xcode.app/Contents/Developer/usr/bin/xcodebuild -project CMAKE_TRY_COMPILE.xcodeproj build -target cmTC_b598a -parallelizeTargets -configuration Debug -hideShellScriptEnvironment]
  ignore line: []
  ignore line: [User defaults from command line:]
  ignore line: [    HideShellScriptEnvironment = YES]
  ignore line: [    IDEPackageSupportUseBuiltinSCM = YES]
  ignore line: []
  ignore line: [2021-04-29 19:40:47.203 xcodebuild[4472:56210]  DVTErrorPresenter: Unable to load simulator devices.]
  ignore line: [Domain: DVTCoreSimulatorAdditionsErrorDomain]
  ignore line: [Code: 3]
  ignore line: [Failure Reason: The version of the CoreSimulator framework installed on this Mac is out-of-date and not supported by this version of Xcode.]
  ignore line: [Recovery Suggestion: Please ensure that you have installed all available updates to your Mac's software  and that you are running the most recent version of Xcode supported by macOS.]
  ignore line: [--]
  ignore line: [CoreSimulator is out of date. Current version (732.18.6) is older than build version (757.5.0).]
  ignore line: [Domain: DVTCoreSimulatorAdditionsErrorDomain]
  ignore line: [Code: 3]
  ignore line: [--]
  ignore line: [2021-04-29 19:40:47.203 xcodebuild[4472:56210]  iOSSimulator: [SimServiceContext sharedServiceContextForDeveloperDir:error:] returned nil (Error Domain=DVTCoreSimulatorAdditionsErrorDomain Code=3 "CoreSimulator is out of date. Current version (732.18.6) is older than build version (757.5.0)." UserInfo={NSLocalizedDescription=CoreSimulator is out of date. Current version (732.18.6) is older than build version (757.5.0).}). Simulator device support disabled.]
  ignore line: [note: Using new build system]
  ignore line: [note: Building targets in parallel]
  ignore line: [note: Planning build]
  ignore line: [note: Analyzing workspace]
  ignore line: [note: Constructing build description]
  ignore line: [note: Build preparation complete]
  ignore line: [CreateBuildDirectory /Users/viraltaco/Desktop/projects/Exercism/cpp/nucleotide-count/build/CMakeFiles/CMakeTmp]
  ignore line: [    cd /Users/viraltaco/Desktop/projects/Exercism/cpp/nucleotide-count/build/CMakeFiles/CMakeTmp/CMAKE_TRY_COMPILE.xcodeproj]
  ignore line: [    builtin-create-build-directory /Users/viraltaco/Desktop/projects/Exercism/cpp/nucleotide-count/build/CMakeFiles/CMakeTmp]
  ignore line: []
  ignore line: [CreateBuildDirectory /Users/viraltaco/Desktop/projects/Exercism/cpp/nucleotide-count/build/CMakeFiles/CMakeTmp/Debug]
  ignore line: [    cd /Users/viraltaco/Desktop/projects/Exercism/cpp/nucleotide-count/build/CMakeFiles/CMakeTmp/CMAKE_TRY_COMPILE.xcodeproj]
  ignore line: [    builtin-create-build-directory /Users/viraltaco/Desktop/projects/Exercism/cpp/nucleotide-count/build/CMakeFiles/CMakeTmp/Debug]
  ignore line: []
  ignore line: [CompileC /Users/viraltaco/Desktop/projects/Exercism/cpp/nucleotide-count/build/CMakeFiles/CMakeTmp/CMAKE_TRY_COMPILE.build/Debug/cmTC_b598a.build/Objects-normal/x86_64/CMakeCXXCompilerABI.o /usr/local/Cellar/cmake/3.20.1/share/cmake/Modules/CMakeCXXCompilerABI.cpp normal x86_64 c++ com.apple.compilers.llvm.clang.1_0.compiler (in target 'cmTC_b598a' from project 'CMAKE_TRY_COMPILE')]
  ignore line: [    cd /Users/viraltaco/Desktop/projects/Exercism/cpp/nucleotide-count/build/CMakeFiles/CMakeTmp]
  ignore line: [    /Applications/Xcode.app/Contents/Developer/Toolchains/XcodeDefault.xctoolchain/usr/bin/clang -x c++ -target x86_64-apple-macos11.3 -fmessage-length\=0 -fdiagnostics-show-note-include-stack -fmacro-backtrace-limit\=0 -Wno-trigraphs -fpascal-strings -O0 -Wno-missing-field-initializers -Wno-missing-prototypes -Wno-return-type -Wno-non-virtual-dtor -Wno-overloaded-virtual -Wno-exit-time-destructors -Wno-missing-braces -Wparentheses -Wswitch -Wno-unused-function -Wno-unused-label -Wno-unused-parameter -Wno-unused-variable -Wunused-value -Wno-empty-body -Wno-uninitialized -Wno-unknown-pragmas -Wno-shadow -Wno-four-char-constants -Wno-conversion -Wno-constant-conversion -Wno-int-conversion -Wno-bool-conversion -Wno-enum-conversion -Wno-float-conversion -Wno-non-literal-null-conversion -Wno-objc-literal-conversion -Wno-shorten-64-to-32 -Wno-newline-eof -Wno-c++11-extensions -DCMAKE_INTDIR\=\"Debug\" -isysroot /Applications/Xcode.app/Contents/Developer/Platforms/MacOSX.platform/Developer/SDKs/MacOSX11.3.sdk -fasm-blocks -fstrict-aliasing -Wdeprecated-declarations -Winvalid-offsetof -g -Wno-sign-conversion -Wno-infinite-recursion -Wno-move -Wno-comma -Wno-block-capture-autoreleasing -Wno-strict-prototypes -Wno-range-loop-analysis -Wno-semicolon-before-method-body -I/Users/viraltaco/Desktop/projects/Exercism/cpp/nucleotide-count/build/CMakeFiles/CMakeTmp/Debug/include -I/Users/viraltaco/Desktop/projects/Exercism/cpp/nucleotide-count/build/CMakeFiles/CMakeTmp/CMAKE_TRY_COMPILE.build/Debug/cmTC_b598a.build/DerivedSources-normal/x86_64 -I/Users/viraltaco/Desktop/projects/Exercism/cpp/nucleotide-count/build/CMakeFiles/CMakeTmp/CMAKE_TRY_COMPILE.build/Debug/cmTC_b598a.build/DerivedSources/x86_64 -I/Users/viraltaco/Desktop/projects/Exercism/cpp/nucleotide-count/build/CMakeFiles/CMakeTmp/CMAKE_TRY_COMPILE.build/Debug/cmTC_b598a.build/DerivedSources -F/Users/viraltaco/Desktop/projects/Exercism/cpp/nucleotide-count/build/CMakeFiles/CMakeTmp/Debug -v -Wl -v -MMD -MT dependencies -MF /Users/viraltaco/Desktop/projects/Exercism/cpp/nucleotide-count/build/CMakeFiles/CMakeTmp/CMAKE_TRY_COMPILE.build/Debug/cmTC_b598a.build/Objects-normal/x86_64/CMakeCXXCompilerABI.d --serialize-diagnostics /Users/viraltaco/Desktop/projects/Exercism/cpp/nucleotide-count/build/CMakeFiles/CMakeTmp/CMAKE_TRY_COMPILE.build/Debug/cmTC_b598a.build/Objects-normal/x86_64/CMakeCXXCompilerABI.dia -c /usr/local/Cellar/cmake/3.20.1/share/cmake/Modules/CMakeCXXCompilerABI.cpp -o /Users/viraltaco/Desktop/projects/Exercism/cpp/nucleotide-count/build/CMakeFiles/CMakeTmp/CMAKE_TRY_COMPILE.build/Debug/cmTC_b598a.build/Objects-normal/x86_64/CMakeCXXCompilerABI.o]
  ignore line: [Apple clang version 12.0.5 (clang-1205.0.22.9)]
  ignore line: [Target: x86_64-apple-macos11.3]
  ignore line: [Thread model: posix]
  ignore line: [InstalledDir: /Applications/Xcode.app/Contents/Developer/Toolchains/XcodeDefault.xctoolchain/usr/bin]
  ignore line: [clang: warning: -Wl -v: 'linker' input unused [-Wunused-command-line-argument]]
  ignore line: [ "/Applications/Xcode.app/Contents/Developer/Toolchains/XcodeDefault.xctoolchain/usr/bin/clang" -cc1 -triple x86_64-apple-macosx11.3.0 -Wdeprecated-objc-isa-usage -Werror=deprecated-objc-isa-usage -Werror=implicit-function-declaration -emit-obj -mrelax-all -disable-free -disable-llvm-verifier -discard-value-names -main-file-name CMakeCXXCompilerABI.cpp -mrelocation-model pic -pic-level 2 -mframe-pointer=all -fno-strict-return -fno-rounding-math -munwind-tables -target-sdk-version=11.3 -fvisibility-inlines-hidden-static-local-var -target-cpu penryn -debug-info-kind=standalone -dwarf-version=4 -debugger-tuning=lldb -target-linker-version 650.9 -v -resource-dir /Applications/Xcode.app/Contents/Developer/Toolchains/XcodeDefault.xctoolchain/usr/lib/clang/12.0.5 -dependency-file /Users/viraltaco/Desktop/projects/Exercism/cpp/nucleotide-count/build/CMakeFiles/CMakeTmp/CMAKE_TRY_COMPILE.build/Debug/cmTC_b598a.build/Objects-normal/x86_64/CMakeCXXCompilerABI.d -skip-unused-modulemap-deps -MT dependencies -isysroot /Applications/Xcode.app/Contents/Developer/Platforms/MacOSX.platform/Developer/SDKs/MacOSX11.3.sdk -D "CMAKE_INTDIR=\"Debug\"" -I /Users/viraltaco/Desktop/projects/Exercism/cpp/nucleotide-count/build/CMakeFiles/CMakeTmp/Debug/include -I /Users/viraltaco/Desktop/projects/Exercism/cpp/nucleotide-count/build/CMakeFiles/CMakeTmp/CMAKE_TRY_COMPILE.build/Debug/cmTC_b598a.build/DerivedSources-normal/x86_64 -I /Users/viraltaco/Desktop/projects/Exercism/cpp/nucleotide-count/build/CMakeFiles/CMakeTmp/CMAKE_TRY_COMPILE.build/Debug/cmTC_b598a.build/DerivedSources/x86_64 -I /Users/viraltaco/Desktop/projects/Exercism/cpp/nucleotide-count/build/CMakeFiles/CMakeTmp/CMAKE_TRY_COMPILE.build/Debug/cmTC_b598a.build/DerivedSources -F/Users/viraltaco/Desktop/projects/Exercism/cpp/nucleotide-count/build/CMakeFiles/CMakeTmp/Debug -stdlib=libc++ -internal-isystem /Applications/Xcode.app/Contents/Developer/Platforms/MacOSX.platform/Developer/SDKs/MacOSX11.3.sdk/usr/include/c++/v1 -internal-isystem /Applications/Xcode.app/Contents/Developer/Platforms/MacOSX.platform/Developer/SDKs/MacOSX11.3.sdk/usr/local/include -internal-isystem /Applications/Xcode.app/Contents/Developer/Toolchains/XcodeDefault.xctoolchain/usr/lib/clang/12.0.5/include -internal-externc-isystem /Applications/Xcode.app/Contents/Developer/Platforms/MacOSX.platform/Developer/SDKs/MacOSX11.3.sdk/usr/include -internal-externc-isystem /Applications/Xcode.app/Contents/Developer/Toolchains/XcodeDefault.xctoolchain/usr/include -O0 -Wno-trigraphs -Wno-missing-field-initializers -Wno-missing-prototypes -Wno-return-type -Wno-non-virtual-dtor -Wno-overloaded-virtual -Wno-exit-time-destructors -Wno-missing-braces -Wparentheses -Wswitch -Wno-unused-function -Wno-unused-label -Wno-unused-parameter -Wno-unused-variable -Wunused-value -Wno-empty-body -Wno-uninitialized -Wno-unknown-pragmas -Wno-shadow -Wno-four-char-constants -Wno-conversion -Wno-constant-conversion -Wno-int-conversion -Wno-bool-conversion -Wno-enum-conversion -Wno-float-conversion -Wno-non-literal-null-conversion -Wno-objc-literal-conversion -Wno-shorten-64-to-32 -Wno-newline-eof -Wno-c++11-extensions -Wdeprecated-declarations -Winvalid-offsetof -Wno-sign-conversion -Wno-infinite-recursion -Wno-move -Wno-comma -Wno-block-capture-autoreleasing -Wno-strict-prototypes -Wno-range-loop-analysis -Wno-semicolon-before-method-body -Wno-reorder-init-list -Wno-implicit-int-float-conversion -Wno-c99-designator -Wno-final-dtor-non-final-class -Wno-extra-semi-stmt -Wno-misleading-indentation -Wno-quoted-include-in-framework-header -Wno-implicit-fallthrough -Wno-enum-enum-conversion -Wno-enum-float-conversion -Wno-elaborated-enum-base -fdeprecated-macro -fdebug-compilation-dir /Users/viraltaco/Desktop/projects/Exercism/cpp/nucleotide-count/build/CMakeFiles/CMakeTmp -ferror-limit 19 -fmacro-backtrace-limit 0 -stack-protector 1 -fstack-check -mdarwin-stkchk-strong-link -fblocks -fencode-extended-block-signature -fregister-global-dtors-with-atexit -fgnuc-version=4.2.1 -fcxx-exceptions -fexceptions -fpascal-strings -fmax-type-align=16 -fcommon -fdiagnostics-show-note-include-stack -fasm-blocks -serialize-diagnostic-file /Users/viraltaco/Desktop/projects/Exercism/cpp/nucleotide-count/build/CMakeFiles/CMakeTmp/CMAKE_TRY_COMPILE.build/Debug/cmTC_b598a.build/Objects-normal/x86_64/CMakeCXXCompilerABI.dia -clang-vendor-feature=+disableNonDependentMemberExprInCurrentInstantiation -fno-odr-hash-protocols -mllvm -disable-aligned-alloc-awareness=1 -o /Users/viraltaco/Desktop/projects/Exercism/cpp/nucleotide-count/build/CMakeFiles/CMakeTmp/CMAKE_TRY_COMPILE.build/Debug/cmTC_b598a.build/Objects-normal/x86_64/CMakeCXXCompilerABI.o -x c++ /usr/local/Cellar/cmake/3.20.1/share/cmake/Modules/CMakeCXXCompilerABI.cpp]
  ignore line: [clang -cc1 version 12.0.5 (clang-1205.0.22.9) default target x86_64-apple-darwin20.4.0]
  ignore line: [ignoring nonexistent directory "/Users/viraltaco/Desktop/projects/Exercism/cpp/nucleotide-count/build/CMakeFiles/CMakeTmp/Debug/include"]
  ignore line: [ignoring nonexistent directory "/Users/viraltaco/Desktop/projects/Exercism/cpp/nucleotide-count/build/CMakeFiles/CMakeTmp/CMAKE_TRY_COMPILE.build/Debug/cmTC_b598a.build/DerivedSources-normal/x86_64"]
  ignore line: [ignoring nonexistent directory "/Users/viraltaco/Desktop/projects/Exercism/cpp/nucleotide-count/build/CMakeFiles/CMakeTmp/CMAKE_TRY_COMPILE.build/Debug/cmTC_b598a.build/DerivedSources/x86_64"]
  ignore line: [ignoring nonexistent directory "/Users/viraltaco/Desktop/projects/Exercism/cpp/nucleotide-count/build/CMakeFiles/CMakeTmp/CMAKE_TRY_COMPILE.build/Debug/cmTC_b598a.build/DerivedSources"]
  ignore line: [ignoring nonexistent directory "/Applications/Xcode.app/Contents/Developer/Platforms/MacOSX.platform/Developer/SDKs/MacOSX11.3.sdk/usr/local/include"]
  ignore line: [ignoring nonexistent directory "/Applications/Xcode.app/Contents/Developer/Platforms/MacOSX.platform/Developer/SDKs/MacOSX11.3.sdk/Library/Frameworks"]
  ignore line: [#include "..." search starts here:]
  ignore line: [#include <...> search starts here:]
  ignore line: [ /Users/viraltaco/Desktop/projects/Exercism/cpp/nucleotide-count/build/CMakeFiles/CMakeTmp/Debug (framework directory)]
  ignore line: [ /Applications/Xcode.app/Contents/Developer/Platforms/MacOSX.platform/Developer/SDKs/MacOSX11.3.sdk/usr/include/c++/v1]
  ignore line: [ /Applications/Xcode.app/Contents/Developer/Toolchains/XcodeDefault.xctoolchain/usr/lib/clang/12.0.5/include]
  ignore line: [ /Applications/Xcode.app/Contents/Developer/Platforms/MacOSX.platform/Developer/SDKs/MacOSX11.3.sdk/usr/include]
  ignore line: [ /Applications/Xcode.app/Contents/Developer/Toolchains/XcodeDefault.xctoolchain/usr/include]
  ignore line: [ /Applications/Xcode.app/Contents/Developer/Platforms/MacOSX.platform/Developer/SDKs/MacOSX11.3.sdk/System/Library/Frameworks (framework directory)]
  ignore line: [End of search list.]
  ignore line: []
  ignore line: [WriteAuxiliaryFile /Users/viraltaco/Desktop/projects/Exercism/cpp/nucleotide-count/build/CMakeFiles/CMakeTmp/CMAKE_TRY_COMPILE.build/Debug/cmTC_b598a.build/Objects-normal/x86_64/cmTC_b598a.LinkFileList (in target 'cmTC_b598a' from project 'CMAKE_TRY_COMPILE')]
  ignore line: [    cd /Users/viraltaco/Desktop/projects/Exercism/cpp/nucleotide-count/build/CMakeFiles/CMakeTmp]
  ignore line: [    write-file /Users/viraltaco/Desktop/projects/Exercism/cpp/nucleotide-count/build/CMakeFiles/CMakeTmp/CMAKE_TRY_COMPILE.build/Debug/cmTC_b598a.build/Objects-normal/x86_64/cmTC_b598a.LinkFileList]
  ignore line: []
  ignore line: [Ld /Users/viraltaco/Desktop/projects/Exercism/cpp/nucleotide-count/build/CMakeFiles/CMakeTmp/Debug/cmTC_b598a normal (in target 'cmTC_b598a' from project 'CMAKE_TRY_COMPILE')]
  ignore line: [    cd /Users/viraltaco/Desktop/projects/Exercism/cpp/nucleotide-count/build/CMakeFiles/CMakeTmp]
  ignore line: [    /Applications/Xcode.app/Contents/Developer/Toolchains/XcodeDefault.xctoolchain/usr/bin/clang++ -target x86_64-apple-macos11.3 -isysroot /Applications/Xcode.app/Contents/Developer/Platforms/MacOSX.platform/Developer/SDKs/MacOSX11.3.sdk -L/Users/viraltaco/Desktop/projects/Exercism/cpp/nucleotide-count/build/CMakeFiles/CMakeTmp/Debug -F/Users/viraltaco/Desktop/projects/Exercism/cpp/nucleotide-count/build/CMakeFiles/CMakeTmp/Debug -filelist /Users/viraltaco/Desktop/projects/Exercism/cpp/nucleotide-count/build/CMakeFiles/CMakeTmp/CMAKE_TRY_COMPILE.build/Debug/cmTC_b598a.build/Objects-normal/x86_64/cmTC_b598a.LinkFileList -Xlinker -object_path_lto -Xlinker /Users/viraltaco/Desktop/projects/Exercism/cpp/nucleotide-count/build/CMakeFiles/CMakeTmp/CMAKE_TRY_COMPILE.build/Debug/cmTC_b598a.build/Objects-normal/x86_64/cmTC_b598a_lto.o -Xlinker -no_deduplicate -L/usr/local/opt/openssl@1.1/lib -v -Wl -v -Wl -search_paths_first -Wl -headerpad_max_install_names -Xlinker -dependency_info -Xlinker /Users/viraltaco/Desktop/projects/Exercism/cpp/nucleotide-count/build/CMakeFiles/CMakeTmp/CMAKE_TRY_COMPILE.build/Debug/cmTC_b598a.build/Objects-normal/x86_64/cmTC_b598a_dependency_info.dat -o /Users/viraltaco/Desktop/projects/Exercism/cpp/nucleotide-count/build/CMakeFiles/CMakeTmp/Debug/cmTC_b598a]
  ignore line: [Apple clang version 12.0.5 (clang-1205.0.22.9)]
  ignore line: [Target: x86_64-apple-macos11.3]
  ignore line: [Thread model: posix]
  ignore line: [InstalledDir: /Applications/Xcode.app/Contents/Developer/Toolchains/XcodeDefault.xctoolchain/usr/bin]
  reduced line: [ "/Applications/Xcode.app/Contents/Developer/Toolchains/XcodeDefault.xctoolchain/usr/bin/ld" -demangle -lto_library /Applications/Xcode.app/Contents/Developer/Toolchains/XcodeDefault.xctoolchain/usr/lib/libLTO.dylib -dynamic -arch x86_64 -platform_version macos 11.3.0 11.3 -syslibroot /Applications/Xcode.app/Contents/Developer/Platforms/MacOSX.platform/Developer/SDKs/MacOSX11.3.sdk -o /Users/viraltaco/Desktop/projects/Exercism/cpp/nucleotide-count/build/CMakeFiles/CMakeTmp/Debug/cmTC_b598a -L/Users/viraltaco/Desktop/projects/Exercism/cpp/nucleotide-count/build/CMakeFiles/CMakeTmp/Debug -L/usr/local/opt/openssl@1.1/lib -filelist /Users/viraltaco/Desktop/projects/Exercism/cpp/nucleotide-count/build/CMakeFiles/CMakeTmp/CMAKE_TRY_COMPILE.build/Debug/cmTC_b598a.build/Objects-normal/x86_64/cmTC_b598a.LinkFileList -object_path_lto /Users/viraltaco/Desktop/projects/Exercism/cpp/nucleotide-count/build/CMakeFiles/CMakeTmp/CMAKE_TRY_COMPILE.build/Debug/cmTC_b598a.build/Objects-normal/x86_64/cmTC_b598a_lto.o -no_deduplicate -v -search_paths_first -headerpad_max_install_names -dependency_info /Users/viraltaco/Desktop/projects/Exercism/cpp/nucleotide-count/build/CMakeFiles/CMakeTmp/CMAKE_TRY_COMPILE.build/Debug/cmTC_b598a.build/Objects-normal/x86_64/cmTC_b598a_dependency_info.dat -lc++ -lSystem /Applications/Xcode.app/Contents/Developer/Toolchains/XcodeDefault.xctoolchain/usr/lib/clang/12.0.5/lib/darwin/libclang_rt.osx.a -F/Users/viraltaco/Desktop/projects/Exercism/cpp/nucleotide-count/build/CMakeFiles/CMakeTmp/Debug]
            to: [ "/Applications/Xcode.app/Contents/Developer/Toolchains/XcodeDefault.xctoolchain/usr/bin/ld" -demangle -lto_library /Applications/Xcode.app/Contents/Developer/Toolchains/XcodeDefault.xctoolchain/usr/lib/libLTO.dylib -dynamic -arch x86_64 -platform_version macos 11.3.0 11.3 -syslibroot /Applications/Xcode.app/Contents/Developer/Platforms/MacOSX.platform/Developer/SDKs/MacOSX11.3.sdk -o /Users/viraltaco/Desktop/projects/Exercism/cpp/nucleotide-count/build/CMakeFiles/CMakeTmp/Debug/cmTC_b598a -L/usr/local/opt/openssl@1.1/lib -filelist /Users/viraltaco/Desktop/projects/Exercism/cpp/nucleotide-count/build/CMakeFiles/CMakeTmp/CMAKE_TRY_COMPILE.build/Debug/cmTC_b598a.build/Objects-normal/x86_64/cmTC_b598a.LinkFileList -object_path_lto /Users/viraltaco/Desktop/projects/Exercism/cpp/nucleotide-count/build/CMakeFiles/CMakeTmp/CMAKE_TRY_COMPILE.build/Debug/cmTC_b598a.build/Objects-normal/x86_64/cmTC_b598a_lto.o -no_deduplicate -v -search_paths_first -headerpad_max_install_names -dependency_info /Users/viraltaco/Desktop/projects/Exercism/cpp/nucleotide-count/build/CMakeFiles/CMakeTmp/CMAKE_TRY_COMPILE.build/Debug/cmTC_b598a.build/Objects-normal/x86_64/cmTC_b598a_dependency_info.dat -lc++ -lSystem /Applications/Xcode.app/Contents/Developer/Toolchains/XcodeDefault.xctoolchain/usr/lib/clang/12.0.5/lib/darwin/libclang_rt.osx.a ]
  link line: [ "/Applications/Xcode.app/Contents/Developer/Toolchains/XcodeDefault.xctoolchain/usr/bin/ld" -demangle -lto_library /Applications/Xcode.app/Contents/Developer/Toolchains/XcodeDefault.xctoolchain/usr/lib/libLTO.dylib -dynamic -arch x86_64 -platform_version macos 11.3.0 11.3 -syslibroot /Applications/Xcode.app/Contents/Developer/Platforms/MacOSX.platform/Developer/SDKs/MacOSX11.3.sdk -o /Users/viraltaco/Desktop/projects/Exercism/cpp/nucleotide-count/build/CMakeFiles/CMakeTmp/Debug/cmTC_b598a -L/usr/local/opt/openssl@1.1/lib -filelist /Users/viraltaco/Desktop/projects/Exercism/cpp/nucleotide-count/build/CMakeFiles/CMakeTmp/CMAKE_TRY_COMPILE.build/Debug/cmTC_b598a.build/Objects-normal/x86_64/cmTC_b598a.LinkFileList -object_path_lto /Users/viraltaco/Desktop/projects/Exercism/cpp/nucleotide-count/build/CMakeFiles/CMakeTmp/CMAKE_TRY_COMPILE.build/Debug/cmTC_b598a.build/Objects-normal/x86_64/cmTC_b598a_lto.o -no_deduplicate -v -search_paths_first -headerpad_max_install_names -dependency_info /Users/viraltaco/Desktop/projects/Exercism/cpp/nucleotide-count/build/CMakeFiles/CMakeTmp/CMAKE_TRY_COMPILE.build/Debug/cmTC_b598a.build/Objects-normal/x86_64/cmTC_b598a_dependency_info.dat -lc++ -lSystem /Applications/Xcode.app/Contents/Developer/Toolchains/XcodeDefault.xctoolchain/usr/lib/clang/12.0.5/lib/darwin/libclang_rt.osx.a ]
    arg [/Applications/Xcode.app/Contents/Developer/Toolchains/XcodeDefault.xctoolchain/usr/bin/ld] ==> ignore
    arg [-demangle] ==> ignore
    arg [-lto_library] ==> ignore, skip following value
    arg [/Applications/Xcode.app/Contents/Developer/Toolchains/XcodeDefault.xctoolchain/usr/lib/libLTO.dylib] ==> skip value of -lto_library
    arg [-dynamic] ==> ignore
    arg [-arch] ==> ignore
    arg [x86_64] ==> ignore
    arg [-platform_version] ==> ignore
    arg [macos] ==> ignore
    arg [11.3.0] ==> ignore
    arg [11.3] ==> ignore
    arg [-syslibroot] ==> ignore
    arg [/Applications/Xcode.app/Contents/Developer/Platforms/MacOSX.platform/Developer/SDKs/MacOSX11.3.sdk] ==> ignore
    arg [-o] ==> ignore
    arg [/Users/viraltaco/Desktop/projects/Exercism/cpp/nucleotide-count/build/CMakeFiles/CMakeTmp/Debug/cmTC_b598a] ==> ignore
    arg [-L/usr/local/opt/openssl@1.1/lib] ==> dir [/usr/local/opt/openssl@1.1/lib]
    arg [-filelist] ==> ignore
    arg [/Users/viraltaco/Desktop/projects/Exercism/cpp/nucleotide-count/build/CMakeFiles/CMakeTmp/CMAKE_TRY_COMPILE.build/Debug/cmTC_b598a.build/Objects-normal/x86_64/cmTC_b598a.LinkFileList] ==> ignore
    arg [-object_path_lto] ==> ignore
    arg [/Users/viraltaco/Desktop/projects/Exercism/cpp/nucleotide-count/build/CMakeFiles/CMakeTmp/CMAKE_TRY_COMPILE.build/Debug/cmTC_b598a.build/Objects-normal/x86_64/cmTC_b598a_lto.o] ==> obj [/Users/viraltaco/Desktop/projects/Exercism/cpp/nucleotide-count/build/CMakeFiles/CMakeTmp/CMAKE_TRY_COMPILE.build/Debug/cmTC_b598a.build/Objects-normal/x86_64/cmTC_b598a_lto.o]
    arg [-no_deduplicate] ==> ignore
    arg [-v] ==> ignore
    arg [-search_paths_first] ==> ignore
    arg [-headerpad_max_install_names] ==> ignore
    arg [-dependency_info] ==> ignore
    arg [/Users/viraltaco/Desktop/projects/Exercism/cpp/nucleotide-count/build/CMakeFiles/CMakeTmp/CMAKE_TRY_COMPILE.build/Debug/cmTC_b598a.build/Objects-normal/x86_64/cmTC_b598a_dependency_info.dat] ==> ignore
    arg [-lc++] ==> lib [c++]
    arg [-lSystem] ==> lib [System]
    arg [/Applications/Xcode.app/Contents/Developer/Toolchains/XcodeDefault.xctoolchain/usr/lib/clang/12.0.5/lib/darwin/libclang_rt.osx.a] ==> lib [/Applications/Xcode.app/Contents/Developer/Toolchains/XcodeDefault.xctoolchain/usr/lib/clang/12.0.5/lib/darwin/libclang_rt.osx.a]
  Library search paths: [;/Users/viraltaco/Desktop/projects/Exercism/cpp/nucleotide-count/build/CMakeFiles/CMakeTmp/Debug;/usr/local/opt/openssl@1.1/lib;/Applications/Xcode.app/Contents/Developer/Platforms/MacOSX.platform/Developer/SDKs/MacOSX11.3.sdk/usr/lib]
  Framework search paths: [;/Users/viraltaco/Desktop/projects/Exercism/cpp/nucleotide-count/build/CMakeFiles/CMakeTmp/Debug;/Applications/Xcode.app/Contents/Developer/Platforms/MacOSX.platform/Developer/SDKs/MacOSX11.3.sdk/System/Library/Frameworks/]
  remove lib [System]
  remove lib [/Applications/Xcode.app/Contents/Developer/Toolchains/XcodeDefault.xctoolchain/usr/lib/clang/12.0.5/lib/darwin/libclang_rt.osx.a]
  collapse library dir [/usr/local/opt/openssl@1.1/lib] ==> [/usr/local/opt/openssl@1.1/lib]
  collapse library dir [/Users/viraltaco/Desktop/projects/Exercism/cpp/nucleotide-count/build/CMakeFiles/CMakeTmp/Debug] ==> [/Users/viraltaco/Desktop/projects/Exercism/cpp/nucleotide-count/build/CMakeFiles/CMakeTmp/Debug], skipping non-system directory
  collapse library dir [/usr/local/opt/openssl@1.1/lib] ==> [/usr/local/opt/openssl@1.1/lib]
  collapse library dir [/Applications/Xcode.app/Contents/Developer/Platforms/MacOSX.platform/Developer/SDKs/MacOSX11.3.sdk/usr/lib] ==> [/Applications/Xcode.app/Contents/Developer/Platforms/MacOSX.platform/Developer/SDKs/MacOSX11.3.sdk/usr/lib]
  collapse framework dir [/Users/viraltaco/Desktop/projects/Exercism/cpp/nucleotide-count/build/CMakeFiles/CMakeTmp/Debug] ==> [/Users/viraltaco/Desktop/projects/Exercism/cpp/nucleotide-count/build/CMakeFiles/CMakeTmp/Debug], skipping non-system directory
  collapse framework dir [/Applications/Xcode.app/Contents/Developer/Platforms/MacOSX.platform/Developer/SDKs/MacOSX11.3.sdk/System/Library/Frameworks/] ==> [/Applications/Xcode.app/Contents/Developer/Platforms/MacOSX.platform/Developer/SDKs/MacOSX11.3.sdk/System/Library/Frameworks]
  implicit libs: [c++]
  implicit objs: [/Users/viraltaco/Desktop/projects/Exercism/cpp/nucleotide-count/build/CMakeFiles/CMakeTmp/CMAKE_TRY_COMPILE.build/Debug/cmTC_b598a.build/Objects-normal/x86_64/cmTC_b598a_lto.o]
  implicit dirs: [/usr/local/opt/openssl@1.1/lib;/Applications/Xcode.app/Contents/Developer/Platforms/MacOSX.platform/Developer/SDKs/MacOSX11.3.sdk/usr/lib]
  implicit fwks: [/Applications/Xcode.app/Contents/Developer/Platforms/MacOSX.platform/Developer/SDKs/MacOSX11.3.sdk/System/Library/Frameworks]


